<!DOCTYPE html PUBLIC "-//W3C//DTD XHTML 1.1//EN" "http://www.w3.org/TR/xhtml11/DTD/xhtml11.dtd">
<html xmlns="http://www.w3.org/1999/xhtml">
<head>
<title>TestNG:  Unit Test</title>
<style type="text/css">
table caption,table.info_table,table.result,table.passed,table.failed {margin-bottom:10px;border:1px solid #000099;border-collapse:collapse;empty-cells:show;}
table.info_table td,table.info_table th,table.result td,table.result th,table.passed td,table.passed th,table.failed td,table.failed th {
border:1px solid #000099;padding:.25em .5em .25em .5em
}
table.result th {vertical-align:bottom}
tr.param th {padding-left:1em;padding-right:1em}
tr.param td {padding-left:.5em;padding-right:2em}
td.numi,th.numi,td.numi_attn {
text-align:right
}
tr.total td {font-weight:bold}
table caption {
text-align:center;font-weight:bold;
}
table.passed tr.stripe td,table tr.passedodd td {background-color: #00AA00;}
table.passed td,table tr.passedeven td {background-color: #33FF33;}
table.passed tr.stripe td,table tr.skippedodd td {background-color: #cccccc;}
table.passed td,table tr.skippedodd td {background-color: #dddddd;}
table.failed tr.stripe td,table tr.failedodd td,table.result td.numi_attn {background-color: #FF3333;}
table.failed td,table tr.failedeven td,table.result tr.stripe td.numi_attn {background-color: #DD0000;}
tr.stripe td,tr.stripe th {background-color: #E6EBF9;}
p.totop {font-size:85%;text-align:center;border-bottom:2px black solid}
div.shootout {padding:2em;border:3px #4854A8 solid}
</style>
</head>
<body>
<table cellspacing="0" cellpadding="0" class="result">
<tr><th>Test</th><th class="numi">Methods<br/>Passed</th><th class="numi">Scenarios<br/>Passed</th><th class="numi"># skipped</th><th class="numi"># failed</th><th class="numi">Total<br/>Time</th><th class="numi">Included<br/>Groups</th><th class="numi">Excluded<br/>Groups</th></tr>
<tr><td style="text-align:left;padding-right:2em">Default test</td><td class="numi">0</td><td class="numi">0</td><td class="numi">0</td><td class="numi_attn">10</td><td class="numi">13.2 seconds</td><td class="numi"></td><td class="numi"></td></tr>
</table>
<table cellspacing="0" cellpadding="0" class="passed" id="summary">
<tr><th>Class</th><th>Method</th><th># of<br/>Scenarios</th><th>Start</th><th>Time<br/>(ms)</th></tr>
<tr><th colspan="4">Default test &#8212; failed</th></tr>
<tr class="failedodd"><td rowspan="10">emr.runner.EmrLoginTest</td><td><a href="#m1"><b>feature</b> (cucumber) ("Runs Cucumber Feature")</a></td><td class="numi">10</td><td>1586414347736</td><td class="numi">12515</td></tr><tr class="failedodd"><td><a href="#m2"><b>feature</b> (cucumber) ("Runs Cucumber Feature")</a></td><td class="numi">10</td><td>1586414347736</td><td class="numi">12515</td></tr><tr class="failedodd"><td><a href="#m3"><b>feature</b> (cucumber) ("Runs Cucumber Feature")</a></td><td class="numi">10</td><td>1586414347736</td><td class="numi">12515</td></tr><tr class="failedodd"><td><a href="#m4"><b>feature</b> (cucumber) ("Runs Cucumber Feature")</a></td><td class="numi">10</td><td>1586414347736</td><td class="numi">12515</td></tr><tr class="failedodd"><td><a href="#m5"><b>feature</b> (cucumber) ("Runs Cucumber Feature")</a></td><td class="numi">10</td><td>1586414347736</td><td class="numi">12515</td></tr><tr class="failedodd"><td><a href="#m6"><b>feature</b> (cucumber) ("Runs Cucumber Feature")</a></td><td class="numi">10</td><td>1586414347736</td><td class="numi">12515</td></tr><tr class="failedodd"><td><a href="#m7"><b>feature</b> (cucumber) ("Runs Cucumber Feature")</a></td><td class="numi">10</td><td>1586414347736</td><td class="numi">12515</td></tr><tr class="failedodd"><td><a href="#m8"><b>feature</b> (cucumber) ("Runs Cucumber Feature")</a></td><td class="numi">10</td><td>1586414347736</td><td class="numi">12515</td></tr><tr class="failedodd"><td><a href="#m9"><b>feature</b> (cucumber) ("Runs Cucumber Feature")</a></td><td class="numi">10</td><td>1586414347736</td><td class="numi">12515</td></tr><tr class="failedodd"><td><a href="#m10"><b>feature</b> (cucumber) ("Runs Cucumber Feature")</a></td><td class="numi">10</td><td>1586414347736</td><td class="numi">12515</td></tr>
</table>
<h1>Default test</h1>
<h2 id="m1">emr.runner.EmrLoginTest:feature</h2>
<table cellspacing="0" cellpadding="0" class="result">
<tr class="param"><th>Parameter #1</th></tr>
<tr class="param stripe"><td>Emrs Patient Search  Feature</td>
</tr>
<tr><td style="padding-left:3em" colspan="1">
<p>org.openqa.selenium.SessionNotCreatedException: session not created: This version of ChromeDriver only supports Chrome version 78
Build info: version: &apos;3.12.0&apos;, revision: &apos;7c6e0b3&apos;, time: &apos;2018-05-08T14:04:26.12Z&apos;
System info: host: &apos;DESKTOP-RIUS5ET&apos;, ip: &apos;192.168.1.228&apos;, os.name: &apos;Windows 10&apos;, os.arch: &apos;amd64&apos;, os.version: &apos;10.0&apos;, java.version: &apos;1.8.0_201&apos;
Driver info: driver.version: SetupDriver
remote stacktrace: Backtrace:
	Ordinal0 [0x0099A903+1550595]
	Ordinal0 [0x0091A701+1025793]
	Ordinal0 [0x0089C6E5+509669]
	Ordinal0 [0x0082FC68+64616]
	Ordinal0 [0x0082C594+50580]
	Ordinal0 [0x0084ACE7+175335]
	Ordinal0 [0x0084A8ED+174317]
	Ordinal0 [0x00848CDB+167131]
	Ordinal0 [0x0083144A+70730]
	Ordinal0 [0x008324D0+74960]
	Ordinal0 [0x00832469+74857]
	Ordinal0 [0x009342C7+1131207]
	GetHandleVerifier [0x00A370FD+523789]
	GetHandleVerifier [0x00A36E90+523168]
	GetHandleVerifier [0x00A3E1E7+552695]
	GetHandleVerifier [0x00A378FA+525834]
	Ordinal0 [0x0092B7FC+1095676]
	Ordinal0 [0x0093633B+1139515]
	Ordinal0 [0x009364A3+1139875]
	Ordinal0 [0x00935425+1135653]
	BaseThreadInitThunk [0x75EE6359+25]
	RtlGetAppContainerNamedObjectPath [0x77BB7B74+228]
	RtlGetAppContainerNamedObjectPath [0x77BB7B44+180]
</p>
cucumber.api.testng.TestNGCucumberRunner.runCucumber(TestNGCucumberRunner.java:69)
<br/>at cucumber.api.testng.AbstractTestNGCucumberTests.feature(AbstractTestNGCucumberTests.java:21)
<br/>at sun.reflect.NativeMethodAccessorImpl.invoke0(Native Method)
<br/>at sun.reflect.NativeMethodAccessorImpl.invoke(NativeMethodAccessorImpl.java:62)
<br/>at sun.reflect.DelegatingMethodAccessorImpl.invoke(DelegatingMethodAccessorImpl.java:43)
<br/>at java.lang.reflect.Method.invoke(Method.java:498)
<br/>at org.testng.internal.MethodInvocationHelper.invokeMethod(MethodInvocationHelper.java:80)
<br/>at org.testng.internal.Invoker.invokeMethod(Invoker.java:714)
<br/>at org.testng.internal.Invoker.invokeTestMethod(Invoker.java:901)
<br/>at org.testng.internal.Invoker.invokeTestMethods(Invoker.java:1231)
<br/>at org.testng.internal.TestMethodWorker.invokeTestMethods(TestMethodWorker.java:127)
<br/>at org.testng.internal.TestMethodWorker.run(TestMethodWorker.java:111)
<br/>at org.testng.TestRunner.privateRun(TestRunner.java:767)
<br/>at org.testng.TestRunner.run(TestRunner.java:617)
<br/>at org.testng.SuiteRunner.runTest(SuiteRunner.java:334)
<br/>at org.testng.SuiteRunner.runSequentially(SuiteRunner.java:329)
<br/>at org.testng.SuiteRunner.privateRun(SuiteRunner.java:291)
<br/>at org.testng.SuiteRunner.run(SuiteRunner.java:240)
<br/>at org.testng.SuiteRunnerWorker.runSuite(SuiteRunnerWorker.java:52)
<br/>at org.testng.SuiteRunnerWorker.run(SuiteRunnerWorker.java:86)
<br/>at org.testng.TestNG.runSuitesSequentially(TestNG.java:1198)
<br/>at org.testng.TestNG.runSuitesLocally(TestNG.java:1123)
<br/>at org.testng.TestNG.run(TestNG.java:1031)
<br/>at org.testng.remote.AbstractRemoteTestNG.run(AbstractRemoteTestNG.java:115)
<br/>at org.testng.remote.RemoteTestNG.initAndRun(RemoteTestNG.java:251)
<br/>at org.testng.remote.RemoteTestNG.main(RemoteTestNG.java:77)
<br/>1 lines not shown
<p>Caused by session not created: This version of ChromeDriver only supports Chrome version 78
Build info: version: &apos;3.12.0&apos;, revision: &apos;7c6e0b3&apos;, time: &apos;2018-05-08T14:04:26.12Z&apos;
System info: host: &apos;DESKTOP-RIUS5ET&apos;, ip: &apos;192.168.1.228&apos;, os.name: &apos;Windows 10&apos;, os.arch: &apos;amd64&apos;, os.version: &apos;10.0&apos;, java.version: &apos;1.8.0_201&apos;
Driver info: driver.version: SetupDriver
remote stacktrace: Backtrace:
	Ordinal0 [0x0099A903+1550595]
	Ordinal0 [0x0091A701+1025793]
	Ordinal0 [0x0089C6E5+509669]
	Ordinal0 [0x0082FC68+64616]
	Ordinal0 [0x0082C594+50580]
	Ordinal0 [0x0084ACE7+175335]
	Ordinal0 [0x0084A8ED+174317]
	Ordinal0 [0x00848CDB+167131]
	Ordinal0 [0x0083144A+70730]
	Ordinal0 [0x008324D0+74960]
	Ordinal0 [0x00832469+74857]
	Ordinal0 [0x009342C7+1131207]
	GetHandleVerifier [0x00A370FD+523789]
	GetHandleVerifier [0x00A36E90+523168]
	GetHandleVerifier [0x00A3E1E7+552695]
	GetHandleVerifier [0x00A378FA+525834]
	Ordinal0 [0x0092B7FC+1095676]
	Ordinal0 [0x0093633B+1139515]
	Ordinal0 [0x009364A3+1139875]
	Ordinal0 [0x00935425+1135653]
	BaseThreadInitThunk [0x75EE6359+25]
	RtlGetAppContainerNamedObjectPath [0x77BB7B74+228]
	RtlGetAppContainerNamedObjectPath [0x77BB7B44+180]
</p>
sun.reflect.NativeConstructorAccessorImpl.newInstance0(Native Method)
<br/>at sun.reflect.NativeConstructorAccessorImpl.newInstance(NativeConstructorAccessorImpl.java:62)
<br/>at sun.reflect.DelegatingConstructorAccessorImpl.newInstance(DelegatingConstructorAccessorImpl.java:45)
<br/>at java.lang.reflect.Constructor.newInstance(Constructor.java:423)
<br/>at org.openqa.selenium.remote.W3CHandshakeResponse.lambda$new$0(W3CHandshakeResponse.java:57)
<br/>at org.openqa.selenium.remote.W3CHandshakeResponse.lambda$getResponseFunction$2(W3CHandshakeResponse.java:104)
<br/>at org.openqa.selenium.remote.ProtocolHandshake.lambda$createSession$0(ProtocolHandshake.java:123)
<br/>at java.util.stream.ReferencePipeline$3$1.accept(ReferencePipeline.java:193)
<br/>at java.util.Spliterators$ArraySpliterator.tryAdvance(Spliterators.java:958)
<br/>at java.util.stream.ReferencePipeline.forEachWithCancel(ReferencePipeline.java:126)
<br/>at java.util.stream.AbstractPipeline.copyIntoWithCancel(AbstractPipeline.java:498)
<br/>at java.util.stream.AbstractPipeline.copyInto(AbstractPipeline.java:485)
<br/>at java.util.stream.AbstractPipeline.wrapAndCopyInto(AbstractPipeline.java:471)
<br/>at java.util.stream.FindOps$FindOp.evaluateSequential(FindOps.java:152)
<br/>at java.util.stream.AbstractPipeline.evaluate(AbstractPipeline.java:234)
<br/>at java.util.stream.ReferencePipeline.findFirst(ReferencePipeline.java:464)
<br/>at org.openqa.selenium.remote.ProtocolHandshake.createSession(ProtocolHandshake.java:126)
<br/>at org.openqa.selenium.remote.ProtocolHandshake.createSession(ProtocolHandshake.java:73)
<br/>at org.openqa.selenium.remote.HttpCommandExecutor.execute(HttpCommandExecutor.java:136)
<br/>at org.openqa.selenium.remote.service.DriverCommandExecutor.execute(DriverCommandExecutor.java:83)
<br/>at org.openqa.selenium.remote.RemoteWebDriver.execute(RemoteWebDriver.java:543)
<br/>at org.openqa.selenium.remote.RemoteWebDriver.startSession(RemoteWebDriver.java:207)
<br/>at org.openqa.selenium.remote.RemoteWebDriver.&lt;init&gt;(RemoteWebDriver.java:130)
<br/>at org.openqa.selenium.chrome.ChromeDriver.&lt;init&gt;(ChromeDriver.java:181)
<br/>at org.openqa.selenium.chrome.ChromeDriver.&lt;init&gt;(ChromeDriver.java:168)
<br/>at org.openqa.selenium.chrome.ChromeDriver.&lt;init&gt;(ChromeDriver.java:123)
<br/>at emr.utilities.SetupDriver.getChromeDriver(SetupDriver.java:18)
<br/>at emr.utilities.BeforeActions.setUp(BeforeActions.java:14)
<br/>at sun.reflect.NativeMethodAccessorImpl.invoke0(Native Method)
<br/>at sun.reflect.NativeMethodAccessorImpl.invoke(NativeMethodAccessorImpl.java:62)
<br/>at sun.reflect.DelegatingMethodAccessorImpl.invoke(DelegatingMethodAccessorImpl.java:43)
<br/>at java.lang.reflect.Method.invoke(Method.java:498)
<br/>at cucumber.runtime.Utils$1.call(Utils.java:37)
<br/>at cucumber.runtime.Timeout.timeout(Timeout.java:13)
<br/>at cucumber.runtime.Utils.invoke(Utils.java:31)
<br/>at cucumber.runtime.java.JavaHookDefinition.execute(JavaHookDefinition.java:60)
<br/>at cucumber.runtime.Runtime.runHookIfTagsMatch(Runtime.java:223)
<br/>at cucumber.runtime.Runtime.runHooks(Runtime.java:211)
<br/>at cucumber.runtime.Runtime.runBeforeHooks(Runtime.java:201)
<br/>at cucumber.runtime.model.CucumberScenario.run(CucumberScenario.java:40)
<br/>at cucumber.runtime.model.CucumberFeature.run(CucumberFeature.java:165)
<br/>at cucumber.api.testng.TestNGCucumberRunner.runCucumber(TestNGCucumberRunner.java:63)
<br/>at cucumber.api.testng.AbstractTestNGCucumberTests.feature(AbstractTestNGCucumberTests.java:21)
<br/>at sun.reflect.NativeMethodAccessorImpl.invoke0(Native Method)
<br/>at sun.reflect.NativeMethodAccessorImpl.invoke(NativeMethodAccessorImpl.java:62)
<br/>at sun.reflect.DelegatingMethodAccessorImpl.invoke(DelegatingMethodAccessorImpl.java:43)
<br/>at java.lang.reflect.Method.invoke(Method.java:498)
<br/>at org.testng.internal.MethodInvocationHelper.invokeMethod(MethodInvocationHelper.java:80)
<br/>at org.testng.internal.Invoker.invokeMethod(Invoker.java:714)
<br/>at org.testng.internal.Invoker.invokeTestMethod(Invoker.java:901)
<br/>at org.testng.internal.Invoker.invokeTestMethods(Invoker.java:1231)
<br/>at org.testng.internal.TestMethodWorker.invokeTestMethods(TestMethodWorker.java:127)
<br/>at org.testng.internal.TestMethodWorker.run(TestMethodWorker.java:111)
<br/>at org.testng.TestRunner.privateRun(TestRunner.java:767)
<br/>at org.testng.TestRunner.run(TestRunner.java:617)
<br/>at org.testng.SuiteRunner.runTest(SuiteRunner.java:334)
<br/>at org.testng.SuiteRunner.runSequentially(SuiteRunner.java:329)
<br/>at org.testng.SuiteRunner.privateRun(SuiteRunner.java:291)
<br/>at org.testng.SuiteRunner.run(SuiteRunner.java:240)
<br/>at org.testng.SuiteRunnerWorker.runSuite(SuiteRunnerWorker.java:52)
<br/>at org.testng.SuiteRunnerWorker.run(SuiteRunnerWorker.java:86)
<br/>at org.testng.TestNG.runSuitesSequentially(TestNG.java:1198)
<br/>at org.testng.TestNG.runSuitesLocally(TestNG.java:1123)
<br/>at org.testng.TestNG.run(TestNG.java:1031)
<br/>at org.testng.remote.AbstractRemoteTestNG.run(AbstractRemoteTestNG.java:115)
<br/>at org.testng.remote.RemoteTestNG.initAndRun(RemoteTestNG.java:251)
<br/>at org.testng.remote.RemoteTestNG.main(RemoteTestNG.java:77)
<br/>1 lines not shown
</td></tr>
</table>
<p class="totop"><a href="#summary">back to summary</a></p>
<h2 id="m2">emr.runner.EmrLoginTest:feature</h2>
<table cellspacing="0" cellpadding="0" class="result">
<tr class="param"><th>Parameter #1</th></tr>
<tr class="param stripe"><td>Add user Feature</td>
</tr>
<tr><td style="padding-left:3em" colspan="1">
<p>org.openqa.selenium.SessionNotCreatedException: session not created: This version of ChromeDriver only supports Chrome version 78
Build info: version: &apos;3.12.0&apos;, revision: &apos;7c6e0b3&apos;, time: &apos;2018-05-08T14:04:26.12Z&apos;
System info: host: &apos;DESKTOP-RIUS5ET&apos;, ip: &apos;192.168.1.228&apos;, os.name: &apos;Windows 10&apos;, os.arch: &apos;amd64&apos;, os.version: &apos;10.0&apos;, java.version: &apos;1.8.0_201&apos;
Driver info: driver.version: SetupDriver
remote stacktrace: Backtrace:
	Ordinal0 [0x0099A903+1550595]
	Ordinal0 [0x0091A701+1025793]
	Ordinal0 [0x0089C6E5+509669]
	Ordinal0 [0x0082FC68+64616]
	Ordinal0 [0x0082C594+50580]
	Ordinal0 [0x0084ACE7+175335]
	Ordinal0 [0x0084A8ED+174317]
	Ordinal0 [0x00848CDB+167131]
	Ordinal0 [0x0083144A+70730]
	Ordinal0 [0x008324D0+74960]
	Ordinal0 [0x00832469+74857]
	Ordinal0 [0x009342C7+1131207]
	GetHandleVerifier [0x00A370FD+523789]
	GetHandleVerifier [0x00A36E90+523168]
	GetHandleVerifier [0x00A3E1E7+552695]
	GetHandleVerifier [0x00A378FA+525834]
	Ordinal0 [0x0092B7FC+1095676]
	Ordinal0 [0x0093633B+1139515]
	Ordinal0 [0x009364A3+1139875]
	Ordinal0 [0x00935425+1135653]
	BaseThreadInitThunk [0x75EE6359+25]
	RtlGetAppContainerNamedObjectPath [0x77BB7B74+228]
	RtlGetAppContainerNamedObjectPath [0x77BB7B44+180]
</p>
cucumber.api.testng.TestNGCucumberRunner.runCucumber(TestNGCucumberRunner.java:69)
<br/>at cucumber.api.testng.AbstractTestNGCucumberTests.feature(AbstractTestNGCucumberTests.java:21)
<br/>at sun.reflect.NativeMethodAccessorImpl.invoke0(Native Method)
<br/>at sun.reflect.NativeMethodAccessorImpl.invoke(NativeMethodAccessorImpl.java:62)
<br/>at sun.reflect.DelegatingMethodAccessorImpl.invoke(DelegatingMethodAccessorImpl.java:43)
<br/>at java.lang.reflect.Method.invoke(Method.java:498)
<br/>at org.testng.internal.MethodInvocationHelper.invokeMethod(MethodInvocationHelper.java:80)
<br/>at org.testng.internal.Invoker.invokeMethod(Invoker.java:714)
<br/>at org.testng.internal.Invoker.invokeTestMethod(Invoker.java:901)
<br/>at org.testng.internal.Invoker.invokeTestMethods(Invoker.java:1231)
<br/>at org.testng.internal.TestMethodWorker.invokeTestMethods(TestMethodWorker.java:127)
<br/>at org.testng.internal.TestMethodWorker.run(TestMethodWorker.java:111)
<br/>at org.testng.TestRunner.privateRun(TestRunner.java:767)
<br/>at org.testng.TestRunner.run(TestRunner.java:617)
<br/>at org.testng.SuiteRunner.runTest(SuiteRunner.java:334)
<br/>at org.testng.SuiteRunner.runSequentially(SuiteRunner.java:329)
<br/>at org.testng.SuiteRunner.privateRun(SuiteRunner.java:291)
<br/>at org.testng.SuiteRunner.run(SuiteRunner.java:240)
<br/>at org.testng.SuiteRunnerWorker.runSuite(SuiteRunnerWorker.java:52)
<br/>at org.testng.SuiteRunnerWorker.run(SuiteRunnerWorker.java:86)
<br/>at org.testng.TestNG.runSuitesSequentially(TestNG.java:1198)
<br/>at org.testng.TestNG.runSuitesLocally(TestNG.java:1123)
<br/>at org.testng.TestNG.run(TestNG.java:1031)
<br/>at org.testng.remote.AbstractRemoteTestNG.run(AbstractRemoteTestNG.java:115)
<br/>at org.testng.remote.RemoteTestNG.initAndRun(RemoteTestNG.java:251)
<br/>at org.testng.remote.RemoteTestNG.main(RemoteTestNG.java:77)
<br/>1 lines not shown
<p>Caused by session not created: This version of ChromeDriver only supports Chrome version 78
Build info: version: &apos;3.12.0&apos;, revision: &apos;7c6e0b3&apos;, time: &apos;2018-05-08T14:04:26.12Z&apos;
System info: host: &apos;DESKTOP-RIUS5ET&apos;, ip: &apos;192.168.1.228&apos;, os.name: &apos;Windows 10&apos;, os.arch: &apos;amd64&apos;, os.version: &apos;10.0&apos;, java.version: &apos;1.8.0_201&apos;
Driver info: driver.version: SetupDriver
remote stacktrace: Backtrace:
	Ordinal0 [0x0099A903+1550595]
	Ordinal0 [0x0091A701+1025793]
	Ordinal0 [0x0089C6E5+509669]
	Ordinal0 [0x0082FC68+64616]
	Ordinal0 [0x0082C594+50580]
	Ordinal0 [0x0084ACE7+175335]
	Ordinal0 [0x0084A8ED+174317]
	Ordinal0 [0x00848CDB+167131]
	Ordinal0 [0x0083144A+70730]
	Ordinal0 [0x008324D0+74960]
	Ordinal0 [0x00832469+74857]
	Ordinal0 [0x009342C7+1131207]
	GetHandleVerifier [0x00A370FD+523789]
	GetHandleVerifier [0x00A36E90+523168]
	GetHandleVerifier [0x00A3E1E7+552695]
	GetHandleVerifier [0x00A378FA+525834]
	Ordinal0 [0x0092B7FC+1095676]
	Ordinal0 [0x0093633B+1139515]
	Ordinal0 [0x009364A3+1139875]
	Ordinal0 [0x00935425+1135653]
	BaseThreadInitThunk [0x75EE6359+25]
	RtlGetAppContainerNamedObjectPath [0x77BB7B74+228]
	RtlGetAppContainerNamedObjectPath [0x77BB7B44+180]
</p>
sun.reflect.NativeConstructorAccessorImpl.newInstance0(Native Method)
<br/>at sun.reflect.NativeConstructorAccessorImpl.newInstance(NativeConstructorAccessorImpl.java:62)
<br/>at sun.reflect.DelegatingConstructorAccessorImpl.newInstance(DelegatingConstructorAccessorImpl.java:45)
<br/>at java.lang.reflect.Constructor.newInstance(Constructor.java:423)
<br/>at org.openqa.selenium.remote.W3CHandshakeResponse.lambda$new$0(W3CHandshakeResponse.java:57)
<br/>at org.openqa.selenium.remote.W3CHandshakeResponse.lambda$getResponseFunction$2(W3CHandshakeResponse.java:104)
<br/>at org.openqa.selenium.remote.ProtocolHandshake.lambda$createSession$0(ProtocolHandshake.java:123)
<br/>at java.util.stream.ReferencePipeline$3$1.accept(ReferencePipeline.java:193)
<br/>at java.util.Spliterators$ArraySpliterator.tryAdvance(Spliterators.java:958)
<br/>at java.util.stream.ReferencePipeline.forEachWithCancel(ReferencePipeline.java:126)
<br/>at java.util.stream.AbstractPipeline.copyIntoWithCancel(AbstractPipeline.java:498)
<br/>at java.util.stream.AbstractPipeline.copyInto(AbstractPipeline.java:485)
<br/>at java.util.stream.AbstractPipeline.wrapAndCopyInto(AbstractPipeline.java:471)
<br/>at java.util.stream.FindOps$FindOp.evaluateSequential(FindOps.java:152)
<br/>at java.util.stream.AbstractPipeline.evaluate(AbstractPipeline.java:234)
<br/>at java.util.stream.ReferencePipeline.findFirst(ReferencePipeline.java:464)
<br/>at org.openqa.selenium.remote.ProtocolHandshake.createSession(ProtocolHandshake.java:126)
<br/>at org.openqa.selenium.remote.ProtocolHandshake.createSession(ProtocolHandshake.java:73)
<br/>at org.openqa.selenium.remote.HttpCommandExecutor.execute(HttpCommandExecutor.java:136)
<br/>at org.openqa.selenium.remote.service.DriverCommandExecutor.execute(DriverCommandExecutor.java:83)
<br/>at org.openqa.selenium.remote.RemoteWebDriver.execute(RemoteWebDriver.java:543)
<br/>at org.openqa.selenium.remote.RemoteWebDriver.startSession(RemoteWebDriver.java:207)
<br/>at org.openqa.selenium.remote.RemoteWebDriver.&lt;init&gt;(RemoteWebDriver.java:130)
<br/>at org.openqa.selenium.chrome.ChromeDriver.&lt;init&gt;(ChromeDriver.java:181)
<br/>at org.openqa.selenium.chrome.ChromeDriver.&lt;init&gt;(ChromeDriver.java:168)
<br/>at org.openqa.selenium.chrome.ChromeDriver.&lt;init&gt;(ChromeDriver.java:123)
<br/>at emr.utilities.SetupDriver.getChromeDriver(SetupDriver.java:18)
<br/>at emr.utilities.BeforeActions.setUp(BeforeActions.java:14)
<br/>at sun.reflect.NativeMethodAccessorImpl.invoke0(Native Method)
<br/>at sun.reflect.NativeMethodAccessorImpl.invoke(NativeMethodAccessorImpl.java:62)
<br/>at sun.reflect.DelegatingMethodAccessorImpl.invoke(DelegatingMethodAccessorImpl.java:43)
<br/>at java.lang.reflect.Method.invoke(Method.java:498)
<br/>at cucumber.runtime.Utils$1.call(Utils.java:37)
<br/>at cucumber.runtime.Timeout.timeout(Timeout.java:13)
<br/>at cucumber.runtime.Utils.invoke(Utils.java:31)
<br/>at cucumber.runtime.java.JavaHookDefinition.execute(JavaHookDefinition.java:60)
<br/>at cucumber.runtime.Runtime.runHookIfTagsMatch(Runtime.java:223)
<br/>at cucumber.runtime.Runtime.runHooks(Runtime.java:211)
<br/>at cucumber.runtime.Runtime.runBeforeHooks(Runtime.java:201)
<br/>at cucumber.runtime.model.CucumberScenario.run(CucumberScenario.java:40)
<br/>at cucumber.runtime.model.CucumberFeature.run(CucumberFeature.java:165)
<br/>at cucumber.api.testng.TestNGCucumberRunner.runCucumber(TestNGCucumberRunner.java:63)
<br/>at cucumber.api.testng.AbstractTestNGCucumberTests.feature(AbstractTestNGCucumberTests.java:21)
<br/>at sun.reflect.NativeMethodAccessorImpl.invoke0(Native Method)
<br/>at sun.reflect.NativeMethodAccessorImpl.invoke(NativeMethodAccessorImpl.java:62)
<br/>at sun.reflect.DelegatingMethodAccessorImpl.invoke(DelegatingMethodAccessorImpl.java:43)
<br/>at java.lang.reflect.Method.invoke(Method.java:498)
<br/>at org.testng.internal.MethodInvocationHelper.invokeMethod(MethodInvocationHelper.java:80)
<br/>at org.testng.internal.Invoker.invokeMethod(Invoker.java:714)
<br/>at org.testng.internal.Invoker.invokeTestMethod(Invoker.java:901)
<br/>at org.testng.internal.Invoker.invokeTestMethods(Invoker.java:1231)
<br/>at org.testng.internal.TestMethodWorker.invokeTestMethods(TestMethodWorker.java:127)
<br/>at org.testng.internal.TestMethodWorker.run(TestMethodWorker.java:111)
<br/>at org.testng.TestRunner.privateRun(TestRunner.java:767)
<br/>at org.testng.TestRunner.run(TestRunner.java:617)
<br/>at org.testng.SuiteRunner.runTest(SuiteRunner.java:334)
<br/>at org.testng.SuiteRunner.runSequentially(SuiteRunner.java:329)
<br/>at org.testng.SuiteRunner.privateRun(SuiteRunner.java:291)
<br/>at org.testng.SuiteRunner.run(SuiteRunner.java:240)
<br/>at org.testng.SuiteRunnerWorker.runSuite(SuiteRunnerWorker.java:52)
<br/>at org.testng.SuiteRunnerWorker.run(SuiteRunnerWorker.java:86)
<br/>at org.testng.TestNG.runSuitesSequentially(TestNG.java:1198)
<br/>at org.testng.TestNG.runSuitesLocally(TestNG.java:1123)
<br/>at org.testng.TestNG.run(TestNG.java:1031)
<br/>at org.testng.remote.AbstractRemoteTestNG.run(AbstractRemoteTestNG.java:115)
<br/>at org.testng.remote.RemoteTestNG.initAndRun(RemoteTestNG.java:251)
<br/>at org.testng.remote.RemoteTestNG.main(RemoteTestNG.java:77)
<br/>1 lines not shown
</td></tr>
</table>
<p class="totop"><a href="#summary">back to summary</a></p>
<h2 id="m3">emr.runner.EmrLoginTest:feature</h2>
<table cellspacing="0" cellpadding="0" class="result">
<tr class="param"><th>Parameter #1</th></tr>
<tr class="param stripe"><td>Emrs Login Feature</td>
</tr>
<tr><td style="padding-left:3em" colspan="1">
<p>org.openqa.selenium.SessionNotCreatedException: session not created: This version of ChromeDriver only supports Chrome version 78
Build info: version: &apos;3.12.0&apos;, revision: &apos;7c6e0b3&apos;, time: &apos;2018-05-08T14:04:26.12Z&apos;
System info: host: &apos;DESKTOP-RIUS5ET&apos;, ip: &apos;192.168.1.228&apos;, os.name: &apos;Windows 10&apos;, os.arch: &apos;amd64&apos;, os.version: &apos;10.0&apos;, java.version: &apos;1.8.0_201&apos;
Driver info: driver.version: SetupDriver
remote stacktrace: Backtrace:
	Ordinal0 [0x0099A903+1550595]
	Ordinal0 [0x0091A701+1025793]
	Ordinal0 [0x0089C6E5+509669]
	Ordinal0 [0x0082FC68+64616]
	Ordinal0 [0x0082C594+50580]
	Ordinal0 [0x0084ACE7+175335]
	Ordinal0 [0x0084A8ED+174317]
	Ordinal0 [0x00848CDB+167131]
	Ordinal0 [0x0083144A+70730]
	Ordinal0 [0x008324D0+74960]
	Ordinal0 [0x00832469+74857]
	Ordinal0 [0x009342C7+1131207]
	GetHandleVerifier [0x00A370FD+523789]
	GetHandleVerifier [0x00A36E90+523168]
	GetHandleVerifier [0x00A3E1E7+552695]
	GetHandleVerifier [0x00A378FA+525834]
	Ordinal0 [0x0092B7FC+1095676]
	Ordinal0 [0x0093633B+1139515]
	Ordinal0 [0x009364A3+1139875]
	Ordinal0 [0x00935425+1135653]
	BaseThreadInitThunk [0x75EE6359+25]
	RtlGetAppContainerNamedObjectPath [0x77BB7B74+228]
	RtlGetAppContainerNamedObjectPath [0x77BB7B44+180]
</p>
cucumber.api.testng.TestNGCucumberRunner.runCucumber(TestNGCucumberRunner.java:69)
<br/>at cucumber.api.testng.AbstractTestNGCucumberTests.feature(AbstractTestNGCucumberTests.java:21)
<br/>at sun.reflect.NativeMethodAccessorImpl.invoke0(Native Method)
<br/>at sun.reflect.NativeMethodAccessorImpl.invoke(NativeMethodAccessorImpl.java:62)
<br/>at sun.reflect.DelegatingMethodAccessorImpl.invoke(DelegatingMethodAccessorImpl.java:43)
<br/>at java.lang.reflect.Method.invoke(Method.java:498)
<br/>at org.testng.internal.MethodInvocationHelper.invokeMethod(MethodInvocationHelper.java:80)
<br/>at org.testng.internal.Invoker.invokeMethod(Invoker.java:714)
<br/>at org.testng.internal.Invoker.invokeTestMethod(Invoker.java:901)
<br/>at org.testng.internal.Invoker.invokeTestMethods(Invoker.java:1231)
<br/>at org.testng.internal.TestMethodWorker.invokeTestMethods(TestMethodWorker.java:127)
<br/>at org.testng.internal.TestMethodWorker.run(TestMethodWorker.java:111)
<br/>at org.testng.TestRunner.privateRun(TestRunner.java:767)
<br/>at org.testng.TestRunner.run(TestRunner.java:617)
<br/>at org.testng.SuiteRunner.runTest(SuiteRunner.java:334)
<br/>at org.testng.SuiteRunner.runSequentially(SuiteRunner.java:329)
<br/>at org.testng.SuiteRunner.privateRun(SuiteRunner.java:291)
<br/>at org.testng.SuiteRunner.run(SuiteRunner.java:240)
<br/>at org.testng.SuiteRunnerWorker.runSuite(SuiteRunnerWorker.java:52)
<br/>at org.testng.SuiteRunnerWorker.run(SuiteRunnerWorker.java:86)
<br/>at org.testng.TestNG.runSuitesSequentially(TestNG.java:1198)
<br/>at org.testng.TestNG.runSuitesLocally(TestNG.java:1123)
<br/>at org.testng.TestNG.run(TestNG.java:1031)
<br/>at org.testng.remote.AbstractRemoteTestNG.run(AbstractRemoteTestNG.java:115)
<br/>at org.testng.remote.RemoteTestNG.initAndRun(RemoteTestNG.java:251)
<br/>at org.testng.remote.RemoteTestNG.main(RemoteTestNG.java:77)
<br/>1 lines not shown
<p>Caused by session not created: This version of ChromeDriver only supports Chrome version 78
Build info: version: &apos;3.12.0&apos;, revision: &apos;7c6e0b3&apos;, time: &apos;2018-05-08T14:04:26.12Z&apos;
System info: host: &apos;DESKTOP-RIUS5ET&apos;, ip: &apos;192.168.1.228&apos;, os.name: &apos;Windows 10&apos;, os.arch: &apos;amd64&apos;, os.version: &apos;10.0&apos;, java.version: &apos;1.8.0_201&apos;
Driver info: driver.version: SetupDriver
remote stacktrace: Backtrace:
	Ordinal0 [0x0099A903+1550595]
	Ordinal0 [0x0091A701+1025793]
	Ordinal0 [0x0089C6E5+509669]
	Ordinal0 [0x0082FC68+64616]
	Ordinal0 [0x0082C594+50580]
	Ordinal0 [0x0084ACE7+175335]
	Ordinal0 [0x0084A8ED+174317]
	Ordinal0 [0x00848CDB+167131]
	Ordinal0 [0x0083144A+70730]
	Ordinal0 [0x008324D0+74960]
	Ordinal0 [0x00832469+74857]
	Ordinal0 [0x009342C7+1131207]
	GetHandleVerifier [0x00A370FD+523789]
	GetHandleVerifier [0x00A36E90+523168]
	GetHandleVerifier [0x00A3E1E7+552695]
	GetHandleVerifier [0x00A378FA+525834]
	Ordinal0 [0x0092B7FC+1095676]
	Ordinal0 [0x0093633B+1139515]
	Ordinal0 [0x009364A3+1139875]
	Ordinal0 [0x00935425+1135653]
	BaseThreadInitThunk [0x75EE6359+25]
	RtlGetAppContainerNamedObjectPath [0x77BB7B74+228]
	RtlGetAppContainerNamedObjectPath [0x77BB7B44+180]
</p>
sun.reflect.NativeConstructorAccessorImpl.newInstance0(Native Method)
<br/>at sun.reflect.NativeConstructorAccessorImpl.newInstance(NativeConstructorAccessorImpl.java:62)
<br/>at sun.reflect.DelegatingConstructorAccessorImpl.newInstance(DelegatingConstructorAccessorImpl.java:45)
<br/>at java.lang.reflect.Constructor.newInstance(Constructor.java:423)
<br/>at org.openqa.selenium.remote.W3CHandshakeResponse.lambda$new$0(W3CHandshakeResponse.java:57)
<br/>at org.openqa.selenium.remote.W3CHandshakeResponse.lambda$getResponseFunction$2(W3CHandshakeResponse.java:104)
<br/>at org.openqa.selenium.remote.ProtocolHandshake.lambda$createSession$0(ProtocolHandshake.java:123)
<br/>at java.util.stream.ReferencePipeline$3$1.accept(ReferencePipeline.java:193)
<br/>at java.util.Spliterators$ArraySpliterator.tryAdvance(Spliterators.java:958)
<br/>at java.util.stream.ReferencePipeline.forEachWithCancel(ReferencePipeline.java:126)
<br/>at java.util.stream.AbstractPipeline.copyIntoWithCancel(AbstractPipeline.java:498)
<br/>at java.util.stream.AbstractPipeline.copyInto(AbstractPipeline.java:485)
<br/>at java.util.stream.AbstractPipeline.wrapAndCopyInto(AbstractPipeline.java:471)
<br/>at java.util.stream.FindOps$FindOp.evaluateSequential(FindOps.java:152)
<br/>at java.util.stream.AbstractPipeline.evaluate(AbstractPipeline.java:234)
<br/>at java.util.stream.ReferencePipeline.findFirst(ReferencePipeline.java:464)
<br/>at org.openqa.selenium.remote.ProtocolHandshake.createSession(ProtocolHandshake.java:126)
<br/>at org.openqa.selenium.remote.ProtocolHandshake.createSession(ProtocolHandshake.java:73)
<br/>at org.openqa.selenium.remote.HttpCommandExecutor.execute(HttpCommandExecutor.java:136)
<br/>at org.openqa.selenium.remote.service.DriverCommandExecutor.execute(DriverCommandExecutor.java:83)
<br/>at org.openqa.selenium.remote.RemoteWebDriver.execute(RemoteWebDriver.java:543)
<br/>at org.openqa.selenium.remote.RemoteWebDriver.startSession(RemoteWebDriver.java:207)
<br/>at org.openqa.selenium.remote.RemoteWebDriver.&lt;init&gt;(RemoteWebDriver.java:130)
<br/>at org.openqa.selenium.chrome.ChromeDriver.&lt;init&gt;(ChromeDriver.java:181)
<br/>at org.openqa.selenium.chrome.ChromeDriver.&lt;init&gt;(ChromeDriver.java:168)
<br/>at org.openqa.selenium.chrome.ChromeDriver.&lt;init&gt;(ChromeDriver.java:123)
<br/>at emr.utilities.SetupDriver.getChromeDriver(SetupDriver.java:18)
<br/>at emr.utilities.BeforeActions.setUp(BeforeActions.java:14)
<br/>at sun.reflect.NativeMethodAccessorImpl.invoke0(Native Method)
<br/>at sun.reflect.NativeMethodAccessorImpl.invoke(NativeMethodAccessorImpl.java:62)
<br/>at sun.reflect.DelegatingMethodAccessorImpl.invoke(DelegatingMethodAccessorImpl.java:43)
<br/>at java.lang.reflect.Method.invoke(Method.java:498)
<br/>at cucumber.runtime.Utils$1.call(Utils.java:37)
<br/>at cucumber.runtime.Timeout.timeout(Timeout.java:13)
<br/>at cucumber.runtime.Utils.invoke(Utils.java:31)
<br/>at cucumber.runtime.java.JavaHookDefinition.execute(JavaHookDefinition.java:60)
<br/>at cucumber.runtime.Runtime.runHookIfTagsMatch(Runtime.java:223)
<br/>at cucumber.runtime.Runtime.runHooks(Runtime.java:211)
<br/>at cucumber.runtime.Runtime.runBeforeHooks(Runtime.java:201)
<br/>at cucumber.runtime.model.CucumberScenario.run(CucumberScenario.java:40)
<br/>at cucumber.runtime.model.CucumberFeature.run(CucumberFeature.java:165)
<br/>at cucumber.api.testng.TestNGCucumberRunner.runCucumber(TestNGCucumberRunner.java:63)
<br/>at cucumber.api.testng.AbstractTestNGCucumberTests.feature(AbstractTestNGCucumberTests.java:21)
<br/>at sun.reflect.NativeMethodAccessorImpl.invoke0(Native Method)
<br/>at sun.reflect.NativeMethodAccessorImpl.invoke(NativeMethodAccessorImpl.java:62)
<br/>at sun.reflect.DelegatingMethodAccessorImpl.invoke(DelegatingMethodAccessorImpl.java:43)
<br/>at java.lang.reflect.Method.invoke(Method.java:498)
<br/>at org.testng.internal.MethodInvocationHelper.invokeMethod(MethodInvocationHelper.java:80)
<br/>at org.testng.internal.Invoker.invokeMethod(Invoker.java:714)
<br/>at org.testng.internal.Invoker.invokeTestMethod(Invoker.java:901)
<br/>at org.testng.internal.Invoker.invokeTestMethods(Invoker.java:1231)
<br/>at org.testng.internal.TestMethodWorker.invokeTestMethods(TestMethodWorker.java:127)
<br/>at org.testng.internal.TestMethodWorker.run(TestMethodWorker.java:111)
<br/>at org.testng.TestRunner.privateRun(TestRunner.java:767)
<br/>at org.testng.TestRunner.run(TestRunner.java:617)
<br/>at org.testng.SuiteRunner.runTest(SuiteRunner.java:334)
<br/>at org.testng.SuiteRunner.runSequentially(SuiteRunner.java:329)
<br/>at org.testng.SuiteRunner.privateRun(SuiteRunner.java:291)
<br/>at org.testng.SuiteRunner.run(SuiteRunner.java:240)
<br/>at org.testng.SuiteRunnerWorker.runSuite(SuiteRunnerWorker.java:52)
<br/>at org.testng.SuiteRunnerWorker.run(SuiteRunnerWorker.java:86)
<br/>at org.testng.TestNG.runSuitesSequentially(TestNG.java:1198)
<br/>at org.testng.TestNG.runSuitesLocally(TestNG.java:1123)
<br/>at org.testng.TestNG.run(TestNG.java:1031)
<br/>at org.testng.remote.AbstractRemoteTestNG.run(AbstractRemoteTestNG.java:115)
<br/>at org.testng.remote.RemoteTestNG.initAndRun(RemoteTestNG.java:251)
<br/>at org.testng.remote.RemoteTestNG.main(RemoteTestNG.java:77)
<br/>1 lines not shown
</td></tr>
</table>
<p class="totop"><a href="#summary">back to summary</a></p>
<h2 id="m4">emr.runner.EmrLoginTest:feature</h2>
<table cellspacing="0" cellpadding="0" class="result">
<tr class="param"><th>Parameter #1</th></tr>
<tr class="param stripe"><td>Emrs Logout Feature</td>
</tr>
<tr><td style="padding-left:3em" colspan="1">
<p>org.openqa.selenium.SessionNotCreatedException: session not created: This version of ChromeDriver only supports Chrome version 78
Build info: version: &apos;3.12.0&apos;, revision: &apos;7c6e0b3&apos;, time: &apos;2018-05-08T14:04:26.12Z&apos;
System info: host: &apos;DESKTOP-RIUS5ET&apos;, ip: &apos;192.168.1.228&apos;, os.name: &apos;Windows 10&apos;, os.arch: &apos;amd64&apos;, os.version: &apos;10.0&apos;, java.version: &apos;1.8.0_201&apos;
Driver info: driver.version: SetupDriver
remote stacktrace: Backtrace:
	Ordinal0 [0x0099A903+1550595]
	Ordinal0 [0x0091A701+1025793]
	Ordinal0 [0x0089C6E5+509669]
	Ordinal0 [0x0082FC68+64616]
	Ordinal0 [0x0082C594+50580]
	Ordinal0 [0x0084ACE7+175335]
	Ordinal0 [0x0084A8ED+174317]
	Ordinal0 [0x00848CDB+167131]
	Ordinal0 [0x0083144A+70730]
	Ordinal0 [0x008324D0+74960]
	Ordinal0 [0x00832469+74857]
	Ordinal0 [0x009342C7+1131207]
	GetHandleVerifier [0x00A370FD+523789]
	GetHandleVerifier [0x00A36E90+523168]
	GetHandleVerifier [0x00A3E1E7+552695]
	GetHandleVerifier [0x00A378FA+525834]
	Ordinal0 [0x0092B7FC+1095676]
	Ordinal0 [0x0093633B+1139515]
	Ordinal0 [0x009364A3+1139875]
	Ordinal0 [0x00935425+1135653]
	BaseThreadInitThunk [0x75EE6359+25]
	RtlGetAppContainerNamedObjectPath [0x77BB7B74+228]
	RtlGetAppContainerNamedObjectPath [0x77BB7B44+180]
</p>
cucumber.api.testng.TestNGCucumberRunner.runCucumber(TestNGCucumberRunner.java:69)
<br/>at cucumber.api.testng.AbstractTestNGCucumberTests.feature(AbstractTestNGCucumberTests.java:21)
<br/>at sun.reflect.NativeMethodAccessorImpl.invoke0(Native Method)
<br/>at sun.reflect.NativeMethodAccessorImpl.invoke(NativeMethodAccessorImpl.java:62)
<br/>at sun.reflect.DelegatingMethodAccessorImpl.invoke(DelegatingMethodAccessorImpl.java:43)
<br/>at java.lang.reflect.Method.invoke(Method.java:498)
<br/>at org.testng.internal.MethodInvocationHelper.invokeMethod(MethodInvocationHelper.java:80)
<br/>at org.testng.internal.Invoker.invokeMethod(Invoker.java:714)
<br/>at org.testng.internal.Invoker.invokeTestMethod(Invoker.java:901)
<br/>at org.testng.internal.Invoker.invokeTestMethods(Invoker.java:1231)
<br/>at org.testng.internal.TestMethodWorker.invokeTestMethods(TestMethodWorker.java:127)
<br/>at org.testng.internal.TestMethodWorker.run(TestMethodWorker.java:111)
<br/>at org.testng.TestRunner.privateRun(TestRunner.java:767)
<br/>at org.testng.TestRunner.run(TestRunner.java:617)
<br/>at org.testng.SuiteRunner.runTest(SuiteRunner.java:334)
<br/>at org.testng.SuiteRunner.runSequentially(SuiteRunner.java:329)
<br/>at org.testng.SuiteRunner.privateRun(SuiteRunner.java:291)
<br/>at org.testng.SuiteRunner.run(SuiteRunner.java:240)
<br/>at org.testng.SuiteRunnerWorker.runSuite(SuiteRunnerWorker.java:52)
<br/>at org.testng.SuiteRunnerWorker.run(SuiteRunnerWorker.java:86)
<br/>at org.testng.TestNG.runSuitesSequentially(TestNG.java:1198)
<br/>at org.testng.TestNG.runSuitesLocally(TestNG.java:1123)
<br/>at org.testng.TestNG.run(TestNG.java:1031)
<br/>at org.testng.remote.AbstractRemoteTestNG.run(AbstractRemoteTestNG.java:115)
<br/>at org.testng.remote.RemoteTestNG.initAndRun(RemoteTestNG.java:251)
<br/>at org.testng.remote.RemoteTestNG.main(RemoteTestNG.java:77)
<br/>1 lines not shown
<p>Caused by session not created: This version of ChromeDriver only supports Chrome version 78
Build info: version: &apos;3.12.0&apos;, revision: &apos;7c6e0b3&apos;, time: &apos;2018-05-08T14:04:26.12Z&apos;
System info: host: &apos;DESKTOP-RIUS5ET&apos;, ip: &apos;192.168.1.228&apos;, os.name: &apos;Windows 10&apos;, os.arch: &apos;amd64&apos;, os.version: &apos;10.0&apos;, java.version: &apos;1.8.0_201&apos;
Driver info: driver.version: SetupDriver
remote stacktrace: Backtrace:
	Ordinal0 [0x0099A903+1550595]
	Ordinal0 [0x0091A701+1025793]
	Ordinal0 [0x0089C6E5+509669]
	Ordinal0 [0x0082FC68+64616]
	Ordinal0 [0x0082C594+50580]
	Ordinal0 [0x0084ACE7+175335]
	Ordinal0 [0x0084A8ED+174317]
	Ordinal0 [0x00848CDB+167131]
	Ordinal0 [0x0083144A+70730]
	Ordinal0 [0x008324D0+74960]
	Ordinal0 [0x00832469+74857]
	Ordinal0 [0x009342C7+1131207]
	GetHandleVerifier [0x00A370FD+523789]
	GetHandleVerifier [0x00A36E90+523168]
	GetHandleVerifier [0x00A3E1E7+552695]
	GetHandleVerifier [0x00A378FA+525834]
	Ordinal0 [0x0092B7FC+1095676]
	Ordinal0 [0x0093633B+1139515]
	Ordinal0 [0x009364A3+1139875]
	Ordinal0 [0x00935425+1135653]
	BaseThreadInitThunk [0x75EE6359+25]
	RtlGetAppContainerNamedObjectPath [0x77BB7B74+228]
	RtlGetAppContainerNamedObjectPath [0x77BB7B44+180]
</p>
sun.reflect.NativeConstructorAccessorImpl.newInstance0(Native Method)
<br/>at sun.reflect.NativeConstructorAccessorImpl.newInstance(NativeConstructorAccessorImpl.java:62)
<br/>at sun.reflect.DelegatingConstructorAccessorImpl.newInstance(DelegatingConstructorAccessorImpl.java:45)
<br/>at java.lang.reflect.Constructor.newInstance(Constructor.java:423)
<br/>at org.openqa.selenium.remote.W3CHandshakeResponse.lambda$new$0(W3CHandshakeResponse.java:57)
<br/>at org.openqa.selenium.remote.W3CHandshakeResponse.lambda$getResponseFunction$2(W3CHandshakeResponse.java:104)
<br/>at org.openqa.selenium.remote.ProtocolHandshake.lambda$createSession$0(ProtocolHandshake.java:123)
<br/>at java.util.stream.ReferencePipeline$3$1.accept(ReferencePipeline.java:193)
<br/>at java.util.Spliterators$ArraySpliterator.tryAdvance(Spliterators.java:958)
<br/>at java.util.stream.ReferencePipeline.forEachWithCancel(ReferencePipeline.java:126)
<br/>at java.util.stream.AbstractPipeline.copyIntoWithCancel(AbstractPipeline.java:498)
<br/>at java.util.stream.AbstractPipeline.copyInto(AbstractPipeline.java:485)
<br/>at java.util.stream.AbstractPipeline.wrapAndCopyInto(AbstractPipeline.java:471)
<br/>at java.util.stream.FindOps$FindOp.evaluateSequential(FindOps.java:152)
<br/>at java.util.stream.AbstractPipeline.evaluate(AbstractPipeline.java:234)
<br/>at java.util.stream.ReferencePipeline.findFirst(ReferencePipeline.java:464)
<br/>at org.openqa.selenium.remote.ProtocolHandshake.createSession(ProtocolHandshake.java:126)
<br/>at org.openqa.selenium.remote.ProtocolHandshake.createSession(ProtocolHandshake.java:73)
<br/>at org.openqa.selenium.remote.HttpCommandExecutor.execute(HttpCommandExecutor.java:136)
<br/>at org.openqa.selenium.remote.service.DriverCommandExecutor.execute(DriverCommandExecutor.java:83)
<br/>at org.openqa.selenium.remote.RemoteWebDriver.execute(RemoteWebDriver.java:543)
<br/>at org.openqa.selenium.remote.RemoteWebDriver.startSession(RemoteWebDriver.java:207)
<br/>at org.openqa.selenium.remote.RemoteWebDriver.&lt;init&gt;(RemoteWebDriver.java:130)
<br/>at org.openqa.selenium.chrome.ChromeDriver.&lt;init&gt;(ChromeDriver.java:181)
<br/>at org.openqa.selenium.chrome.ChromeDriver.&lt;init&gt;(ChromeDriver.java:168)
<br/>at org.openqa.selenium.chrome.ChromeDriver.&lt;init&gt;(ChromeDriver.java:123)
<br/>at emr.utilities.SetupDriver.getChromeDriver(SetupDriver.java:18)
<br/>at emr.utilities.BeforeActions.setUp(BeforeActions.java:14)
<br/>at sun.reflect.NativeMethodAccessorImpl.invoke0(Native Method)
<br/>at sun.reflect.NativeMethodAccessorImpl.invoke(NativeMethodAccessorImpl.java:62)
<br/>at sun.reflect.DelegatingMethodAccessorImpl.invoke(DelegatingMethodAccessorImpl.java:43)
<br/>at java.lang.reflect.Method.invoke(Method.java:498)
<br/>at cucumber.runtime.Utils$1.call(Utils.java:37)
<br/>at cucumber.runtime.Timeout.timeout(Timeout.java:13)
<br/>at cucumber.runtime.Utils.invoke(Utils.java:31)
<br/>at cucumber.runtime.java.JavaHookDefinition.execute(JavaHookDefinition.java:60)
<br/>at cucumber.runtime.Runtime.runHookIfTagsMatch(Runtime.java:223)
<br/>at cucumber.runtime.Runtime.runHooks(Runtime.java:211)
<br/>at cucumber.runtime.Runtime.runBeforeHooks(Runtime.java:201)
<br/>at cucumber.runtime.model.CucumberScenario.run(CucumberScenario.java:40)
<br/>at cucumber.runtime.model.CucumberFeature.run(CucumberFeature.java:165)
<br/>at cucumber.api.testng.TestNGCucumberRunner.runCucumber(TestNGCucumberRunner.java:63)
<br/>at cucumber.api.testng.AbstractTestNGCucumberTests.feature(AbstractTestNGCucumberTests.java:21)
<br/>at sun.reflect.NativeMethodAccessorImpl.invoke0(Native Method)
<br/>at sun.reflect.NativeMethodAccessorImpl.invoke(NativeMethodAccessorImpl.java:62)
<br/>at sun.reflect.DelegatingMethodAccessorImpl.invoke(DelegatingMethodAccessorImpl.java:43)
<br/>at java.lang.reflect.Method.invoke(Method.java:498)
<br/>at org.testng.internal.MethodInvocationHelper.invokeMethod(MethodInvocationHelper.java:80)
<br/>at org.testng.internal.Invoker.invokeMethod(Invoker.java:714)
<br/>at org.testng.internal.Invoker.invokeTestMethod(Invoker.java:901)
<br/>at org.testng.internal.Invoker.invokeTestMethods(Invoker.java:1231)
<br/>at org.testng.internal.TestMethodWorker.invokeTestMethods(TestMethodWorker.java:127)
<br/>at org.testng.internal.TestMethodWorker.run(TestMethodWorker.java:111)
<br/>at org.testng.TestRunner.privateRun(TestRunner.java:767)
<br/>at org.testng.TestRunner.run(TestRunner.java:617)
<br/>at org.testng.SuiteRunner.runTest(SuiteRunner.java:334)
<br/>at org.testng.SuiteRunner.runSequentially(SuiteRunner.java:329)
<br/>at org.testng.SuiteRunner.privateRun(SuiteRunner.java:291)
<br/>at org.testng.SuiteRunner.run(SuiteRunner.java:240)
<br/>at org.testng.SuiteRunnerWorker.runSuite(SuiteRunnerWorker.java:52)
<br/>at org.testng.SuiteRunnerWorker.run(SuiteRunnerWorker.java:86)
<br/>at org.testng.TestNG.runSuitesSequentially(TestNG.java:1198)
<br/>at org.testng.TestNG.runSuitesLocally(TestNG.java:1123)
<br/>at org.testng.TestNG.run(TestNG.java:1031)
<br/>at org.testng.remote.AbstractRemoteTestNG.run(AbstractRemoteTestNG.java:115)
<br/>at org.testng.remote.RemoteTestNG.initAndRun(RemoteTestNG.java:251)
<br/>at org.testng.remote.RemoteTestNG.main(RemoteTestNG.java:77)
<br/>1 lines not shown
</td></tr>
</table>
<p class="totop"><a href="#summary">back to summary</a></p>
<h2 id="m5">emr.runner.EmrLoginTest:feature</h2>
<table cellspacing="0" cellpadding="0" class="result">
<tr class="param"><th>Parameter #1</th></tr>
<tr class="param stripe"><td>Emrs Patient Report Generate Feature</td>
</tr>
<tr><td style="padding-left:3em" colspan="1">
<p>org.openqa.selenium.SessionNotCreatedException: session not created: This version of ChromeDriver only supports Chrome version 78
Build info: version: &apos;3.12.0&apos;, revision: &apos;7c6e0b3&apos;, time: &apos;2018-05-08T14:04:26.12Z&apos;
System info: host: &apos;DESKTOP-RIUS5ET&apos;, ip: &apos;192.168.1.228&apos;, os.name: &apos;Windows 10&apos;, os.arch: &apos;amd64&apos;, os.version: &apos;10.0&apos;, java.version: &apos;1.8.0_201&apos;
Driver info: driver.version: SetupDriver
remote stacktrace: Backtrace:
	Ordinal0 [0x0099A903+1550595]
	Ordinal0 [0x0091A701+1025793]
	Ordinal0 [0x0089C6E5+509669]
	Ordinal0 [0x0082FC68+64616]
	Ordinal0 [0x0082C594+50580]
	Ordinal0 [0x0084ACE7+175335]
	Ordinal0 [0x0084A8ED+174317]
	Ordinal0 [0x00848CDB+167131]
	Ordinal0 [0x0083144A+70730]
	Ordinal0 [0x008324D0+74960]
	Ordinal0 [0x00832469+74857]
	Ordinal0 [0x009342C7+1131207]
	GetHandleVerifier [0x00A370FD+523789]
	GetHandleVerifier [0x00A36E90+523168]
	GetHandleVerifier [0x00A3E1E7+552695]
	GetHandleVerifier [0x00A378FA+525834]
	Ordinal0 [0x0092B7FC+1095676]
	Ordinal0 [0x0093633B+1139515]
	Ordinal0 [0x009364A3+1139875]
	Ordinal0 [0x00935425+1135653]
	BaseThreadInitThunk [0x75EE6359+25]
	RtlGetAppContainerNamedObjectPath [0x77BB7B74+228]
	RtlGetAppContainerNamedObjectPath [0x77BB7B44+180]
</p>
cucumber.api.testng.TestNGCucumberRunner.runCucumber(TestNGCucumberRunner.java:69)
<br/>at cucumber.api.testng.AbstractTestNGCucumberTests.feature(AbstractTestNGCucumberTests.java:21)
<br/>at sun.reflect.NativeMethodAccessorImpl.invoke0(Native Method)
<br/>at sun.reflect.NativeMethodAccessorImpl.invoke(NativeMethodAccessorImpl.java:62)
<br/>at sun.reflect.DelegatingMethodAccessorImpl.invoke(DelegatingMethodAccessorImpl.java:43)
<br/>at java.lang.reflect.Method.invoke(Method.java:498)
<br/>at org.testng.internal.MethodInvocationHelper.invokeMethod(MethodInvocationHelper.java:80)
<br/>at org.testng.internal.Invoker.invokeMethod(Invoker.java:714)
<br/>at org.testng.internal.Invoker.invokeTestMethod(Invoker.java:901)
<br/>at org.testng.internal.Invoker.invokeTestMethods(Invoker.java:1231)
<br/>at org.testng.internal.TestMethodWorker.invokeTestMethods(TestMethodWorker.java:127)
<br/>at org.testng.internal.TestMethodWorker.run(TestMethodWorker.java:111)
<br/>at org.testng.TestRunner.privateRun(TestRunner.java:767)
<br/>at org.testng.TestRunner.run(TestRunner.java:617)
<br/>at org.testng.SuiteRunner.runTest(SuiteRunner.java:334)
<br/>at org.testng.SuiteRunner.runSequentially(SuiteRunner.java:329)
<br/>at org.testng.SuiteRunner.privateRun(SuiteRunner.java:291)
<br/>at org.testng.SuiteRunner.run(SuiteRunner.java:240)
<br/>at org.testng.SuiteRunnerWorker.runSuite(SuiteRunnerWorker.java:52)
<br/>at org.testng.SuiteRunnerWorker.run(SuiteRunnerWorker.java:86)
<br/>at org.testng.TestNG.runSuitesSequentially(TestNG.java:1198)
<br/>at org.testng.TestNG.runSuitesLocally(TestNG.java:1123)
<br/>at org.testng.TestNG.run(TestNG.java:1031)
<br/>at org.testng.remote.AbstractRemoteTestNG.run(AbstractRemoteTestNG.java:115)
<br/>at org.testng.remote.RemoteTestNG.initAndRun(RemoteTestNG.java:251)
<br/>at org.testng.remote.RemoteTestNG.main(RemoteTestNG.java:77)
<br/>1 lines not shown
<p>Caused by session not created: This version of ChromeDriver only supports Chrome version 78
Build info: version: &apos;3.12.0&apos;, revision: &apos;7c6e0b3&apos;, time: &apos;2018-05-08T14:04:26.12Z&apos;
System info: host: &apos;DESKTOP-RIUS5ET&apos;, ip: &apos;192.168.1.228&apos;, os.name: &apos;Windows 10&apos;, os.arch: &apos;amd64&apos;, os.version: &apos;10.0&apos;, java.version: &apos;1.8.0_201&apos;
Driver info: driver.version: SetupDriver
remote stacktrace: Backtrace:
	Ordinal0 [0x0099A903+1550595]
	Ordinal0 [0x0091A701+1025793]
	Ordinal0 [0x0089C6E5+509669]
	Ordinal0 [0x0082FC68+64616]
	Ordinal0 [0x0082C594+50580]
	Ordinal0 [0x0084ACE7+175335]
	Ordinal0 [0x0084A8ED+174317]
	Ordinal0 [0x00848CDB+167131]
	Ordinal0 [0x0083144A+70730]
	Ordinal0 [0x008324D0+74960]
	Ordinal0 [0x00832469+74857]
	Ordinal0 [0x009342C7+1131207]
	GetHandleVerifier [0x00A370FD+523789]
	GetHandleVerifier [0x00A36E90+523168]
	GetHandleVerifier [0x00A3E1E7+552695]
	GetHandleVerifier [0x00A378FA+525834]
	Ordinal0 [0x0092B7FC+1095676]
	Ordinal0 [0x0093633B+1139515]
	Ordinal0 [0x009364A3+1139875]
	Ordinal0 [0x00935425+1135653]
	BaseThreadInitThunk [0x75EE6359+25]
	RtlGetAppContainerNamedObjectPath [0x77BB7B74+228]
	RtlGetAppContainerNamedObjectPath [0x77BB7B44+180]
</p>
sun.reflect.NativeConstructorAccessorImpl.newInstance0(Native Method)
<br/>at sun.reflect.NativeConstructorAccessorImpl.newInstance(NativeConstructorAccessorImpl.java:62)
<br/>at sun.reflect.DelegatingConstructorAccessorImpl.newInstance(DelegatingConstructorAccessorImpl.java:45)
<br/>at java.lang.reflect.Constructor.newInstance(Constructor.java:423)
<br/>at org.openqa.selenium.remote.W3CHandshakeResponse.lambda$new$0(W3CHandshakeResponse.java:57)
<br/>at org.openqa.selenium.remote.W3CHandshakeResponse.lambda$getResponseFunction$2(W3CHandshakeResponse.java:104)
<br/>at org.openqa.selenium.remote.ProtocolHandshake.lambda$createSession$0(ProtocolHandshake.java:123)
<br/>at java.util.stream.ReferencePipeline$3$1.accept(ReferencePipeline.java:193)
<br/>at java.util.Spliterators$ArraySpliterator.tryAdvance(Spliterators.java:958)
<br/>at java.util.stream.ReferencePipeline.forEachWithCancel(ReferencePipeline.java:126)
<br/>at java.util.stream.AbstractPipeline.copyIntoWithCancel(AbstractPipeline.java:498)
<br/>at java.util.stream.AbstractPipeline.copyInto(AbstractPipeline.java:485)
<br/>at java.util.stream.AbstractPipeline.wrapAndCopyInto(AbstractPipeline.java:471)
<br/>at java.util.stream.FindOps$FindOp.evaluateSequential(FindOps.java:152)
<br/>at java.util.stream.AbstractPipeline.evaluate(AbstractPipeline.java:234)
<br/>at java.util.stream.ReferencePipeline.findFirst(ReferencePipeline.java:464)
<br/>at org.openqa.selenium.remote.ProtocolHandshake.createSession(ProtocolHandshake.java:126)
<br/>at org.openqa.selenium.remote.ProtocolHandshake.createSession(ProtocolHandshake.java:73)
<br/>at org.openqa.selenium.remote.HttpCommandExecutor.execute(HttpCommandExecutor.java:136)
<br/>at org.openqa.selenium.remote.service.DriverCommandExecutor.execute(DriverCommandExecutor.java:83)
<br/>at org.openqa.selenium.remote.RemoteWebDriver.execute(RemoteWebDriver.java:543)
<br/>at org.openqa.selenium.remote.RemoteWebDriver.startSession(RemoteWebDriver.java:207)
<br/>at org.openqa.selenium.remote.RemoteWebDriver.&lt;init&gt;(RemoteWebDriver.java:130)
<br/>at org.openqa.selenium.chrome.ChromeDriver.&lt;init&gt;(ChromeDriver.java:181)
<br/>at org.openqa.selenium.chrome.ChromeDriver.&lt;init&gt;(ChromeDriver.java:168)
<br/>at org.openqa.selenium.chrome.ChromeDriver.&lt;init&gt;(ChromeDriver.java:123)
<br/>at emr.utilities.SetupDriver.getChromeDriver(SetupDriver.java:18)
<br/>at emr.utilities.BeforeActions.setUp(BeforeActions.java:14)
<br/>at sun.reflect.NativeMethodAccessorImpl.invoke0(Native Method)
<br/>at sun.reflect.NativeMethodAccessorImpl.invoke(NativeMethodAccessorImpl.java:62)
<br/>at sun.reflect.DelegatingMethodAccessorImpl.invoke(DelegatingMethodAccessorImpl.java:43)
<br/>at java.lang.reflect.Method.invoke(Method.java:498)
<br/>at cucumber.runtime.Utils$1.call(Utils.java:37)
<br/>at cucumber.runtime.Timeout.timeout(Timeout.java:13)
<br/>at cucumber.runtime.Utils.invoke(Utils.java:31)
<br/>at cucumber.runtime.java.JavaHookDefinition.execute(JavaHookDefinition.java:60)
<br/>at cucumber.runtime.Runtime.runHookIfTagsMatch(Runtime.java:223)
<br/>at cucumber.runtime.Runtime.runHooks(Runtime.java:211)
<br/>at cucumber.runtime.Runtime.runBeforeHooks(Runtime.java:201)
<br/>at cucumber.runtime.model.CucumberScenario.run(CucumberScenario.java:40)
<br/>at cucumber.runtime.model.CucumberFeature.run(CucumberFeature.java:165)
<br/>at cucumber.api.testng.TestNGCucumberRunner.runCucumber(TestNGCucumberRunner.java:63)
<br/>at cucumber.api.testng.AbstractTestNGCucumberTests.feature(AbstractTestNGCucumberTests.java:21)
<br/>at sun.reflect.NativeMethodAccessorImpl.invoke0(Native Method)
<br/>at sun.reflect.NativeMethodAccessorImpl.invoke(NativeMethodAccessorImpl.java:62)
<br/>at sun.reflect.DelegatingMethodAccessorImpl.invoke(DelegatingMethodAccessorImpl.java:43)
<br/>at java.lang.reflect.Method.invoke(Method.java:498)
<br/>at org.testng.internal.MethodInvocationHelper.invokeMethod(MethodInvocationHelper.java:80)
<br/>at org.testng.internal.Invoker.invokeMethod(Invoker.java:714)
<br/>at org.testng.internal.Invoker.invokeTestMethod(Invoker.java:901)
<br/>at org.testng.internal.Invoker.invokeTestMethods(Invoker.java:1231)
<br/>at org.testng.internal.TestMethodWorker.invokeTestMethods(TestMethodWorker.java:127)
<br/>at org.testng.internal.TestMethodWorker.run(TestMethodWorker.java:111)
<br/>at org.testng.TestRunner.privateRun(TestRunner.java:767)
<br/>at org.testng.TestRunner.run(TestRunner.java:617)
<br/>at org.testng.SuiteRunner.runTest(SuiteRunner.java:334)
<br/>at org.testng.SuiteRunner.runSequentially(SuiteRunner.java:329)
<br/>at org.testng.SuiteRunner.privateRun(SuiteRunner.java:291)
<br/>at org.testng.SuiteRunner.run(SuiteRunner.java:240)
<br/>at org.testng.SuiteRunnerWorker.runSuite(SuiteRunnerWorker.java:52)
<br/>at org.testng.SuiteRunnerWorker.run(SuiteRunnerWorker.java:86)
<br/>at org.testng.TestNG.runSuitesSequentially(TestNG.java:1198)
<br/>at org.testng.TestNG.runSuitesLocally(TestNG.java:1123)
<br/>at org.testng.TestNG.run(TestNG.java:1031)
<br/>at org.testng.remote.AbstractRemoteTestNG.run(AbstractRemoteTestNG.java:115)
<br/>at org.testng.remote.RemoteTestNG.initAndRun(RemoteTestNG.java:251)
<br/>at org.testng.remote.RemoteTestNG.main(RemoteTestNG.java:77)
<br/>1 lines not shown
</td></tr>
</table>
<p class="totop"><a href="#summary">back to summary</a></p>
<h2 id="m6">emr.runner.EmrLoginTest:feature</h2>
<table cellspacing="0" cellpadding="0" class="result">
<tr class="param"><th>Parameter #1</th></tr>
<tr class="param stripe"><td>Emrs Patient Demographics Feature</td>
</tr>
<tr><td style="padding-left:3em" colspan="1">
<p>org.openqa.selenium.SessionNotCreatedException: session not created: This version of ChromeDriver only supports Chrome version 78
Build info: version: &apos;3.12.0&apos;, revision: &apos;7c6e0b3&apos;, time: &apos;2018-05-08T14:04:26.12Z&apos;
System info: host: &apos;DESKTOP-RIUS5ET&apos;, ip: &apos;192.168.1.228&apos;, os.name: &apos;Windows 10&apos;, os.arch: &apos;amd64&apos;, os.version: &apos;10.0&apos;, java.version: &apos;1.8.0_201&apos;
Driver info: driver.version: SetupDriver
remote stacktrace: Backtrace:
	Ordinal0 [0x0099A903+1550595]
	Ordinal0 [0x0091A701+1025793]
	Ordinal0 [0x0089C6E5+509669]
	Ordinal0 [0x0082FC68+64616]
	Ordinal0 [0x0082C594+50580]
	Ordinal0 [0x0084ACE7+175335]
	Ordinal0 [0x0084A8ED+174317]
	Ordinal0 [0x00848CDB+167131]
	Ordinal0 [0x0083144A+70730]
	Ordinal0 [0x008324D0+74960]
	Ordinal0 [0x00832469+74857]
	Ordinal0 [0x009342C7+1131207]
	GetHandleVerifier [0x00A370FD+523789]
	GetHandleVerifier [0x00A36E90+523168]
	GetHandleVerifier [0x00A3E1E7+552695]
	GetHandleVerifier [0x00A378FA+525834]
	Ordinal0 [0x0092B7FC+1095676]
	Ordinal0 [0x0093633B+1139515]
	Ordinal0 [0x009364A3+1139875]
	Ordinal0 [0x00935425+1135653]
	BaseThreadInitThunk [0x75EE6359+25]
	RtlGetAppContainerNamedObjectPath [0x77BB7B74+228]
	RtlGetAppContainerNamedObjectPath [0x77BB7B44+180]
</p>
cucumber.api.testng.TestNGCucumberRunner.runCucumber(TestNGCucumberRunner.java:69)
<br/>at cucumber.api.testng.AbstractTestNGCucumberTests.feature(AbstractTestNGCucumberTests.java:21)
<br/>at sun.reflect.NativeMethodAccessorImpl.invoke0(Native Method)
<br/>at sun.reflect.NativeMethodAccessorImpl.invoke(NativeMethodAccessorImpl.java:62)
<br/>at sun.reflect.DelegatingMethodAccessorImpl.invoke(DelegatingMethodAccessorImpl.java:43)
<br/>at java.lang.reflect.Method.invoke(Method.java:498)
<br/>at org.testng.internal.MethodInvocationHelper.invokeMethod(MethodInvocationHelper.java:80)
<br/>at org.testng.internal.Invoker.invokeMethod(Invoker.java:714)
<br/>at org.testng.internal.Invoker.invokeTestMethod(Invoker.java:901)
<br/>at org.testng.internal.Invoker.invokeTestMethods(Invoker.java:1231)
<br/>at org.testng.internal.TestMethodWorker.invokeTestMethods(TestMethodWorker.java:127)
<br/>at org.testng.internal.TestMethodWorker.run(TestMethodWorker.java:111)
<br/>at org.testng.TestRunner.privateRun(TestRunner.java:767)
<br/>at org.testng.TestRunner.run(TestRunner.java:617)
<br/>at org.testng.SuiteRunner.runTest(SuiteRunner.java:334)
<br/>at org.testng.SuiteRunner.runSequentially(SuiteRunner.java:329)
<br/>at org.testng.SuiteRunner.privateRun(SuiteRunner.java:291)
<br/>at org.testng.SuiteRunner.run(SuiteRunner.java:240)
<br/>at org.testng.SuiteRunnerWorker.runSuite(SuiteRunnerWorker.java:52)
<br/>at org.testng.SuiteRunnerWorker.run(SuiteRunnerWorker.java:86)
<br/>at org.testng.TestNG.runSuitesSequentially(TestNG.java:1198)
<br/>at org.testng.TestNG.runSuitesLocally(TestNG.java:1123)
<br/>at org.testng.TestNG.run(TestNG.java:1031)
<br/>at org.testng.remote.AbstractRemoteTestNG.run(AbstractRemoteTestNG.java:115)
<br/>at org.testng.remote.RemoteTestNG.initAndRun(RemoteTestNG.java:251)
<br/>at org.testng.remote.RemoteTestNG.main(RemoteTestNG.java:77)
<br/>1 lines not shown
<p>Caused by session not created: This version of ChromeDriver only supports Chrome version 78
Build info: version: &apos;3.12.0&apos;, revision: &apos;7c6e0b3&apos;, time: &apos;2018-05-08T14:04:26.12Z&apos;
System info: host: &apos;DESKTOP-RIUS5ET&apos;, ip: &apos;192.168.1.228&apos;, os.name: &apos;Windows 10&apos;, os.arch: &apos;amd64&apos;, os.version: &apos;10.0&apos;, java.version: &apos;1.8.0_201&apos;
Driver info: driver.version: SetupDriver
remote stacktrace: Backtrace:
	Ordinal0 [0x0099A903+1550595]
	Ordinal0 [0x0091A701+1025793]
	Ordinal0 [0x0089C6E5+509669]
	Ordinal0 [0x0082FC68+64616]
	Ordinal0 [0x0082C594+50580]
	Ordinal0 [0x0084ACE7+175335]
	Ordinal0 [0x0084A8ED+174317]
	Ordinal0 [0x00848CDB+167131]
	Ordinal0 [0x0083144A+70730]
	Ordinal0 [0x008324D0+74960]
	Ordinal0 [0x00832469+74857]
	Ordinal0 [0x009342C7+1131207]
	GetHandleVerifier [0x00A370FD+523789]
	GetHandleVerifier [0x00A36E90+523168]
	GetHandleVerifier [0x00A3E1E7+552695]
	GetHandleVerifier [0x00A378FA+525834]
	Ordinal0 [0x0092B7FC+1095676]
	Ordinal0 [0x0093633B+1139515]
	Ordinal0 [0x009364A3+1139875]
	Ordinal0 [0x00935425+1135653]
	BaseThreadInitThunk [0x75EE6359+25]
	RtlGetAppContainerNamedObjectPath [0x77BB7B74+228]
	RtlGetAppContainerNamedObjectPath [0x77BB7B44+180]
</p>
sun.reflect.NativeConstructorAccessorImpl.newInstance0(Native Method)
<br/>at sun.reflect.NativeConstructorAccessorImpl.newInstance(NativeConstructorAccessorImpl.java:62)
<br/>at sun.reflect.DelegatingConstructorAccessorImpl.newInstance(DelegatingConstructorAccessorImpl.java:45)
<br/>at java.lang.reflect.Constructor.newInstance(Constructor.java:423)
<br/>at org.openqa.selenium.remote.W3CHandshakeResponse.lambda$new$0(W3CHandshakeResponse.java:57)
<br/>at org.openqa.selenium.remote.W3CHandshakeResponse.lambda$getResponseFunction$2(W3CHandshakeResponse.java:104)
<br/>at org.openqa.selenium.remote.ProtocolHandshake.lambda$createSession$0(ProtocolHandshake.java:123)
<br/>at java.util.stream.ReferencePipeline$3$1.accept(ReferencePipeline.java:193)
<br/>at java.util.Spliterators$ArraySpliterator.tryAdvance(Spliterators.java:958)
<br/>at java.util.stream.ReferencePipeline.forEachWithCancel(ReferencePipeline.java:126)
<br/>at java.util.stream.AbstractPipeline.copyIntoWithCancel(AbstractPipeline.java:498)
<br/>at java.util.stream.AbstractPipeline.copyInto(AbstractPipeline.java:485)
<br/>at java.util.stream.AbstractPipeline.wrapAndCopyInto(AbstractPipeline.java:471)
<br/>at java.util.stream.FindOps$FindOp.evaluateSequential(FindOps.java:152)
<br/>at java.util.stream.AbstractPipeline.evaluate(AbstractPipeline.java:234)
<br/>at java.util.stream.ReferencePipeline.findFirst(ReferencePipeline.java:464)
<br/>at org.openqa.selenium.remote.ProtocolHandshake.createSession(ProtocolHandshake.java:126)
<br/>at org.openqa.selenium.remote.ProtocolHandshake.createSession(ProtocolHandshake.java:73)
<br/>at org.openqa.selenium.remote.HttpCommandExecutor.execute(HttpCommandExecutor.java:136)
<br/>at org.openqa.selenium.remote.service.DriverCommandExecutor.execute(DriverCommandExecutor.java:83)
<br/>at org.openqa.selenium.remote.RemoteWebDriver.execute(RemoteWebDriver.java:543)
<br/>at org.openqa.selenium.remote.RemoteWebDriver.startSession(RemoteWebDriver.java:207)
<br/>at org.openqa.selenium.remote.RemoteWebDriver.&lt;init&gt;(RemoteWebDriver.java:130)
<br/>at org.openqa.selenium.chrome.ChromeDriver.&lt;init&gt;(ChromeDriver.java:181)
<br/>at org.openqa.selenium.chrome.ChromeDriver.&lt;init&gt;(ChromeDriver.java:168)
<br/>at org.openqa.selenium.chrome.ChromeDriver.&lt;init&gt;(ChromeDriver.java:123)
<br/>at emr.utilities.SetupDriver.getChromeDriver(SetupDriver.java:18)
<br/>at emr.utilities.BeforeActions.setUp(BeforeActions.java:14)
<br/>at sun.reflect.NativeMethodAccessorImpl.invoke0(Native Method)
<br/>at sun.reflect.NativeMethodAccessorImpl.invoke(NativeMethodAccessorImpl.java:62)
<br/>at sun.reflect.DelegatingMethodAccessorImpl.invoke(DelegatingMethodAccessorImpl.java:43)
<br/>at java.lang.reflect.Method.invoke(Method.java:498)
<br/>at cucumber.runtime.Utils$1.call(Utils.java:37)
<br/>at cucumber.runtime.Timeout.timeout(Timeout.java:13)
<br/>at cucumber.runtime.Utils.invoke(Utils.java:31)
<br/>at cucumber.runtime.java.JavaHookDefinition.execute(JavaHookDefinition.java:60)
<br/>at cucumber.runtime.Runtime.runHookIfTagsMatch(Runtime.java:223)
<br/>at cucumber.runtime.Runtime.runHooks(Runtime.java:211)
<br/>at cucumber.runtime.Runtime.runBeforeHooks(Runtime.java:201)
<br/>at cucumber.runtime.model.CucumberScenario.run(CucumberScenario.java:40)
<br/>at cucumber.runtime.model.CucumberFeature.run(CucumberFeature.java:165)
<br/>at cucumber.api.testng.TestNGCucumberRunner.runCucumber(TestNGCucumberRunner.java:63)
<br/>at cucumber.api.testng.AbstractTestNGCucumberTests.feature(AbstractTestNGCucumberTests.java:21)
<br/>at sun.reflect.NativeMethodAccessorImpl.invoke0(Native Method)
<br/>at sun.reflect.NativeMethodAccessorImpl.invoke(NativeMethodAccessorImpl.java:62)
<br/>at sun.reflect.DelegatingMethodAccessorImpl.invoke(DelegatingMethodAccessorImpl.java:43)
<br/>at java.lang.reflect.Method.invoke(Method.java:498)
<br/>at org.testng.internal.MethodInvocationHelper.invokeMethod(MethodInvocationHelper.java:80)
<br/>at org.testng.internal.Invoker.invokeMethod(Invoker.java:714)
<br/>at org.testng.internal.Invoker.invokeTestMethod(Invoker.java:901)
<br/>at org.testng.internal.Invoker.invokeTestMethods(Invoker.java:1231)
<br/>at org.testng.internal.TestMethodWorker.invokeTestMethods(TestMethodWorker.java:127)
<br/>at org.testng.internal.TestMethodWorker.run(TestMethodWorker.java:111)
<br/>at org.testng.TestRunner.privateRun(TestRunner.java:767)
<br/>at org.testng.TestRunner.run(TestRunner.java:617)
<br/>at org.testng.SuiteRunner.runTest(SuiteRunner.java:334)
<br/>at org.testng.SuiteRunner.runSequentially(SuiteRunner.java:329)
<br/>at org.testng.SuiteRunner.privateRun(SuiteRunner.java:291)
<br/>at org.testng.SuiteRunner.run(SuiteRunner.java:240)
<br/>at org.testng.SuiteRunnerWorker.runSuite(SuiteRunnerWorker.java:52)
<br/>at org.testng.SuiteRunnerWorker.run(SuiteRunnerWorker.java:86)
<br/>at org.testng.TestNG.runSuitesSequentially(TestNG.java:1198)
<br/>at org.testng.TestNG.runSuitesLocally(TestNG.java:1123)
<br/>at org.testng.TestNG.run(TestNG.java:1031)
<br/>at org.testng.remote.AbstractRemoteTestNG.run(AbstractRemoteTestNG.java:115)
<br/>at org.testng.remote.RemoteTestNG.initAndRun(RemoteTestNG.java:251)
<br/>at org.testng.remote.RemoteTestNG.main(RemoteTestNG.java:77)
<br/>1 lines not shown
</td></tr>
</table>
<p class="totop"><a href="#summary">back to summary</a></p>
<h2 id="m7">emr.runner.EmrLoginTest:feature</h2>
<table cellspacing="0" cellpadding="0" class="result">
<tr class="param"><th>Parameter #1</th></tr>
<tr class="param stripe"><td>Emrs Invoice Generate Feature</td>
</tr>
<tr><td style="padding-left:3em" colspan="1">
<p>org.openqa.selenium.SessionNotCreatedException: session not created: This version of ChromeDriver only supports Chrome version 78
Build info: version: &apos;3.12.0&apos;, revision: &apos;7c6e0b3&apos;, time: &apos;2018-05-08T14:04:26.12Z&apos;
System info: host: &apos;DESKTOP-RIUS5ET&apos;, ip: &apos;192.168.1.228&apos;, os.name: &apos;Windows 10&apos;, os.arch: &apos;amd64&apos;, os.version: &apos;10.0&apos;, java.version: &apos;1.8.0_201&apos;
Driver info: driver.version: SetupDriver
remote stacktrace: Backtrace:
	Ordinal0 [0x0099A903+1550595]
	Ordinal0 [0x0091A701+1025793]
	Ordinal0 [0x0089C6E5+509669]
	Ordinal0 [0x0082FC68+64616]
	Ordinal0 [0x0082C594+50580]
	Ordinal0 [0x0084ACE7+175335]
	Ordinal0 [0x0084A8ED+174317]
	Ordinal0 [0x00848CDB+167131]
	Ordinal0 [0x0083144A+70730]
	Ordinal0 [0x008324D0+74960]
	Ordinal0 [0x00832469+74857]
	Ordinal0 [0x009342C7+1131207]
	GetHandleVerifier [0x00A370FD+523789]
	GetHandleVerifier [0x00A36E90+523168]
	GetHandleVerifier [0x00A3E1E7+552695]
	GetHandleVerifier [0x00A378FA+525834]
	Ordinal0 [0x0092B7FC+1095676]
	Ordinal0 [0x0093633B+1139515]
	Ordinal0 [0x009364A3+1139875]
	Ordinal0 [0x00935425+1135653]
	BaseThreadInitThunk [0x75EE6359+25]
	RtlGetAppContainerNamedObjectPath [0x77BB7B74+228]
	RtlGetAppContainerNamedObjectPath [0x77BB7B44+180]
</p>
cucumber.api.testng.TestNGCucumberRunner.runCucumber(TestNGCucumberRunner.java:69)
<br/>at cucumber.api.testng.AbstractTestNGCucumberTests.feature(AbstractTestNGCucumberTests.java:21)
<br/>at sun.reflect.NativeMethodAccessorImpl.invoke0(Native Method)
<br/>at sun.reflect.NativeMethodAccessorImpl.invoke(NativeMethodAccessorImpl.java:62)
<br/>at sun.reflect.DelegatingMethodAccessorImpl.invoke(DelegatingMethodAccessorImpl.java:43)
<br/>at java.lang.reflect.Method.invoke(Method.java:498)
<br/>at org.testng.internal.MethodInvocationHelper.invokeMethod(MethodInvocationHelper.java:80)
<br/>at org.testng.internal.Invoker.invokeMethod(Invoker.java:714)
<br/>at org.testng.internal.Invoker.invokeTestMethod(Invoker.java:901)
<br/>at org.testng.internal.Invoker.invokeTestMethods(Invoker.java:1231)
<br/>at org.testng.internal.TestMethodWorker.invokeTestMethods(TestMethodWorker.java:127)
<br/>at org.testng.internal.TestMethodWorker.run(TestMethodWorker.java:111)
<br/>at org.testng.TestRunner.privateRun(TestRunner.java:767)
<br/>at org.testng.TestRunner.run(TestRunner.java:617)
<br/>at org.testng.SuiteRunner.runTest(SuiteRunner.java:334)
<br/>at org.testng.SuiteRunner.runSequentially(SuiteRunner.java:329)
<br/>at org.testng.SuiteRunner.privateRun(SuiteRunner.java:291)
<br/>at org.testng.SuiteRunner.run(SuiteRunner.java:240)
<br/>at org.testng.SuiteRunnerWorker.runSuite(SuiteRunnerWorker.java:52)
<br/>at org.testng.SuiteRunnerWorker.run(SuiteRunnerWorker.java:86)
<br/>at org.testng.TestNG.runSuitesSequentially(TestNG.java:1198)
<br/>at org.testng.TestNG.runSuitesLocally(TestNG.java:1123)
<br/>at org.testng.TestNG.run(TestNG.java:1031)
<br/>at org.testng.remote.AbstractRemoteTestNG.run(AbstractRemoteTestNG.java:115)
<br/>at org.testng.remote.RemoteTestNG.initAndRun(RemoteTestNG.java:251)
<br/>at org.testng.remote.RemoteTestNG.main(RemoteTestNG.java:77)
<br/>1 lines not shown
<p>Caused by session not created: This version of ChromeDriver only supports Chrome version 78
Build info: version: &apos;3.12.0&apos;, revision: &apos;7c6e0b3&apos;, time: &apos;2018-05-08T14:04:26.12Z&apos;
System info: host: &apos;DESKTOP-RIUS5ET&apos;, ip: &apos;192.168.1.228&apos;, os.name: &apos;Windows 10&apos;, os.arch: &apos;amd64&apos;, os.version: &apos;10.0&apos;, java.version: &apos;1.8.0_201&apos;
Driver info: driver.version: SetupDriver
remote stacktrace: Backtrace:
	Ordinal0 [0x0099A903+1550595]
	Ordinal0 [0x0091A701+1025793]
	Ordinal0 [0x0089C6E5+509669]
	Ordinal0 [0x0082FC68+64616]
	Ordinal0 [0x0082C594+50580]
	Ordinal0 [0x0084ACE7+175335]
	Ordinal0 [0x0084A8ED+174317]
	Ordinal0 [0x00848CDB+167131]
	Ordinal0 [0x0083144A+70730]
	Ordinal0 [0x008324D0+74960]
	Ordinal0 [0x00832469+74857]
	Ordinal0 [0x009342C7+1131207]
	GetHandleVerifier [0x00A370FD+523789]
	GetHandleVerifier [0x00A36E90+523168]
	GetHandleVerifier [0x00A3E1E7+552695]
	GetHandleVerifier [0x00A378FA+525834]
	Ordinal0 [0x0092B7FC+1095676]
	Ordinal0 [0x0093633B+1139515]
	Ordinal0 [0x009364A3+1139875]
	Ordinal0 [0x00935425+1135653]
	BaseThreadInitThunk [0x75EE6359+25]
	RtlGetAppContainerNamedObjectPath [0x77BB7B74+228]
	RtlGetAppContainerNamedObjectPath [0x77BB7B44+180]
</p>
sun.reflect.NativeConstructorAccessorImpl.newInstance0(Native Method)
<br/>at sun.reflect.NativeConstructorAccessorImpl.newInstance(NativeConstructorAccessorImpl.java:62)
<br/>at sun.reflect.DelegatingConstructorAccessorImpl.newInstance(DelegatingConstructorAccessorImpl.java:45)
<br/>at java.lang.reflect.Constructor.newInstance(Constructor.java:423)
<br/>at org.openqa.selenium.remote.W3CHandshakeResponse.lambda$new$0(W3CHandshakeResponse.java:57)
<br/>at org.openqa.selenium.remote.W3CHandshakeResponse.lambda$getResponseFunction$2(W3CHandshakeResponse.java:104)
<br/>at org.openqa.selenium.remote.ProtocolHandshake.lambda$createSession$0(ProtocolHandshake.java:123)
<br/>at java.util.stream.ReferencePipeline$3$1.accept(ReferencePipeline.java:193)
<br/>at java.util.Spliterators$ArraySpliterator.tryAdvance(Spliterators.java:958)
<br/>at java.util.stream.ReferencePipeline.forEachWithCancel(ReferencePipeline.java:126)
<br/>at java.util.stream.AbstractPipeline.copyIntoWithCancel(AbstractPipeline.java:498)
<br/>at java.util.stream.AbstractPipeline.copyInto(AbstractPipeline.java:485)
<br/>at java.util.stream.AbstractPipeline.wrapAndCopyInto(AbstractPipeline.java:471)
<br/>at java.util.stream.FindOps$FindOp.evaluateSequential(FindOps.java:152)
<br/>at java.util.stream.AbstractPipeline.evaluate(AbstractPipeline.java:234)
<br/>at java.util.stream.ReferencePipeline.findFirst(ReferencePipeline.java:464)
<br/>at org.openqa.selenium.remote.ProtocolHandshake.createSession(ProtocolHandshake.java:126)
<br/>at org.openqa.selenium.remote.ProtocolHandshake.createSession(ProtocolHandshake.java:73)
<br/>at org.openqa.selenium.remote.HttpCommandExecutor.execute(HttpCommandExecutor.java:136)
<br/>at org.openqa.selenium.remote.service.DriverCommandExecutor.execute(DriverCommandExecutor.java:83)
<br/>at org.openqa.selenium.remote.RemoteWebDriver.execute(RemoteWebDriver.java:543)
<br/>at org.openqa.selenium.remote.RemoteWebDriver.startSession(RemoteWebDriver.java:207)
<br/>at org.openqa.selenium.remote.RemoteWebDriver.&lt;init&gt;(RemoteWebDriver.java:130)
<br/>at org.openqa.selenium.chrome.ChromeDriver.&lt;init&gt;(ChromeDriver.java:181)
<br/>at org.openqa.selenium.chrome.ChromeDriver.&lt;init&gt;(ChromeDriver.java:168)
<br/>at org.openqa.selenium.chrome.ChromeDriver.&lt;init&gt;(ChromeDriver.java:123)
<br/>at emr.utilities.SetupDriver.getChromeDriver(SetupDriver.java:18)
<br/>at emr.utilities.BeforeActions.setUp(BeforeActions.java:14)
<br/>at sun.reflect.NativeMethodAccessorImpl.invoke0(Native Method)
<br/>at sun.reflect.NativeMethodAccessorImpl.invoke(NativeMethodAccessorImpl.java:62)
<br/>at sun.reflect.DelegatingMethodAccessorImpl.invoke(DelegatingMethodAccessorImpl.java:43)
<br/>at java.lang.reflect.Method.invoke(Method.java:498)
<br/>at cucumber.runtime.Utils$1.call(Utils.java:37)
<br/>at cucumber.runtime.Timeout.timeout(Timeout.java:13)
<br/>at cucumber.runtime.Utils.invoke(Utils.java:31)
<br/>at cucumber.runtime.java.JavaHookDefinition.execute(JavaHookDefinition.java:60)
<br/>at cucumber.runtime.Runtime.runHookIfTagsMatch(Runtime.java:223)
<br/>at cucumber.runtime.Runtime.runHooks(Runtime.java:211)
<br/>at cucumber.runtime.Runtime.runBeforeHooks(Runtime.java:201)
<br/>at cucumber.runtime.model.CucumberScenario.run(CucumberScenario.java:40)
<br/>at cucumber.runtime.model.CucumberFeature.run(CucumberFeature.java:165)
<br/>at cucumber.api.testng.TestNGCucumberRunner.runCucumber(TestNGCucumberRunner.java:63)
<br/>at cucumber.api.testng.AbstractTestNGCucumberTests.feature(AbstractTestNGCucumberTests.java:21)
<br/>at sun.reflect.NativeMethodAccessorImpl.invoke0(Native Method)
<br/>at sun.reflect.NativeMethodAccessorImpl.invoke(NativeMethodAccessorImpl.java:62)
<br/>at sun.reflect.DelegatingMethodAccessorImpl.invoke(DelegatingMethodAccessorImpl.java:43)
<br/>at java.lang.reflect.Method.invoke(Method.java:498)
<br/>at org.testng.internal.MethodInvocationHelper.invokeMethod(MethodInvocationHelper.java:80)
<br/>at org.testng.internal.Invoker.invokeMethod(Invoker.java:714)
<br/>at org.testng.internal.Invoker.invokeTestMethod(Invoker.java:901)
<br/>at org.testng.internal.Invoker.invokeTestMethods(Invoker.java:1231)
<br/>at org.testng.internal.TestMethodWorker.invokeTestMethods(TestMethodWorker.java:127)
<br/>at org.testng.internal.TestMethodWorker.run(TestMethodWorker.java:111)
<br/>at org.testng.TestRunner.privateRun(TestRunner.java:767)
<br/>at org.testng.TestRunner.run(TestRunner.java:617)
<br/>at org.testng.SuiteRunner.runTest(SuiteRunner.java:334)
<br/>at org.testng.SuiteRunner.runSequentially(SuiteRunner.java:329)
<br/>at org.testng.SuiteRunner.privateRun(SuiteRunner.java:291)
<br/>at org.testng.SuiteRunner.run(SuiteRunner.java:240)
<br/>at org.testng.SuiteRunnerWorker.runSuite(SuiteRunnerWorker.java:52)
<br/>at org.testng.SuiteRunnerWorker.run(SuiteRunnerWorker.java:86)
<br/>at org.testng.TestNG.runSuitesSequentially(TestNG.java:1198)
<br/>at org.testng.TestNG.runSuitesLocally(TestNG.java:1123)
<br/>at org.testng.TestNG.run(TestNG.java:1031)
<br/>at org.testng.remote.AbstractRemoteTestNG.run(AbstractRemoteTestNG.java:115)
<br/>at org.testng.remote.RemoteTestNG.initAndRun(RemoteTestNG.java:251)
<br/>at org.testng.remote.RemoteTestNG.main(RemoteTestNG.java:77)
<br/>1 lines not shown
</td></tr>
</table>
<p class="totop"><a href="#summary">back to summary</a></p>
<h2 id="m8">emr.runner.EmrLoginTest:feature</h2>
<table cellspacing="0" cellpadding="0" class="result">
<tr class="param"><th>Parameter #1</th></tr>
<tr class="param stripe"><td>Emrs New Patient Create Feature</td>
</tr>
<tr><td style="padding-left:3em" colspan="1">
<p>org.openqa.selenium.SessionNotCreatedException: session not created: This version of ChromeDriver only supports Chrome version 78
Build info: version: &apos;3.12.0&apos;, revision: &apos;7c6e0b3&apos;, time: &apos;2018-05-08T14:04:26.12Z&apos;
System info: host: &apos;DESKTOP-RIUS5ET&apos;, ip: &apos;192.168.1.228&apos;, os.name: &apos;Windows 10&apos;, os.arch: &apos;amd64&apos;, os.version: &apos;10.0&apos;, java.version: &apos;1.8.0_201&apos;
Driver info: driver.version: SetupDriver
remote stacktrace: Backtrace:
	Ordinal0 [0x0099A903+1550595]
	Ordinal0 [0x0091A701+1025793]
	Ordinal0 [0x0089C6E5+509669]
	Ordinal0 [0x0082FC68+64616]
	Ordinal0 [0x0082C594+50580]
	Ordinal0 [0x0084ACE7+175335]
	Ordinal0 [0x0084A8ED+174317]
	Ordinal0 [0x00848CDB+167131]
	Ordinal0 [0x0083144A+70730]
	Ordinal0 [0x008324D0+74960]
	Ordinal0 [0x00832469+74857]
	Ordinal0 [0x009342C7+1131207]
	GetHandleVerifier [0x00A370FD+523789]
	GetHandleVerifier [0x00A36E90+523168]
	GetHandleVerifier [0x00A3E1E7+552695]
	GetHandleVerifier [0x00A378FA+525834]
	Ordinal0 [0x0092B7FC+1095676]
	Ordinal0 [0x0093633B+1139515]
	Ordinal0 [0x009364A3+1139875]
	Ordinal0 [0x00935425+1135653]
	BaseThreadInitThunk [0x75EE6359+25]
	RtlGetAppContainerNamedObjectPath [0x77BB7B74+228]
	RtlGetAppContainerNamedObjectPath [0x77BB7B44+180]
</p>
cucumber.api.testng.TestNGCucumberRunner.runCucumber(TestNGCucumberRunner.java:69)
<br/>at cucumber.api.testng.AbstractTestNGCucumberTests.feature(AbstractTestNGCucumberTests.java:21)
<br/>at sun.reflect.NativeMethodAccessorImpl.invoke0(Native Method)
<br/>at sun.reflect.NativeMethodAccessorImpl.invoke(NativeMethodAccessorImpl.java:62)
<br/>at sun.reflect.DelegatingMethodAccessorImpl.invoke(DelegatingMethodAccessorImpl.java:43)
<br/>at java.lang.reflect.Method.invoke(Method.java:498)
<br/>at org.testng.internal.MethodInvocationHelper.invokeMethod(MethodInvocationHelper.java:80)
<br/>at org.testng.internal.Invoker.invokeMethod(Invoker.java:714)
<br/>at org.testng.internal.Invoker.invokeTestMethod(Invoker.java:901)
<br/>at org.testng.internal.Invoker.invokeTestMethods(Invoker.java:1231)
<br/>at org.testng.internal.TestMethodWorker.invokeTestMethods(TestMethodWorker.java:127)
<br/>at org.testng.internal.TestMethodWorker.run(TestMethodWorker.java:111)
<br/>at org.testng.TestRunner.privateRun(TestRunner.java:767)
<br/>at org.testng.TestRunner.run(TestRunner.java:617)
<br/>at org.testng.SuiteRunner.runTest(SuiteRunner.java:334)
<br/>at org.testng.SuiteRunner.runSequentially(SuiteRunner.java:329)
<br/>at org.testng.SuiteRunner.privateRun(SuiteRunner.java:291)
<br/>at org.testng.SuiteRunner.run(SuiteRunner.java:240)
<br/>at org.testng.SuiteRunnerWorker.runSuite(SuiteRunnerWorker.java:52)
<br/>at org.testng.SuiteRunnerWorker.run(SuiteRunnerWorker.java:86)
<br/>at org.testng.TestNG.runSuitesSequentially(TestNG.java:1198)
<br/>at org.testng.TestNG.runSuitesLocally(TestNG.java:1123)
<br/>at org.testng.TestNG.run(TestNG.java:1031)
<br/>at org.testng.remote.AbstractRemoteTestNG.run(AbstractRemoteTestNG.java:115)
<br/>at org.testng.remote.RemoteTestNG.initAndRun(RemoteTestNG.java:251)
<br/>at org.testng.remote.RemoteTestNG.main(RemoteTestNG.java:77)
<br/>1 lines not shown
<p>Caused by session not created: This version of ChromeDriver only supports Chrome version 78
Build info: version: &apos;3.12.0&apos;, revision: &apos;7c6e0b3&apos;, time: &apos;2018-05-08T14:04:26.12Z&apos;
System info: host: &apos;DESKTOP-RIUS5ET&apos;, ip: &apos;192.168.1.228&apos;, os.name: &apos;Windows 10&apos;, os.arch: &apos;amd64&apos;, os.version: &apos;10.0&apos;, java.version: &apos;1.8.0_201&apos;
Driver info: driver.version: SetupDriver
remote stacktrace: Backtrace:
	Ordinal0 [0x0099A903+1550595]
	Ordinal0 [0x0091A701+1025793]
	Ordinal0 [0x0089C6E5+509669]
	Ordinal0 [0x0082FC68+64616]
	Ordinal0 [0x0082C594+50580]
	Ordinal0 [0x0084ACE7+175335]
	Ordinal0 [0x0084A8ED+174317]
	Ordinal0 [0x00848CDB+167131]
	Ordinal0 [0x0083144A+70730]
	Ordinal0 [0x008324D0+74960]
	Ordinal0 [0x00832469+74857]
	Ordinal0 [0x009342C7+1131207]
	GetHandleVerifier [0x00A370FD+523789]
	GetHandleVerifier [0x00A36E90+523168]
	GetHandleVerifier [0x00A3E1E7+552695]
	GetHandleVerifier [0x00A378FA+525834]
	Ordinal0 [0x0092B7FC+1095676]
	Ordinal0 [0x0093633B+1139515]
	Ordinal0 [0x009364A3+1139875]
	Ordinal0 [0x00935425+1135653]
	BaseThreadInitThunk [0x75EE6359+25]
	RtlGetAppContainerNamedObjectPath [0x77BB7B74+228]
	RtlGetAppContainerNamedObjectPath [0x77BB7B44+180]
</p>
sun.reflect.NativeConstructorAccessorImpl.newInstance0(Native Method)
<br/>at sun.reflect.NativeConstructorAccessorImpl.newInstance(NativeConstructorAccessorImpl.java:62)
<br/>at sun.reflect.DelegatingConstructorAccessorImpl.newInstance(DelegatingConstructorAccessorImpl.java:45)
<br/>at java.lang.reflect.Constructor.newInstance(Constructor.java:423)
<br/>at org.openqa.selenium.remote.W3CHandshakeResponse.lambda$new$0(W3CHandshakeResponse.java:57)
<br/>at org.openqa.selenium.remote.W3CHandshakeResponse.lambda$getResponseFunction$2(W3CHandshakeResponse.java:104)
<br/>at org.openqa.selenium.remote.ProtocolHandshake.lambda$createSession$0(ProtocolHandshake.java:123)
<br/>at java.util.stream.ReferencePipeline$3$1.accept(ReferencePipeline.java:193)
<br/>at java.util.Spliterators$ArraySpliterator.tryAdvance(Spliterators.java:958)
<br/>at java.util.stream.ReferencePipeline.forEachWithCancel(ReferencePipeline.java:126)
<br/>at java.util.stream.AbstractPipeline.copyIntoWithCancel(AbstractPipeline.java:498)
<br/>at java.util.stream.AbstractPipeline.copyInto(AbstractPipeline.java:485)
<br/>at java.util.stream.AbstractPipeline.wrapAndCopyInto(AbstractPipeline.java:471)
<br/>at java.util.stream.FindOps$FindOp.evaluateSequential(FindOps.java:152)
<br/>at java.util.stream.AbstractPipeline.evaluate(AbstractPipeline.java:234)
<br/>at java.util.stream.ReferencePipeline.findFirst(ReferencePipeline.java:464)
<br/>at org.openqa.selenium.remote.ProtocolHandshake.createSession(ProtocolHandshake.java:126)
<br/>at org.openqa.selenium.remote.ProtocolHandshake.createSession(ProtocolHandshake.java:73)
<br/>at org.openqa.selenium.remote.HttpCommandExecutor.execute(HttpCommandExecutor.java:136)
<br/>at org.openqa.selenium.remote.service.DriverCommandExecutor.execute(DriverCommandExecutor.java:83)
<br/>at org.openqa.selenium.remote.RemoteWebDriver.execute(RemoteWebDriver.java:543)
<br/>at org.openqa.selenium.remote.RemoteWebDriver.startSession(RemoteWebDriver.java:207)
<br/>at org.openqa.selenium.remote.RemoteWebDriver.&lt;init&gt;(RemoteWebDriver.java:130)
<br/>at org.openqa.selenium.chrome.ChromeDriver.&lt;init&gt;(ChromeDriver.java:181)
<br/>at org.openqa.selenium.chrome.ChromeDriver.&lt;init&gt;(ChromeDriver.java:168)
<br/>at org.openqa.selenium.chrome.ChromeDriver.&lt;init&gt;(ChromeDriver.java:123)
<br/>at emr.utilities.SetupDriver.getChromeDriver(SetupDriver.java:18)
<br/>at emr.utilities.BeforeActions.setUp(BeforeActions.java:14)
<br/>at sun.reflect.NativeMethodAccessorImpl.invoke0(Native Method)
<br/>at sun.reflect.NativeMethodAccessorImpl.invoke(NativeMethodAccessorImpl.java:62)
<br/>at sun.reflect.DelegatingMethodAccessorImpl.invoke(DelegatingMethodAccessorImpl.java:43)
<br/>at java.lang.reflect.Method.invoke(Method.java:498)
<br/>at cucumber.runtime.Utils$1.call(Utils.java:37)
<br/>at cucumber.runtime.Timeout.timeout(Timeout.java:13)
<br/>at cucumber.runtime.Utils.invoke(Utils.java:31)
<br/>at cucumber.runtime.java.JavaHookDefinition.execute(JavaHookDefinition.java:60)
<br/>at cucumber.runtime.Runtime.runHookIfTagsMatch(Runtime.java:223)
<br/>at cucumber.runtime.Runtime.runHooks(Runtime.java:211)
<br/>at cucumber.runtime.Runtime.runBeforeHooks(Runtime.java:201)
<br/>at cucumber.runtime.model.CucumberScenario.run(CucumberScenario.java:40)
<br/>at cucumber.runtime.model.CucumberFeature.run(CucumberFeature.java:165)
<br/>at cucumber.api.testng.TestNGCucumberRunner.runCucumber(TestNGCucumberRunner.java:63)
<br/>at cucumber.api.testng.AbstractTestNGCucumberTests.feature(AbstractTestNGCucumberTests.java:21)
<br/>at sun.reflect.NativeMethodAccessorImpl.invoke0(Native Method)
<br/>at sun.reflect.NativeMethodAccessorImpl.invoke(NativeMethodAccessorImpl.java:62)
<br/>at sun.reflect.DelegatingMethodAccessorImpl.invoke(DelegatingMethodAccessorImpl.java:43)
<br/>at java.lang.reflect.Method.invoke(Method.java:498)
<br/>at org.testng.internal.MethodInvocationHelper.invokeMethod(MethodInvocationHelper.java:80)
<br/>at org.testng.internal.Invoker.invokeMethod(Invoker.java:714)
<br/>at org.testng.internal.Invoker.invokeTestMethod(Invoker.java:901)
<br/>at org.testng.internal.Invoker.invokeTestMethods(Invoker.java:1231)
<br/>at org.testng.internal.TestMethodWorker.invokeTestMethods(TestMethodWorker.java:127)
<br/>at org.testng.internal.TestMethodWorker.run(TestMethodWorker.java:111)
<br/>at org.testng.TestRunner.privateRun(TestRunner.java:767)
<br/>at org.testng.TestRunner.run(TestRunner.java:617)
<br/>at org.testng.SuiteRunner.runTest(SuiteRunner.java:334)
<br/>at org.testng.SuiteRunner.runSequentially(SuiteRunner.java:329)
<br/>at org.testng.SuiteRunner.privateRun(SuiteRunner.java:291)
<br/>at org.testng.SuiteRunner.run(SuiteRunner.java:240)
<br/>at org.testng.SuiteRunnerWorker.runSuite(SuiteRunnerWorker.java:52)
<br/>at org.testng.SuiteRunnerWorker.run(SuiteRunnerWorker.java:86)
<br/>at org.testng.TestNG.runSuitesSequentially(TestNG.java:1198)
<br/>at org.testng.TestNG.runSuitesLocally(TestNG.java:1123)
<br/>at org.testng.TestNG.run(TestNG.java:1031)
<br/>at org.testng.remote.AbstractRemoteTestNG.run(AbstractRemoteTestNG.java:115)
<br/>at org.testng.remote.RemoteTestNG.initAndRun(RemoteTestNG.java:251)
<br/>at org.testng.remote.RemoteTestNG.main(RemoteTestNG.java:77)
<br/>1 lines not shown
</td></tr>
</table>
<p class="totop"><a href="#summary">back to summary</a></p>
<h2 id="m9">emr.runner.EmrLoginTest:feature</h2>
<table cellspacing="0" cellpadding="0" class="result">
<tr class="param"><th>Parameter #1</th></tr>
<tr class="param stripe"><td>Emrs Invoice Generate Feature</td>
</tr>
<tr><td style="padding-left:3em" colspan="1">
<p>org.openqa.selenium.SessionNotCreatedException: session not created: This version of ChromeDriver only supports Chrome version 78
Build info: version: &apos;3.12.0&apos;, revision: &apos;7c6e0b3&apos;, time: &apos;2018-05-08T14:04:26.12Z&apos;
System info: host: &apos;DESKTOP-RIUS5ET&apos;, ip: &apos;192.168.1.228&apos;, os.name: &apos;Windows 10&apos;, os.arch: &apos;amd64&apos;, os.version: &apos;10.0&apos;, java.version: &apos;1.8.0_201&apos;
Driver info: driver.version: SetupDriver
remote stacktrace: Backtrace:
	Ordinal0 [0x0099A903+1550595]
	Ordinal0 [0x0091A701+1025793]
	Ordinal0 [0x0089C6E5+509669]
	Ordinal0 [0x0082FC68+64616]
	Ordinal0 [0x0082C594+50580]
	Ordinal0 [0x0084ACE7+175335]
	Ordinal0 [0x0084A8ED+174317]
	Ordinal0 [0x00848CDB+167131]
	Ordinal0 [0x0083144A+70730]
	Ordinal0 [0x008324D0+74960]
	Ordinal0 [0x00832469+74857]
	Ordinal0 [0x009342C7+1131207]
	GetHandleVerifier [0x00A370FD+523789]
	GetHandleVerifier [0x00A36E90+523168]
	GetHandleVerifier [0x00A3E1E7+552695]
	GetHandleVerifier [0x00A378FA+525834]
	Ordinal0 [0x0092B7FC+1095676]
	Ordinal0 [0x0093633B+1139515]
	Ordinal0 [0x009364A3+1139875]
	Ordinal0 [0x00935425+1135653]
	BaseThreadInitThunk [0x75EE6359+25]
	RtlGetAppContainerNamedObjectPath [0x77BB7B74+228]
	RtlGetAppContainerNamedObjectPath [0x77BB7B44+180]
</p>
cucumber.api.testng.TestNGCucumberRunner.runCucumber(TestNGCucumberRunner.java:69)
<br/>at cucumber.api.testng.AbstractTestNGCucumberTests.feature(AbstractTestNGCucumberTests.java:21)
<br/>at sun.reflect.NativeMethodAccessorImpl.invoke0(Native Method)
<br/>at sun.reflect.NativeMethodAccessorImpl.invoke(NativeMethodAccessorImpl.java:62)
<br/>at sun.reflect.DelegatingMethodAccessorImpl.invoke(DelegatingMethodAccessorImpl.java:43)
<br/>at java.lang.reflect.Method.invoke(Method.java:498)
<br/>at org.testng.internal.MethodInvocationHelper.invokeMethod(MethodInvocationHelper.java:80)
<br/>at org.testng.internal.Invoker.invokeMethod(Invoker.java:714)
<br/>at org.testng.internal.Invoker.invokeTestMethod(Invoker.java:901)
<br/>at org.testng.internal.Invoker.invokeTestMethods(Invoker.java:1231)
<br/>at org.testng.internal.TestMethodWorker.invokeTestMethods(TestMethodWorker.java:127)
<br/>at org.testng.internal.TestMethodWorker.run(TestMethodWorker.java:111)
<br/>at org.testng.TestRunner.privateRun(TestRunner.java:767)
<br/>at org.testng.TestRunner.run(TestRunner.java:617)
<br/>at org.testng.SuiteRunner.runTest(SuiteRunner.java:334)
<br/>at org.testng.SuiteRunner.runSequentially(SuiteRunner.java:329)
<br/>at org.testng.SuiteRunner.privateRun(SuiteRunner.java:291)
<br/>at org.testng.SuiteRunner.run(SuiteRunner.java:240)
<br/>at org.testng.SuiteRunnerWorker.runSuite(SuiteRunnerWorker.java:52)
<br/>at org.testng.SuiteRunnerWorker.run(SuiteRunnerWorker.java:86)
<br/>at org.testng.TestNG.runSuitesSequentially(TestNG.java:1198)
<br/>at org.testng.TestNG.runSuitesLocally(TestNG.java:1123)
<br/>at org.testng.TestNG.run(TestNG.java:1031)
<br/>at org.testng.remote.AbstractRemoteTestNG.run(AbstractRemoteTestNG.java:115)
<br/>at org.testng.remote.RemoteTestNG.initAndRun(RemoteTestNG.java:251)
<br/>at org.testng.remote.RemoteTestNG.main(RemoteTestNG.java:77)
<br/>1 lines not shown
<p>Caused by session not created: This version of ChromeDriver only supports Chrome version 78
Build info: version: &apos;3.12.0&apos;, revision: &apos;7c6e0b3&apos;, time: &apos;2018-05-08T14:04:26.12Z&apos;
System info: host: &apos;DESKTOP-RIUS5ET&apos;, ip: &apos;192.168.1.228&apos;, os.name: &apos;Windows 10&apos;, os.arch: &apos;amd64&apos;, os.version: &apos;10.0&apos;, java.version: &apos;1.8.0_201&apos;
Driver info: driver.version: SetupDriver
remote stacktrace: Backtrace:
	Ordinal0 [0x0099A903+1550595]
	Ordinal0 [0x0091A701+1025793]
	Ordinal0 [0x0089C6E5+509669]
	Ordinal0 [0x0082FC68+64616]
	Ordinal0 [0x0082C594+50580]
	Ordinal0 [0x0084ACE7+175335]
	Ordinal0 [0x0084A8ED+174317]
	Ordinal0 [0x00848CDB+167131]
	Ordinal0 [0x0083144A+70730]
	Ordinal0 [0x008324D0+74960]
	Ordinal0 [0x00832469+74857]
	Ordinal0 [0x009342C7+1131207]
	GetHandleVerifier [0x00A370FD+523789]
	GetHandleVerifier [0x00A36E90+523168]
	GetHandleVerifier [0x00A3E1E7+552695]
	GetHandleVerifier [0x00A378FA+525834]
	Ordinal0 [0x0092B7FC+1095676]
	Ordinal0 [0x0093633B+1139515]
	Ordinal0 [0x009364A3+1139875]
	Ordinal0 [0x00935425+1135653]
	BaseThreadInitThunk [0x75EE6359+25]
	RtlGetAppContainerNamedObjectPath [0x77BB7B74+228]
	RtlGetAppContainerNamedObjectPath [0x77BB7B44+180]
</p>
sun.reflect.NativeConstructorAccessorImpl.newInstance0(Native Method)
<br/>at sun.reflect.NativeConstructorAccessorImpl.newInstance(NativeConstructorAccessorImpl.java:62)
<br/>at sun.reflect.DelegatingConstructorAccessorImpl.newInstance(DelegatingConstructorAccessorImpl.java:45)
<br/>at java.lang.reflect.Constructor.newInstance(Constructor.java:423)
<br/>at org.openqa.selenium.remote.W3CHandshakeResponse.lambda$new$0(W3CHandshakeResponse.java:57)
<br/>at org.openqa.selenium.remote.W3CHandshakeResponse.lambda$getResponseFunction$2(W3CHandshakeResponse.java:104)
<br/>at org.openqa.selenium.remote.ProtocolHandshake.lambda$createSession$0(ProtocolHandshake.java:123)
<br/>at java.util.stream.ReferencePipeline$3$1.accept(ReferencePipeline.java:193)
<br/>at java.util.Spliterators$ArraySpliterator.tryAdvance(Spliterators.java:958)
<br/>at java.util.stream.ReferencePipeline.forEachWithCancel(ReferencePipeline.java:126)
<br/>at java.util.stream.AbstractPipeline.copyIntoWithCancel(AbstractPipeline.java:498)
<br/>at java.util.stream.AbstractPipeline.copyInto(AbstractPipeline.java:485)
<br/>at java.util.stream.AbstractPipeline.wrapAndCopyInto(AbstractPipeline.java:471)
<br/>at java.util.stream.FindOps$FindOp.evaluateSequential(FindOps.java:152)
<br/>at java.util.stream.AbstractPipeline.evaluate(AbstractPipeline.java:234)
<br/>at java.util.stream.ReferencePipeline.findFirst(ReferencePipeline.java:464)
<br/>at org.openqa.selenium.remote.ProtocolHandshake.createSession(ProtocolHandshake.java:126)
<br/>at org.openqa.selenium.remote.ProtocolHandshake.createSession(ProtocolHandshake.java:73)
<br/>at org.openqa.selenium.remote.HttpCommandExecutor.execute(HttpCommandExecutor.java:136)
<br/>at org.openqa.selenium.remote.service.DriverCommandExecutor.execute(DriverCommandExecutor.java:83)
<br/>at org.openqa.selenium.remote.RemoteWebDriver.execute(RemoteWebDriver.java:543)
<br/>at org.openqa.selenium.remote.RemoteWebDriver.startSession(RemoteWebDriver.java:207)
<br/>at org.openqa.selenium.remote.RemoteWebDriver.&lt;init&gt;(RemoteWebDriver.java:130)
<br/>at org.openqa.selenium.chrome.ChromeDriver.&lt;init&gt;(ChromeDriver.java:181)
<br/>at org.openqa.selenium.chrome.ChromeDriver.&lt;init&gt;(ChromeDriver.java:168)
<br/>at org.openqa.selenium.chrome.ChromeDriver.&lt;init&gt;(ChromeDriver.java:123)
<br/>at emr.utilities.SetupDriver.getChromeDriver(SetupDriver.java:18)
<br/>at emr.utilities.BeforeActions.setUp(BeforeActions.java:14)
<br/>at sun.reflect.NativeMethodAccessorImpl.invoke0(Native Method)
<br/>at sun.reflect.NativeMethodAccessorImpl.invoke(NativeMethodAccessorImpl.java:62)
<br/>at sun.reflect.DelegatingMethodAccessorImpl.invoke(DelegatingMethodAccessorImpl.java:43)
<br/>at java.lang.reflect.Method.invoke(Method.java:498)
<br/>at cucumber.runtime.Utils$1.call(Utils.java:37)
<br/>at cucumber.runtime.Timeout.timeout(Timeout.java:13)
<br/>at cucumber.runtime.Utils.invoke(Utils.java:31)
<br/>at cucumber.runtime.java.JavaHookDefinition.execute(JavaHookDefinition.java:60)
<br/>at cucumber.runtime.Runtime.runHookIfTagsMatch(Runtime.java:223)
<br/>at cucumber.runtime.Runtime.runHooks(Runtime.java:211)
<br/>at cucumber.runtime.Runtime.runBeforeHooks(Runtime.java:201)
<br/>at cucumber.runtime.model.CucumberScenario.run(CucumberScenario.java:40)
<br/>at cucumber.runtime.model.CucumberFeature.run(CucumberFeature.java:165)
<br/>at cucumber.api.testng.TestNGCucumberRunner.runCucumber(TestNGCucumberRunner.java:63)
<br/>at cucumber.api.testng.AbstractTestNGCucumberTests.feature(AbstractTestNGCucumberTests.java:21)
<br/>at sun.reflect.NativeMethodAccessorImpl.invoke0(Native Method)
<br/>at sun.reflect.NativeMethodAccessorImpl.invoke(NativeMethodAccessorImpl.java:62)
<br/>at sun.reflect.DelegatingMethodAccessorImpl.invoke(DelegatingMethodAccessorImpl.java:43)
<br/>at java.lang.reflect.Method.invoke(Method.java:498)
<br/>at org.testng.internal.MethodInvocationHelper.invokeMethod(MethodInvocationHelper.java:80)
<br/>at org.testng.internal.Invoker.invokeMethod(Invoker.java:714)
<br/>at org.testng.internal.Invoker.invokeTestMethod(Invoker.java:901)
<br/>at org.testng.internal.Invoker.invokeTestMethods(Invoker.java:1231)
<br/>at org.testng.internal.TestMethodWorker.invokeTestMethods(TestMethodWorker.java:127)
<br/>at org.testng.internal.TestMethodWorker.run(TestMethodWorker.java:111)
<br/>at org.testng.TestRunner.privateRun(TestRunner.java:767)
<br/>at org.testng.TestRunner.run(TestRunner.java:617)
<br/>at org.testng.SuiteRunner.runTest(SuiteRunner.java:334)
<br/>at org.testng.SuiteRunner.runSequentially(SuiteRunner.java:329)
<br/>at org.testng.SuiteRunner.privateRun(SuiteRunner.java:291)
<br/>at org.testng.SuiteRunner.run(SuiteRunner.java:240)
<br/>at org.testng.SuiteRunnerWorker.runSuite(SuiteRunnerWorker.java:52)
<br/>at org.testng.SuiteRunnerWorker.run(SuiteRunnerWorker.java:86)
<br/>at org.testng.TestNG.runSuitesSequentially(TestNG.java:1198)
<br/>at org.testng.TestNG.runSuitesLocally(TestNG.java:1123)
<br/>at org.testng.TestNG.run(TestNG.java:1031)
<br/>at org.testng.remote.AbstractRemoteTestNG.run(AbstractRemoteTestNG.java:115)
<br/>at org.testng.remote.RemoteTestNG.initAndRun(RemoteTestNG.java:251)
<br/>at org.testng.remote.RemoteTestNG.main(RemoteTestNG.java:77)
<br/>1 lines not shown
</td></tr>
</table>
<p class="totop"><a href="#summary">back to summary</a></p>
<h2 id="m10">emr.runner.EmrLoginTest:feature</h2>
<table cellspacing="0" cellpadding="0" class="result">
<tr class="param"><th>Parameter #1</th></tr>
<tr class="param stripe"><td>Emrs Save Patient Record Feature</td>
</tr>
<tr><td style="padding-left:3em" colspan="1">
<p>org.openqa.selenium.SessionNotCreatedException: session not created: This version of ChromeDriver only supports Chrome version 78
Build info: version: &apos;3.12.0&apos;, revision: &apos;7c6e0b3&apos;, time: &apos;2018-05-08T14:04:26.12Z&apos;
System info: host: &apos;DESKTOP-RIUS5ET&apos;, ip: &apos;192.168.1.228&apos;, os.name: &apos;Windows 10&apos;, os.arch: &apos;amd64&apos;, os.version: &apos;10.0&apos;, java.version: &apos;1.8.0_201&apos;
Driver info: driver.version: SetupDriver
remote stacktrace: Backtrace:
	Ordinal0 [0x0099A903+1550595]
	Ordinal0 [0x0091A701+1025793]
	Ordinal0 [0x0089C6E5+509669]
	Ordinal0 [0x0082FC68+64616]
	Ordinal0 [0x0082C594+50580]
	Ordinal0 [0x0084ACE7+175335]
	Ordinal0 [0x0084A8ED+174317]
	Ordinal0 [0x00848CDB+167131]
	Ordinal0 [0x0083144A+70730]
	Ordinal0 [0x008324D0+74960]
	Ordinal0 [0x00832469+74857]
	Ordinal0 [0x009342C7+1131207]
	GetHandleVerifier [0x00A370FD+523789]
	GetHandleVerifier [0x00A36E90+523168]
	GetHandleVerifier [0x00A3E1E7+552695]
	GetHandleVerifier [0x00A378FA+525834]
	Ordinal0 [0x0092B7FC+1095676]
	Ordinal0 [0x0093633B+1139515]
	Ordinal0 [0x009364A3+1139875]
	Ordinal0 [0x00935425+1135653]
	BaseThreadInitThunk [0x75EE6359+25]
	RtlGetAppContainerNamedObjectPath [0x77BB7B74+228]
	RtlGetAppContainerNamedObjectPath [0x77BB7B44+180]
</p>
cucumber.api.testng.TestNGCucumberRunner.runCucumber(TestNGCucumberRunner.java:69)
<br/>at cucumber.api.testng.AbstractTestNGCucumberTests.feature(AbstractTestNGCucumberTests.java:21)
<br/>at sun.reflect.NativeMethodAccessorImpl.invoke0(Native Method)
<br/>at sun.reflect.NativeMethodAccessorImpl.invoke(NativeMethodAccessorImpl.java:62)
<br/>at sun.reflect.DelegatingMethodAccessorImpl.invoke(DelegatingMethodAccessorImpl.java:43)
<br/>at java.lang.reflect.Method.invoke(Method.java:498)
<br/>at org.testng.internal.MethodInvocationHelper.invokeMethod(MethodInvocationHelper.java:80)
<br/>at org.testng.internal.Invoker.invokeMethod(Invoker.java:714)
<br/>at org.testng.internal.Invoker.invokeTestMethod(Invoker.java:901)
<br/>at org.testng.internal.Invoker.invokeTestMethods(Invoker.java:1231)
<br/>at org.testng.internal.TestMethodWorker.invokeTestMethods(TestMethodWorker.java:127)
<br/>at org.testng.internal.TestMethodWorker.run(TestMethodWorker.java:111)
<br/>at org.testng.TestRunner.privateRun(TestRunner.java:767)
<br/>at org.testng.TestRunner.run(TestRunner.java:617)
<br/>at org.testng.SuiteRunner.runTest(SuiteRunner.java:334)
<br/>at org.testng.SuiteRunner.runSequentially(SuiteRunner.java:329)
<br/>at org.testng.SuiteRunner.privateRun(SuiteRunner.java:291)
<br/>at org.testng.SuiteRunner.run(SuiteRunner.java:240)
<br/>at org.testng.SuiteRunnerWorker.runSuite(SuiteRunnerWorker.java:52)
<br/>at org.testng.SuiteRunnerWorker.run(SuiteRunnerWorker.java:86)
<br/>at org.testng.TestNG.runSuitesSequentially(TestNG.java:1198)
<br/>at org.testng.TestNG.runSuitesLocally(TestNG.java:1123)
<br/>at org.testng.TestNG.run(TestNG.java:1031)
<br/>at org.testng.remote.AbstractRemoteTestNG.run(AbstractRemoteTestNG.java:115)
<br/>at org.testng.remote.RemoteTestNG.initAndRun(RemoteTestNG.java:251)
<br/>at org.testng.remote.RemoteTestNG.main(RemoteTestNG.java:77)
<br/>1 lines not shown
<p>Caused by session not created: This version of ChromeDriver only supports Chrome version 78
Build info: version: &apos;3.12.0&apos;, revision: &apos;7c6e0b3&apos;, time: &apos;2018-05-08T14:04:26.12Z&apos;
System info: host: &apos;DESKTOP-RIUS5ET&apos;, ip: &apos;192.168.1.228&apos;, os.name: &apos;Windows 10&apos;, os.arch: &apos;amd64&apos;, os.version: &apos;10.0&apos;, java.version: &apos;1.8.0_201&apos;
Driver info: driver.version: SetupDriver
remote stacktrace: Backtrace:
	Ordinal0 [0x0099A903+1550595]
	Ordinal0 [0x0091A701+1025793]
	Ordinal0 [0x0089C6E5+509669]
	Ordinal0 [0x0082FC68+64616]
	Ordinal0 [0x0082C594+50580]
	Ordinal0 [0x0084ACE7+175335]
	Ordinal0 [0x0084A8ED+174317]
	Ordinal0 [0x00848CDB+167131]
	Ordinal0 [0x0083144A+70730]
	Ordinal0 [0x008324D0+74960]
	Ordinal0 [0x00832469+74857]
	Ordinal0 [0x009342C7+1131207]
	GetHandleVerifier [0x00A370FD+523789]
	GetHandleVerifier [0x00A36E90+523168]
	GetHandleVerifier [0x00A3E1E7+552695]
	GetHandleVerifier [0x00A378FA+525834]
	Ordinal0 [0x0092B7FC+1095676]
	Ordinal0 [0x0093633B+1139515]
	Ordinal0 [0x009364A3+1139875]
	Ordinal0 [0x00935425+1135653]
	BaseThreadInitThunk [0x75EE6359+25]
	RtlGetAppContainerNamedObjectPath [0x77BB7B74+228]
	RtlGetAppContainerNamedObjectPath [0x77BB7B44+180]
</p>
sun.reflect.NativeConstructorAccessorImpl.newInstance0(Native Method)
<br/>at sun.reflect.NativeConstructorAccessorImpl.newInstance(NativeConstructorAccessorImpl.java:62)
<br/>at sun.reflect.DelegatingConstructorAccessorImpl.newInstance(DelegatingConstructorAccessorImpl.java:45)
<br/>at java.lang.reflect.Constructor.newInstance(Constructor.java:423)
<br/>at org.openqa.selenium.remote.W3CHandshakeResponse.lambda$new$0(W3CHandshakeResponse.java:57)
<br/>at org.openqa.selenium.remote.W3CHandshakeResponse.lambda$getResponseFunction$2(W3CHandshakeResponse.java:104)
<br/>at org.openqa.selenium.remote.ProtocolHandshake.lambda$createSession$0(ProtocolHandshake.java:123)
<br/>at java.util.stream.ReferencePipeline$3$1.accept(ReferencePipeline.java:193)
<br/>at java.util.Spliterators$ArraySpliterator.tryAdvance(Spliterators.java:958)
<br/>at java.util.stream.ReferencePipeline.forEachWithCancel(ReferencePipeline.java:126)
<br/>at java.util.stream.AbstractPipeline.copyIntoWithCancel(AbstractPipeline.java:498)
<br/>at java.util.stream.AbstractPipeline.copyInto(AbstractPipeline.java:485)
<br/>at java.util.stream.AbstractPipeline.wrapAndCopyInto(AbstractPipeline.java:471)
<br/>at java.util.stream.FindOps$FindOp.evaluateSequential(FindOps.java:152)
<br/>at java.util.stream.AbstractPipeline.evaluate(AbstractPipeline.java:234)
<br/>at java.util.stream.ReferencePipeline.findFirst(ReferencePipeline.java:464)
<br/>at org.openqa.selenium.remote.ProtocolHandshake.createSession(ProtocolHandshake.java:126)
<br/>at org.openqa.selenium.remote.ProtocolHandshake.createSession(ProtocolHandshake.java:73)
<br/>at org.openqa.selenium.remote.HttpCommandExecutor.execute(HttpCommandExecutor.java:136)
<br/>at org.openqa.selenium.remote.service.DriverCommandExecutor.execute(DriverCommandExecutor.java:83)
<br/>at org.openqa.selenium.remote.RemoteWebDriver.execute(RemoteWebDriver.java:543)
<br/>at org.openqa.selenium.remote.RemoteWebDriver.startSession(RemoteWebDriver.java:207)
<br/>at org.openqa.selenium.remote.RemoteWebDriver.&lt;init&gt;(RemoteWebDriver.java:130)
<br/>at org.openqa.selenium.chrome.ChromeDriver.&lt;init&gt;(ChromeDriver.java:181)
<br/>at org.openqa.selenium.chrome.ChromeDriver.&lt;init&gt;(ChromeDriver.java:168)
<br/>at org.openqa.selenium.chrome.ChromeDriver.&lt;init&gt;(ChromeDriver.java:123)
<br/>at emr.utilities.SetupDriver.getChromeDriver(SetupDriver.java:18)
<br/>at emr.utilities.BeforeActions.setUp(BeforeActions.java:14)
<br/>at sun.reflect.NativeMethodAccessorImpl.invoke0(Native Method)
<br/>at sun.reflect.NativeMethodAccessorImpl.invoke(NativeMethodAccessorImpl.java:62)
<br/>at sun.reflect.DelegatingMethodAccessorImpl.invoke(DelegatingMethodAccessorImpl.java:43)
<br/>at java.lang.reflect.Method.invoke(Method.java:498)
<br/>at cucumber.runtime.Utils$1.call(Utils.java:37)
<br/>at cucumber.runtime.Timeout.timeout(Timeout.java:13)
<br/>at cucumber.runtime.Utils.invoke(Utils.java:31)
<br/>at cucumber.runtime.java.JavaHookDefinition.execute(JavaHookDefinition.java:60)
<br/>at cucumber.runtime.Runtime.runHookIfTagsMatch(Runtime.java:223)
<br/>at cucumber.runtime.Runtime.runHooks(Runtime.java:211)
<br/>at cucumber.runtime.Runtime.runBeforeHooks(Runtime.java:201)
<br/>at cucumber.runtime.model.CucumberScenario.run(CucumberScenario.java:40)
<br/>at cucumber.runtime.model.CucumberFeature.run(CucumberFeature.java:165)
<br/>at cucumber.api.testng.TestNGCucumberRunner.runCucumber(TestNGCucumberRunner.java:63)
<br/>at cucumber.api.testng.AbstractTestNGCucumberTests.feature(AbstractTestNGCucumberTests.java:21)
<br/>at sun.reflect.NativeMethodAccessorImpl.invoke0(Native Method)
<br/>at sun.reflect.NativeMethodAccessorImpl.invoke(NativeMethodAccessorImpl.java:62)
<br/>at sun.reflect.DelegatingMethodAccessorImpl.invoke(DelegatingMethodAccessorImpl.java:43)
<br/>at java.lang.reflect.Method.invoke(Method.java:498)
<br/>at org.testng.internal.MethodInvocationHelper.invokeMethod(MethodInvocationHelper.java:80)
<br/>at org.testng.internal.Invoker.invokeMethod(Invoker.java:714)
<br/>at org.testng.internal.Invoker.invokeTestMethod(Invoker.java:901)
<br/>at org.testng.internal.Invoker.invokeTestMethods(Invoker.java:1231)
<br/>at org.testng.internal.TestMethodWorker.invokeTestMethods(TestMethodWorker.java:127)
<br/>at org.testng.internal.TestMethodWorker.run(TestMethodWorker.java:111)
<br/>at org.testng.TestRunner.privateRun(TestRunner.java:767)
<br/>at org.testng.TestRunner.run(TestRunner.java:617)
<br/>at org.testng.SuiteRunner.runTest(SuiteRunner.java:334)
<br/>at org.testng.SuiteRunner.runSequentially(SuiteRunner.java:329)
<br/>at org.testng.SuiteRunner.privateRun(SuiteRunner.java:291)
<br/>at org.testng.SuiteRunner.run(SuiteRunner.java:240)
<br/>at org.testng.SuiteRunnerWorker.runSuite(SuiteRunnerWorker.java:52)
<br/>at org.testng.SuiteRunnerWorker.run(SuiteRunnerWorker.java:86)
<br/>at org.testng.TestNG.runSuitesSequentially(TestNG.java:1198)
<br/>at org.testng.TestNG.runSuitesLocally(TestNG.java:1123)
<br/>at org.testng.TestNG.run(TestNG.java:1031)
<br/>at org.testng.remote.AbstractRemoteTestNG.run(AbstractRemoteTestNG.java:115)
<br/>at org.testng.remote.RemoteTestNG.initAndRun(RemoteTestNG.java:251)
<br/>at org.testng.remote.RemoteTestNG.main(RemoteTestNG.java:77)
<br/>1 lines not shown
</td></tr>
</table>
<p class="totop"><a href="#summary">back to summary</a></p>
</body></html>
