<?xml version="1.0" encoding="UTF-8"?>
<testng-results skipped="0" failed="10" total="10" passed="0">
  <reporter-output>
  </reporter-output>
  <suite name="Default suite" duration-ms="13234" started-at="2020-04-09T06:39:07Z" finished-at="2020-04-09T06:39:20Z">
    <groups>
      <group name="cucumber">
        <method signature="AbstractTestNGCucumberTests.feature(cucumber.api.testng.CucumberFeatureWrapper)[pri:0, instance:emr.runner.EmrLoginTest@7b122839]" name="feature" class="cucumber.api.testng.AbstractTestNGCucumberTests"/>
      </group> <!-- cucumber -->
    </groups>
    <test name="Default test" duration-ms="13234" started-at="2020-04-09T06:39:07Z" finished-at="2020-04-09T06:39:20Z">
      <class name="emr.runner.EmrLoginTest">
        <test-method status="PASS" signature="setUpClass()[pri:0, instance:emr.runner.EmrLoginTest@7b122839]" name="setUpClass" is-config="true" duration-ms="272" started-at="2020-04-09T02:39:07Z" finished-at="2020-04-09T02:39:07Z">
          <reporter-output>
          </reporter-output>
        </test-method> <!-- setUpClass -->
        <test-method status="FAIL" signature="feature(cucumber.api.testng.CucumberFeatureWrapper)[pri:0, instance:emr.runner.EmrLoginTest@7b122839]" name="feature" duration-ms="1926" started-at="2020-04-09T02:39:07Z" description="Runs Cucumber Feature" data-provider="features" finished-at="2020-04-09T02:39:09Z">
          <params>
            <param index="0">
              <value>
                <![CDATA[Add user Feature]]>
              </value>
            </param>
          </params>
          <exception class="cucumber.runtime.CucumberException">
            <message>
              <![CDATA[org.openqa.selenium.SessionNotCreatedException: session not created: This version of ChromeDriver only supports Chrome version 78
Build info: version: '3.12.0', revision: '7c6e0b3', time: '2018-05-08T14:04:26.12Z'
System info: host: 'DESKTOP-RIUS5ET', ip: '192.168.1.228', os.name: 'Windows 10', os.arch: 'amd64', os.version: '10.0', java.version: '1.8.0_201'
Driver info: driver.version: SetupDriver
remote stacktrace: Backtrace:
	Ordinal0 [0x0099A903+1550595]
	Ordinal0 [0x0091A701+1025793]
	Ordinal0 [0x0089C6E5+509669]
	Ordinal0 [0x0082FC68+64616]
	Ordinal0 [0x0082C594+50580]
	Ordinal0 [0x0084ACE7+175335]
	Ordinal0 [0x0084A8ED+174317]
	Ordinal0 [0x00848CDB+167131]
	Ordinal0 [0x0083144A+70730]
	Ordinal0 [0x008324D0+74960]
	Ordinal0 [0x00832469+74857]
	Ordinal0 [0x009342C7+1131207]
	GetHandleVerifier [0x00A370FD+523789]
	GetHandleVerifier [0x00A36E90+523168]
	GetHandleVerifier [0x00A3E1E7+552695]
	GetHandleVerifier [0x00A378FA+525834]
	Ordinal0 [0x0092B7FC+1095676]
	Ordinal0 [0x0093633B+1139515]
	Ordinal0 [0x009364A3+1139875]
	Ordinal0 [0x00935425+1135653]
	BaseThreadInitThunk [0x75EE6359+25]
	RtlGetAppContainerNamedObjectPath [0x77BB7B74+228]
	RtlGetAppContainerNamedObjectPath [0x77BB7B44+180]
]]>
            </message>
            <full-stacktrace>
              <![CDATA[cucumber.runtime.CucumberException: org.openqa.selenium.SessionNotCreatedException: session not created: This version of ChromeDriver only supports Chrome version 78
Build info: version: '3.12.0', revision: '7c6e0b3', time: '2018-05-08T14:04:26.12Z'
System info: host: 'DESKTOP-RIUS5ET', ip: '192.168.1.228', os.name: 'Windows 10', os.arch: 'amd64', os.version: '10.0', java.version: '1.8.0_201'
Driver info: driver.version: SetupDriver
remote stacktrace: Backtrace:
	Ordinal0 [0x0099A903+1550595]
	Ordinal0 [0x0091A701+1025793]
	Ordinal0 [0x0089C6E5+509669]
	Ordinal0 [0x0082FC68+64616]
	Ordinal0 [0x0082C594+50580]
	Ordinal0 [0x0084ACE7+175335]
	Ordinal0 [0x0084A8ED+174317]
	Ordinal0 [0x00848CDB+167131]
	Ordinal0 [0x0083144A+70730]
	Ordinal0 [0x008324D0+74960]
	Ordinal0 [0x00832469+74857]
	Ordinal0 [0x009342C7+1131207]
	GetHandleVerifier [0x00A370FD+523789]
	GetHandleVerifier [0x00A36E90+523168]
	GetHandleVerifier [0x00A3E1E7+552695]
	GetHandleVerifier [0x00A378FA+525834]
	Ordinal0 [0x0092B7FC+1095676]
	Ordinal0 [0x0093633B+1139515]
	Ordinal0 [0x009364A3+1139875]
	Ordinal0 [0x00935425+1135653]
	BaseThreadInitThunk [0x75EE6359+25]
	RtlGetAppContainerNamedObjectPath [0x77BB7B74+228]
	RtlGetAppContainerNamedObjectPath [0x77BB7B44+180]

	at cucumber.api.testng.TestNGCucumberRunner.runCucumber(TestNGCucumberRunner.java:69)
	at cucumber.api.testng.AbstractTestNGCucumberTests.feature(AbstractTestNGCucumberTests.java:21)
	at sun.reflect.NativeMethodAccessorImpl.invoke0(Native Method)
	at sun.reflect.NativeMethodAccessorImpl.invoke(NativeMethodAccessorImpl.java:62)
	at sun.reflect.DelegatingMethodAccessorImpl.invoke(DelegatingMethodAccessorImpl.java:43)
	at java.lang.reflect.Method.invoke(Method.java:498)
	at org.testng.internal.MethodInvocationHelper.invokeMethod(MethodInvocationHelper.java:80)
	at org.testng.internal.Invoker.invokeMethod(Invoker.java:714)
	at org.testng.internal.Invoker.invokeTestMethod(Invoker.java:901)
	at org.testng.internal.Invoker.invokeTestMethods(Invoker.java:1231)
	at org.testng.internal.TestMethodWorker.invokeTestMethods(TestMethodWorker.java:127)
	at org.testng.internal.TestMethodWorker.run(TestMethodWorker.java:111)
	at org.testng.TestRunner.privateRun(TestRunner.java:767)
	at org.testng.TestRunner.run(TestRunner.java:617)
	at org.testng.SuiteRunner.runTest(SuiteRunner.java:334)
	at org.testng.SuiteRunner.runSequentially(SuiteRunner.java:329)
	at org.testng.SuiteRunner.privateRun(SuiteRunner.java:291)
	at org.testng.SuiteRunner.run(SuiteRunner.java:240)
	at org.testng.SuiteRunnerWorker.runSuite(SuiteRunnerWorker.java:52)
	at org.testng.SuiteRunnerWorker.run(SuiteRunnerWorker.java:86)
	at org.testng.TestNG.runSuitesSequentially(TestNG.java:1198)
	at org.testng.TestNG.runSuitesLocally(TestNG.java:1123)
	at org.testng.TestNG.run(TestNG.java:1031)
	at org.testng.remote.AbstractRemoteTestNG.run(AbstractRemoteTestNG.java:115)
	at org.testng.remote.RemoteTestNG.initAndRun(RemoteTestNG.java:251)
	at org.testng.remote.RemoteTestNG.main(RemoteTestNG.java:77)
Caused by: org.openqa.selenium.SessionNotCreatedException: session not created: This version of ChromeDriver only supports Chrome version 78
Build info: version: '3.12.0', revision: '7c6e0b3', time: '2018-05-08T14:04:26.12Z'
System info: host: 'DESKTOP-RIUS5ET', ip: '192.168.1.228', os.name: 'Windows 10', os.arch: 'amd64', os.version: '10.0', java.version: '1.8.0_201'
Driver info: driver.version: SetupDriver
remote stacktrace: Backtrace:
	Ordinal0 [0x0099A903+1550595]
	Ordinal0 [0x0091A701+1025793]
	Ordinal0 [0x0089C6E5+509669]
	Ordinal0 [0x0082FC68+64616]
	Ordinal0 [0x0082C594+50580]
	Ordinal0 [0x0084ACE7+175335]
	Ordinal0 [0x0084A8ED+174317]
	Ordinal0 [0x00848CDB+167131]
	Ordinal0 [0x0083144A+70730]
	Ordinal0 [0x008324D0+74960]
	Ordinal0 [0x00832469+74857]
	Ordinal0 [0x009342C7+1131207]
	GetHandleVerifier [0x00A370FD+523789]
	GetHandleVerifier [0x00A36E90+523168]
	GetHandleVerifier [0x00A3E1E7+552695]
	GetHandleVerifier [0x00A378FA+525834]
	Ordinal0 [0x0092B7FC+1095676]
	Ordinal0 [0x0093633B+1139515]
	Ordinal0 [0x009364A3+1139875]
	Ordinal0 [0x00935425+1135653]
	BaseThreadInitThunk [0x75EE6359+25]
	RtlGetAppContainerNamedObjectPath [0x77BB7B74+228]
	RtlGetAppContainerNamedObjectPath [0x77BB7B44+180]

	at sun.reflect.NativeConstructorAccessorImpl.newInstance0(Native Method)
	at sun.reflect.NativeConstructorAccessorImpl.newInstance(NativeConstructorAccessorImpl.java:62)
	at sun.reflect.DelegatingConstructorAccessorImpl.newInstance(DelegatingConstructorAccessorImpl.java:45)
	at java.lang.reflect.Constructor.newInstance(Constructor.java:423)
	at org.openqa.selenium.remote.W3CHandshakeResponse.lambda$new$0(W3CHandshakeResponse.java:57)
	at org.openqa.selenium.remote.W3CHandshakeResponse.lambda$getResponseFunction$2(W3CHandshakeResponse.java:104)
	at org.openqa.selenium.remote.ProtocolHandshake.lambda$createSession$0(ProtocolHandshake.java:123)
	at java.util.stream.ReferencePipeline$3$1.accept(ReferencePipeline.java:193)
	at java.util.Spliterators$ArraySpliterator.tryAdvance(Spliterators.java:958)
	at java.util.stream.ReferencePipeline.forEachWithCancel(ReferencePipeline.java:126)
	at java.util.stream.AbstractPipeline.copyIntoWithCancel(AbstractPipeline.java:498)
	at java.util.stream.AbstractPipeline.copyInto(AbstractPipeline.java:485)
	at java.util.stream.AbstractPipeline.wrapAndCopyInto(AbstractPipeline.java:471)
	at java.util.stream.FindOps$FindOp.evaluateSequential(FindOps.java:152)
	at java.util.stream.AbstractPipeline.evaluate(AbstractPipeline.java:234)
	at java.util.stream.ReferencePipeline.findFirst(ReferencePipeline.java:464)
	at org.openqa.selenium.remote.ProtocolHandshake.createSession(ProtocolHandshake.java:126)
	at org.openqa.selenium.remote.ProtocolHandshake.createSession(ProtocolHandshake.java:73)
	at org.openqa.selenium.remote.HttpCommandExecutor.execute(HttpCommandExecutor.java:136)
	at org.openqa.selenium.remote.service.DriverCommandExecutor.execute(DriverCommandExecutor.java:83)
	at org.openqa.selenium.remote.RemoteWebDriver.execute(RemoteWebDriver.java:543)
	at org.openqa.selenium.remote.RemoteWebDriver.startSession(RemoteWebDriver.java:207)
	at org.openqa.selenium.remote.RemoteWebDriver.<init>(RemoteWebDriver.java:130)
	at org.openqa.selenium.chrome.ChromeDriver.<init>(ChromeDriver.java:181)
	at org.openqa.selenium.chrome.ChromeDriver.<init>(ChromeDriver.java:168)
	at org.openqa.selenium.chrome.ChromeDriver.<init>(ChromeDriver.java:123)
	at emr.utilities.SetupDriver.getChromeDriver(SetupDriver.java:18)
	at emr.utilities.BeforeActions.setUp(BeforeActions.java:14)
	at sun.reflect.NativeMethodAccessorImpl.invoke0(Native Method)
	at sun.reflect.NativeMethodAccessorImpl.invoke(NativeMethodAccessorImpl.java:62)
	at sun.reflect.DelegatingMethodAccessorImpl.invoke(DelegatingMethodAccessorImpl.java:43)
	at java.lang.reflect.Method.invoke(Method.java:498)
	at cucumber.runtime.Utils$1.call(Utils.java:37)
	at cucumber.runtime.Timeout.timeout(Timeout.java:13)
	at cucumber.runtime.Utils.invoke(Utils.java:31)
	at cucumber.runtime.java.JavaHookDefinition.execute(JavaHookDefinition.java:60)
	at cucumber.runtime.Runtime.runHookIfTagsMatch(Runtime.java:223)
	at cucumber.runtime.Runtime.runHooks(Runtime.java:211)
	at cucumber.runtime.Runtime.runBeforeHooks(Runtime.java:201)
	at cucumber.runtime.model.CucumberScenario.run(CucumberScenario.java:40)
	at cucumber.runtime.model.CucumberFeature.run(CucumberFeature.java:165)
	at cucumber.api.testng.TestNGCucumberRunner.runCucumber(TestNGCucumberRunner.java:63)
	... 25 more
]]>
            </full-stacktrace>
          </exception> <!-- cucumber.runtime.CucumberException -->
          <reporter-output>
          </reporter-output>
        </test-method> <!-- feature -->
        <test-method status="FAIL" signature="feature(cucumber.api.testng.CucumberFeatureWrapper)[pri:0, instance:emr.runner.EmrLoginTest@7b122839]" name="feature" duration-ms="1132" started-at="2020-04-09T02:39:09Z" description="Runs Cucumber Feature" data-provider="features" finished-at="2020-04-09T02:39:10Z">
          <params>
            <param index="0">
              <value>
                <![CDATA[Emrs Invoice Generate Feature]]>
              </value>
            </param>
          </params>
          <exception class="cucumber.runtime.CucumberException">
            <message>
              <![CDATA[org.openqa.selenium.SessionNotCreatedException: session not created: This version of ChromeDriver only supports Chrome version 78
Build info: version: '3.12.0', revision: '7c6e0b3', time: '2018-05-08T14:04:26.12Z'
System info: host: 'DESKTOP-RIUS5ET', ip: '192.168.1.228', os.name: 'Windows 10', os.arch: 'amd64', os.version: '10.0', java.version: '1.8.0_201'
Driver info: driver.version: SetupDriver
remote stacktrace: Backtrace:
	Ordinal0 [0x0099A903+1550595]
	Ordinal0 [0x0091A701+1025793]
	Ordinal0 [0x0089C6E5+509669]
	Ordinal0 [0x0082FC68+64616]
	Ordinal0 [0x0082C594+50580]
	Ordinal0 [0x0084ACE7+175335]
	Ordinal0 [0x0084A8ED+174317]
	Ordinal0 [0x00848CDB+167131]
	Ordinal0 [0x0083144A+70730]
	Ordinal0 [0x008324D0+74960]
	Ordinal0 [0x00832469+74857]
	Ordinal0 [0x009342C7+1131207]
	GetHandleVerifier [0x00A370FD+523789]
	GetHandleVerifier [0x00A36E90+523168]
	GetHandleVerifier [0x00A3E1E7+552695]
	GetHandleVerifier [0x00A378FA+525834]
	Ordinal0 [0x0092B7FC+1095676]
	Ordinal0 [0x0093633B+1139515]
	Ordinal0 [0x009364A3+1139875]
	Ordinal0 [0x00935425+1135653]
	BaseThreadInitThunk [0x75EE6359+25]
	RtlGetAppContainerNamedObjectPath [0x77BB7B74+228]
	RtlGetAppContainerNamedObjectPath [0x77BB7B44+180]
]]>
            </message>
            <full-stacktrace>
              <![CDATA[cucumber.runtime.CucumberException: org.openqa.selenium.SessionNotCreatedException: session not created: This version of ChromeDriver only supports Chrome version 78
Build info: version: '3.12.0', revision: '7c6e0b3', time: '2018-05-08T14:04:26.12Z'
System info: host: 'DESKTOP-RIUS5ET', ip: '192.168.1.228', os.name: 'Windows 10', os.arch: 'amd64', os.version: '10.0', java.version: '1.8.0_201'
Driver info: driver.version: SetupDriver
remote stacktrace: Backtrace:
	Ordinal0 [0x0099A903+1550595]
	Ordinal0 [0x0091A701+1025793]
	Ordinal0 [0x0089C6E5+509669]
	Ordinal0 [0x0082FC68+64616]
	Ordinal0 [0x0082C594+50580]
	Ordinal0 [0x0084ACE7+175335]
	Ordinal0 [0x0084A8ED+174317]
	Ordinal0 [0x00848CDB+167131]
	Ordinal0 [0x0083144A+70730]
	Ordinal0 [0x008324D0+74960]
	Ordinal0 [0x00832469+74857]
	Ordinal0 [0x009342C7+1131207]
	GetHandleVerifier [0x00A370FD+523789]
	GetHandleVerifier [0x00A36E90+523168]
	GetHandleVerifier [0x00A3E1E7+552695]
	GetHandleVerifier [0x00A378FA+525834]
	Ordinal0 [0x0092B7FC+1095676]
	Ordinal0 [0x0093633B+1139515]
	Ordinal0 [0x009364A3+1139875]
	Ordinal0 [0x00935425+1135653]
	BaseThreadInitThunk [0x75EE6359+25]
	RtlGetAppContainerNamedObjectPath [0x77BB7B74+228]
	RtlGetAppContainerNamedObjectPath [0x77BB7B44+180]

	at cucumber.api.testng.TestNGCucumberRunner.runCucumber(TestNGCucumberRunner.java:69)
	at cucumber.api.testng.AbstractTestNGCucumberTests.feature(AbstractTestNGCucumberTests.java:21)
	at sun.reflect.NativeMethodAccessorImpl.invoke0(Native Method)
	at sun.reflect.NativeMethodAccessorImpl.invoke(NativeMethodAccessorImpl.java:62)
	at sun.reflect.DelegatingMethodAccessorImpl.invoke(DelegatingMethodAccessorImpl.java:43)
	at java.lang.reflect.Method.invoke(Method.java:498)
	at org.testng.internal.MethodInvocationHelper.invokeMethod(MethodInvocationHelper.java:80)
	at org.testng.internal.Invoker.invokeMethod(Invoker.java:714)
	at org.testng.internal.Invoker.invokeTestMethod(Invoker.java:901)
	at org.testng.internal.Invoker.invokeTestMethods(Invoker.java:1231)
	at org.testng.internal.TestMethodWorker.invokeTestMethods(TestMethodWorker.java:127)
	at org.testng.internal.TestMethodWorker.run(TestMethodWorker.java:111)
	at org.testng.TestRunner.privateRun(TestRunner.java:767)
	at org.testng.TestRunner.run(TestRunner.java:617)
	at org.testng.SuiteRunner.runTest(SuiteRunner.java:334)
	at org.testng.SuiteRunner.runSequentially(SuiteRunner.java:329)
	at org.testng.SuiteRunner.privateRun(SuiteRunner.java:291)
	at org.testng.SuiteRunner.run(SuiteRunner.java:240)
	at org.testng.SuiteRunnerWorker.runSuite(SuiteRunnerWorker.java:52)
	at org.testng.SuiteRunnerWorker.run(SuiteRunnerWorker.java:86)
	at org.testng.TestNG.runSuitesSequentially(TestNG.java:1198)
	at org.testng.TestNG.runSuitesLocally(TestNG.java:1123)
	at org.testng.TestNG.run(TestNG.java:1031)
	at org.testng.remote.AbstractRemoteTestNG.run(AbstractRemoteTestNG.java:115)
	at org.testng.remote.RemoteTestNG.initAndRun(RemoteTestNG.java:251)
	at org.testng.remote.RemoteTestNG.main(RemoteTestNG.java:77)
Caused by: org.openqa.selenium.SessionNotCreatedException: session not created: This version of ChromeDriver only supports Chrome version 78
Build info: version: '3.12.0', revision: '7c6e0b3', time: '2018-05-08T14:04:26.12Z'
System info: host: 'DESKTOP-RIUS5ET', ip: '192.168.1.228', os.name: 'Windows 10', os.arch: 'amd64', os.version: '10.0', java.version: '1.8.0_201'
Driver info: driver.version: SetupDriver
remote stacktrace: Backtrace:
	Ordinal0 [0x0099A903+1550595]
	Ordinal0 [0x0091A701+1025793]
	Ordinal0 [0x0089C6E5+509669]
	Ordinal0 [0x0082FC68+64616]
	Ordinal0 [0x0082C594+50580]
	Ordinal0 [0x0084ACE7+175335]
	Ordinal0 [0x0084A8ED+174317]
	Ordinal0 [0x00848CDB+167131]
	Ordinal0 [0x0083144A+70730]
	Ordinal0 [0x008324D0+74960]
	Ordinal0 [0x00832469+74857]
	Ordinal0 [0x009342C7+1131207]
	GetHandleVerifier [0x00A370FD+523789]
	GetHandleVerifier [0x00A36E90+523168]
	GetHandleVerifier [0x00A3E1E7+552695]
	GetHandleVerifier [0x00A378FA+525834]
	Ordinal0 [0x0092B7FC+1095676]
	Ordinal0 [0x0093633B+1139515]
	Ordinal0 [0x009364A3+1139875]
	Ordinal0 [0x00935425+1135653]
	BaseThreadInitThunk [0x75EE6359+25]
	RtlGetAppContainerNamedObjectPath [0x77BB7B74+228]
	RtlGetAppContainerNamedObjectPath [0x77BB7B44+180]

	at sun.reflect.NativeConstructorAccessorImpl.newInstance0(Native Method)
	at sun.reflect.NativeConstructorAccessorImpl.newInstance(NativeConstructorAccessorImpl.java:62)
	at sun.reflect.DelegatingConstructorAccessorImpl.newInstance(DelegatingConstructorAccessorImpl.java:45)
	at java.lang.reflect.Constructor.newInstance(Constructor.java:423)
	at org.openqa.selenium.remote.W3CHandshakeResponse.lambda$new$0(W3CHandshakeResponse.java:57)
	at org.openqa.selenium.remote.W3CHandshakeResponse.lambda$getResponseFunction$2(W3CHandshakeResponse.java:104)
	at org.openqa.selenium.remote.ProtocolHandshake.lambda$createSession$0(ProtocolHandshake.java:123)
	at java.util.stream.ReferencePipeline$3$1.accept(ReferencePipeline.java:193)
	at java.util.Spliterators$ArraySpliterator.tryAdvance(Spliterators.java:958)
	at java.util.stream.ReferencePipeline.forEachWithCancel(ReferencePipeline.java:126)
	at java.util.stream.AbstractPipeline.copyIntoWithCancel(AbstractPipeline.java:498)
	at java.util.stream.AbstractPipeline.copyInto(AbstractPipeline.java:485)
	at java.util.stream.AbstractPipeline.wrapAndCopyInto(AbstractPipeline.java:471)
	at java.util.stream.FindOps$FindOp.evaluateSequential(FindOps.java:152)
	at java.util.stream.AbstractPipeline.evaluate(AbstractPipeline.java:234)
	at java.util.stream.ReferencePipeline.findFirst(ReferencePipeline.java:464)
	at org.openqa.selenium.remote.ProtocolHandshake.createSession(ProtocolHandshake.java:126)
	at org.openqa.selenium.remote.ProtocolHandshake.createSession(ProtocolHandshake.java:73)
	at org.openqa.selenium.remote.HttpCommandExecutor.execute(HttpCommandExecutor.java:136)
	at org.openqa.selenium.remote.service.DriverCommandExecutor.execute(DriverCommandExecutor.java:83)
	at org.openqa.selenium.remote.RemoteWebDriver.execute(RemoteWebDriver.java:543)
	at org.openqa.selenium.remote.RemoteWebDriver.startSession(RemoteWebDriver.java:207)
	at org.openqa.selenium.remote.RemoteWebDriver.<init>(RemoteWebDriver.java:130)
	at org.openqa.selenium.chrome.ChromeDriver.<init>(ChromeDriver.java:181)
	at org.openqa.selenium.chrome.ChromeDriver.<init>(ChromeDriver.java:168)
	at org.openqa.selenium.chrome.ChromeDriver.<init>(ChromeDriver.java:123)
	at emr.utilities.SetupDriver.getChromeDriver(SetupDriver.java:18)
	at emr.utilities.BeforeActions.setUp(BeforeActions.java:14)
	at sun.reflect.NativeMethodAccessorImpl.invoke0(Native Method)
	at sun.reflect.NativeMethodAccessorImpl.invoke(NativeMethodAccessorImpl.java:62)
	at sun.reflect.DelegatingMethodAccessorImpl.invoke(DelegatingMethodAccessorImpl.java:43)
	at java.lang.reflect.Method.invoke(Method.java:498)
	at cucumber.runtime.Utils$1.call(Utils.java:37)
	at cucumber.runtime.Timeout.timeout(Timeout.java:13)
	at cucumber.runtime.Utils.invoke(Utils.java:31)
	at cucumber.runtime.java.JavaHookDefinition.execute(JavaHookDefinition.java:60)
	at cucumber.runtime.Runtime.runHookIfTagsMatch(Runtime.java:223)
	at cucumber.runtime.Runtime.runHooks(Runtime.java:211)
	at cucumber.runtime.Runtime.runBeforeHooks(Runtime.java:201)
	at cucumber.runtime.model.CucumberScenario.run(CucumberScenario.java:40)
	at cucumber.runtime.model.CucumberFeature.run(CucumberFeature.java:165)
	at cucumber.api.testng.TestNGCucumberRunner.runCucumber(TestNGCucumberRunner.java:63)
	... 25 more
]]>
            </full-stacktrace>
          </exception> <!-- cucumber.runtime.CucumberException -->
          <reporter-output>
          </reporter-output>
        </test-method> <!-- feature -->
        <test-method status="FAIL" signature="feature(cucumber.api.testng.CucumberFeatureWrapper)[pri:0, instance:emr.runner.EmrLoginTest@7b122839]" name="feature" duration-ms="1180" started-at="2020-04-09T02:39:10Z" description="Runs Cucumber Feature" data-provider="features" finished-at="2020-04-09T02:39:11Z">
          <params>
            <param index="0">
              <value>
                <![CDATA[Emrs New Patient Create Feature]]>
              </value>
            </param>
          </params>
          <exception class="cucumber.runtime.CucumberException">
            <message>
              <![CDATA[org.openqa.selenium.SessionNotCreatedException: session not created: This version of ChromeDriver only supports Chrome version 78
Build info: version: '3.12.0', revision: '7c6e0b3', time: '2018-05-08T14:04:26.12Z'
System info: host: 'DESKTOP-RIUS5ET', ip: '192.168.1.228', os.name: 'Windows 10', os.arch: 'amd64', os.version: '10.0', java.version: '1.8.0_201'
Driver info: driver.version: SetupDriver
remote stacktrace: Backtrace:
	Ordinal0 [0x0099A903+1550595]
	Ordinal0 [0x0091A701+1025793]
	Ordinal0 [0x0089C6E5+509669]
	Ordinal0 [0x0082FC68+64616]
	Ordinal0 [0x0082C594+50580]
	Ordinal0 [0x0084ACE7+175335]
	Ordinal0 [0x0084A8ED+174317]
	Ordinal0 [0x00848CDB+167131]
	Ordinal0 [0x0083144A+70730]
	Ordinal0 [0x008324D0+74960]
	Ordinal0 [0x00832469+74857]
	Ordinal0 [0x009342C7+1131207]
	GetHandleVerifier [0x00A370FD+523789]
	GetHandleVerifier [0x00A36E90+523168]
	GetHandleVerifier [0x00A3E1E7+552695]
	GetHandleVerifier [0x00A378FA+525834]
	Ordinal0 [0x0092B7FC+1095676]
	Ordinal0 [0x0093633B+1139515]
	Ordinal0 [0x009364A3+1139875]
	Ordinal0 [0x00935425+1135653]
	BaseThreadInitThunk [0x75EE6359+25]
	RtlGetAppContainerNamedObjectPath [0x77BB7B74+228]
	RtlGetAppContainerNamedObjectPath [0x77BB7B44+180]
]]>
            </message>
            <full-stacktrace>
              <![CDATA[cucumber.runtime.CucumberException: org.openqa.selenium.SessionNotCreatedException: session not created: This version of ChromeDriver only supports Chrome version 78
Build info: version: '3.12.0', revision: '7c6e0b3', time: '2018-05-08T14:04:26.12Z'
System info: host: 'DESKTOP-RIUS5ET', ip: '192.168.1.228', os.name: 'Windows 10', os.arch: 'amd64', os.version: '10.0', java.version: '1.8.0_201'
Driver info: driver.version: SetupDriver
remote stacktrace: Backtrace:
	Ordinal0 [0x0099A903+1550595]
	Ordinal0 [0x0091A701+1025793]
	Ordinal0 [0x0089C6E5+509669]
	Ordinal0 [0x0082FC68+64616]
	Ordinal0 [0x0082C594+50580]
	Ordinal0 [0x0084ACE7+175335]
	Ordinal0 [0x0084A8ED+174317]
	Ordinal0 [0x00848CDB+167131]
	Ordinal0 [0x0083144A+70730]
	Ordinal0 [0x008324D0+74960]
	Ordinal0 [0x00832469+74857]
	Ordinal0 [0x009342C7+1131207]
	GetHandleVerifier [0x00A370FD+523789]
	GetHandleVerifier [0x00A36E90+523168]
	GetHandleVerifier [0x00A3E1E7+552695]
	GetHandleVerifier [0x00A378FA+525834]
	Ordinal0 [0x0092B7FC+1095676]
	Ordinal0 [0x0093633B+1139515]
	Ordinal0 [0x009364A3+1139875]
	Ordinal0 [0x00935425+1135653]
	BaseThreadInitThunk [0x75EE6359+25]
	RtlGetAppContainerNamedObjectPath [0x77BB7B74+228]
	RtlGetAppContainerNamedObjectPath [0x77BB7B44+180]

	at cucumber.api.testng.TestNGCucumberRunner.runCucumber(TestNGCucumberRunner.java:69)
	at cucumber.api.testng.AbstractTestNGCucumberTests.feature(AbstractTestNGCucumberTests.java:21)
	at sun.reflect.NativeMethodAccessorImpl.invoke0(Native Method)
	at sun.reflect.NativeMethodAccessorImpl.invoke(NativeMethodAccessorImpl.java:62)
	at sun.reflect.DelegatingMethodAccessorImpl.invoke(DelegatingMethodAccessorImpl.java:43)
	at java.lang.reflect.Method.invoke(Method.java:498)
	at org.testng.internal.MethodInvocationHelper.invokeMethod(MethodInvocationHelper.java:80)
	at org.testng.internal.Invoker.invokeMethod(Invoker.java:714)
	at org.testng.internal.Invoker.invokeTestMethod(Invoker.java:901)
	at org.testng.internal.Invoker.invokeTestMethods(Invoker.java:1231)
	at org.testng.internal.TestMethodWorker.invokeTestMethods(TestMethodWorker.java:127)
	at org.testng.internal.TestMethodWorker.run(TestMethodWorker.java:111)
	at org.testng.TestRunner.privateRun(TestRunner.java:767)
	at org.testng.TestRunner.run(TestRunner.java:617)
	at org.testng.SuiteRunner.runTest(SuiteRunner.java:334)
	at org.testng.SuiteRunner.runSequentially(SuiteRunner.java:329)
	at org.testng.SuiteRunner.privateRun(SuiteRunner.java:291)
	at org.testng.SuiteRunner.run(SuiteRunner.java:240)
	at org.testng.SuiteRunnerWorker.runSuite(SuiteRunnerWorker.java:52)
	at org.testng.SuiteRunnerWorker.run(SuiteRunnerWorker.java:86)
	at org.testng.TestNG.runSuitesSequentially(TestNG.java:1198)
	at org.testng.TestNG.runSuitesLocally(TestNG.java:1123)
	at org.testng.TestNG.run(TestNG.java:1031)
	at org.testng.remote.AbstractRemoteTestNG.run(AbstractRemoteTestNG.java:115)
	at org.testng.remote.RemoteTestNG.initAndRun(RemoteTestNG.java:251)
	at org.testng.remote.RemoteTestNG.main(RemoteTestNG.java:77)
Caused by: org.openqa.selenium.SessionNotCreatedException: session not created: This version of ChromeDriver only supports Chrome version 78
Build info: version: '3.12.0', revision: '7c6e0b3', time: '2018-05-08T14:04:26.12Z'
System info: host: 'DESKTOP-RIUS5ET', ip: '192.168.1.228', os.name: 'Windows 10', os.arch: 'amd64', os.version: '10.0', java.version: '1.8.0_201'
Driver info: driver.version: SetupDriver
remote stacktrace: Backtrace:
	Ordinal0 [0x0099A903+1550595]
	Ordinal0 [0x0091A701+1025793]
	Ordinal0 [0x0089C6E5+509669]
	Ordinal0 [0x0082FC68+64616]
	Ordinal0 [0x0082C594+50580]
	Ordinal0 [0x0084ACE7+175335]
	Ordinal0 [0x0084A8ED+174317]
	Ordinal0 [0x00848CDB+167131]
	Ordinal0 [0x0083144A+70730]
	Ordinal0 [0x008324D0+74960]
	Ordinal0 [0x00832469+74857]
	Ordinal0 [0x009342C7+1131207]
	GetHandleVerifier [0x00A370FD+523789]
	GetHandleVerifier [0x00A36E90+523168]
	GetHandleVerifier [0x00A3E1E7+552695]
	GetHandleVerifier [0x00A378FA+525834]
	Ordinal0 [0x0092B7FC+1095676]
	Ordinal0 [0x0093633B+1139515]
	Ordinal0 [0x009364A3+1139875]
	Ordinal0 [0x00935425+1135653]
	BaseThreadInitThunk [0x75EE6359+25]
	RtlGetAppContainerNamedObjectPath [0x77BB7B74+228]
	RtlGetAppContainerNamedObjectPath [0x77BB7B44+180]

	at sun.reflect.NativeConstructorAccessorImpl.newInstance0(Native Method)
	at sun.reflect.NativeConstructorAccessorImpl.newInstance(NativeConstructorAccessorImpl.java:62)
	at sun.reflect.DelegatingConstructorAccessorImpl.newInstance(DelegatingConstructorAccessorImpl.java:45)
	at java.lang.reflect.Constructor.newInstance(Constructor.java:423)
	at org.openqa.selenium.remote.W3CHandshakeResponse.lambda$new$0(W3CHandshakeResponse.java:57)
	at org.openqa.selenium.remote.W3CHandshakeResponse.lambda$getResponseFunction$2(W3CHandshakeResponse.java:104)
	at org.openqa.selenium.remote.ProtocolHandshake.lambda$createSession$0(ProtocolHandshake.java:123)
	at java.util.stream.ReferencePipeline$3$1.accept(ReferencePipeline.java:193)
	at java.util.Spliterators$ArraySpliterator.tryAdvance(Spliterators.java:958)
	at java.util.stream.ReferencePipeline.forEachWithCancel(ReferencePipeline.java:126)
	at java.util.stream.AbstractPipeline.copyIntoWithCancel(AbstractPipeline.java:498)
	at java.util.stream.AbstractPipeline.copyInto(AbstractPipeline.java:485)
	at java.util.stream.AbstractPipeline.wrapAndCopyInto(AbstractPipeline.java:471)
	at java.util.stream.FindOps$FindOp.evaluateSequential(FindOps.java:152)
	at java.util.stream.AbstractPipeline.evaluate(AbstractPipeline.java:234)
	at java.util.stream.ReferencePipeline.findFirst(ReferencePipeline.java:464)
	at org.openqa.selenium.remote.ProtocolHandshake.createSession(ProtocolHandshake.java:126)
	at org.openqa.selenium.remote.ProtocolHandshake.createSession(ProtocolHandshake.java:73)
	at org.openqa.selenium.remote.HttpCommandExecutor.execute(HttpCommandExecutor.java:136)
	at org.openqa.selenium.remote.service.DriverCommandExecutor.execute(DriverCommandExecutor.java:83)
	at org.openqa.selenium.remote.RemoteWebDriver.execute(RemoteWebDriver.java:543)
	at org.openqa.selenium.remote.RemoteWebDriver.startSession(RemoteWebDriver.java:207)
	at org.openqa.selenium.remote.RemoteWebDriver.<init>(RemoteWebDriver.java:130)
	at org.openqa.selenium.chrome.ChromeDriver.<init>(ChromeDriver.java:181)
	at org.openqa.selenium.chrome.ChromeDriver.<init>(ChromeDriver.java:168)
	at org.openqa.selenium.chrome.ChromeDriver.<init>(ChromeDriver.java:123)
	at emr.utilities.SetupDriver.getChromeDriver(SetupDriver.java:18)
	at emr.utilities.BeforeActions.setUp(BeforeActions.java:14)
	at sun.reflect.NativeMethodAccessorImpl.invoke0(Native Method)
	at sun.reflect.NativeMethodAccessorImpl.invoke(NativeMethodAccessorImpl.java:62)
	at sun.reflect.DelegatingMethodAccessorImpl.invoke(DelegatingMethodAccessorImpl.java:43)
	at java.lang.reflect.Method.invoke(Method.java:498)
	at cucumber.runtime.Utils$1.call(Utils.java:37)
	at cucumber.runtime.Timeout.timeout(Timeout.java:13)
	at cucumber.runtime.Utils.invoke(Utils.java:31)
	at cucumber.runtime.java.JavaHookDefinition.execute(JavaHookDefinition.java:60)
	at cucumber.runtime.Runtime.runHookIfTagsMatch(Runtime.java:223)
	at cucumber.runtime.Runtime.runHooks(Runtime.java:211)
	at cucumber.runtime.Runtime.runBeforeHooks(Runtime.java:201)
	at cucumber.runtime.model.CucumberScenario.run(CucumberScenario.java:40)
	at cucumber.runtime.model.CucumberFeature.run(CucumberFeature.java:165)
	at cucumber.api.testng.TestNGCucumberRunner.runCucumber(TestNGCucumberRunner.java:63)
	... 25 more
]]>
            </full-stacktrace>
          </exception> <!-- cucumber.runtime.CucumberException -->
          <reporter-output>
          </reporter-output>
        </test-method> <!-- feature -->
        <test-method status="FAIL" signature="feature(cucumber.api.testng.CucumberFeatureWrapper)[pri:0, instance:emr.runner.EmrLoginTest@7b122839]" name="feature" duration-ms="1205" started-at="2020-04-09T02:39:11Z" description="Runs Cucumber Feature" data-provider="features" finished-at="2020-04-09T02:39:13Z">
          <params>
            <param index="0">
              <value>
                <![CDATA[Emrs Login Feature]]>
              </value>
            </param>
          </params>
          <exception class="cucumber.runtime.CucumberException">
            <message>
              <![CDATA[org.openqa.selenium.SessionNotCreatedException: session not created: This version of ChromeDriver only supports Chrome version 78
Build info: version: '3.12.0', revision: '7c6e0b3', time: '2018-05-08T14:04:26.12Z'
System info: host: 'DESKTOP-RIUS5ET', ip: '192.168.1.228', os.name: 'Windows 10', os.arch: 'amd64', os.version: '10.0', java.version: '1.8.0_201'
Driver info: driver.version: SetupDriver
remote stacktrace: Backtrace:
	Ordinal0 [0x0099A903+1550595]
	Ordinal0 [0x0091A701+1025793]
	Ordinal0 [0x0089C6E5+509669]
	Ordinal0 [0x0082FC68+64616]
	Ordinal0 [0x0082C594+50580]
	Ordinal0 [0x0084ACE7+175335]
	Ordinal0 [0x0084A8ED+174317]
	Ordinal0 [0x00848CDB+167131]
	Ordinal0 [0x0083144A+70730]
	Ordinal0 [0x008324D0+74960]
	Ordinal0 [0x00832469+74857]
	Ordinal0 [0x009342C7+1131207]
	GetHandleVerifier [0x00A370FD+523789]
	GetHandleVerifier [0x00A36E90+523168]
	GetHandleVerifier [0x00A3E1E7+552695]
	GetHandleVerifier [0x00A378FA+525834]
	Ordinal0 [0x0092B7FC+1095676]
	Ordinal0 [0x0093633B+1139515]
	Ordinal0 [0x009364A3+1139875]
	Ordinal0 [0x00935425+1135653]
	BaseThreadInitThunk [0x75EE6359+25]
	RtlGetAppContainerNamedObjectPath [0x77BB7B74+228]
	RtlGetAppContainerNamedObjectPath [0x77BB7B44+180]
]]>
            </message>
            <full-stacktrace>
              <![CDATA[cucumber.runtime.CucumberException: org.openqa.selenium.SessionNotCreatedException: session not created: This version of ChromeDriver only supports Chrome version 78
Build info: version: '3.12.0', revision: '7c6e0b3', time: '2018-05-08T14:04:26.12Z'
System info: host: 'DESKTOP-RIUS5ET', ip: '192.168.1.228', os.name: 'Windows 10', os.arch: 'amd64', os.version: '10.0', java.version: '1.8.0_201'
Driver info: driver.version: SetupDriver
remote stacktrace: Backtrace:
	Ordinal0 [0x0099A903+1550595]
	Ordinal0 [0x0091A701+1025793]
	Ordinal0 [0x0089C6E5+509669]
	Ordinal0 [0x0082FC68+64616]
	Ordinal0 [0x0082C594+50580]
	Ordinal0 [0x0084ACE7+175335]
	Ordinal0 [0x0084A8ED+174317]
	Ordinal0 [0x00848CDB+167131]
	Ordinal0 [0x0083144A+70730]
	Ordinal0 [0x008324D0+74960]
	Ordinal0 [0x00832469+74857]
	Ordinal0 [0x009342C7+1131207]
	GetHandleVerifier [0x00A370FD+523789]
	GetHandleVerifier [0x00A36E90+523168]
	GetHandleVerifier [0x00A3E1E7+552695]
	GetHandleVerifier [0x00A378FA+525834]
	Ordinal0 [0x0092B7FC+1095676]
	Ordinal0 [0x0093633B+1139515]
	Ordinal0 [0x009364A3+1139875]
	Ordinal0 [0x00935425+1135653]
	BaseThreadInitThunk [0x75EE6359+25]
	RtlGetAppContainerNamedObjectPath [0x77BB7B74+228]
	RtlGetAppContainerNamedObjectPath [0x77BB7B44+180]

	at cucumber.api.testng.TestNGCucumberRunner.runCucumber(TestNGCucumberRunner.java:69)
	at cucumber.api.testng.AbstractTestNGCucumberTests.feature(AbstractTestNGCucumberTests.java:21)
	at sun.reflect.NativeMethodAccessorImpl.invoke0(Native Method)
	at sun.reflect.NativeMethodAccessorImpl.invoke(NativeMethodAccessorImpl.java:62)
	at sun.reflect.DelegatingMethodAccessorImpl.invoke(DelegatingMethodAccessorImpl.java:43)
	at java.lang.reflect.Method.invoke(Method.java:498)
	at org.testng.internal.MethodInvocationHelper.invokeMethod(MethodInvocationHelper.java:80)
	at org.testng.internal.Invoker.invokeMethod(Invoker.java:714)
	at org.testng.internal.Invoker.invokeTestMethod(Invoker.java:901)
	at org.testng.internal.Invoker.invokeTestMethods(Invoker.java:1231)
	at org.testng.internal.TestMethodWorker.invokeTestMethods(TestMethodWorker.java:127)
	at org.testng.internal.TestMethodWorker.run(TestMethodWorker.java:111)
	at org.testng.TestRunner.privateRun(TestRunner.java:767)
	at org.testng.TestRunner.run(TestRunner.java:617)
	at org.testng.SuiteRunner.runTest(SuiteRunner.java:334)
	at org.testng.SuiteRunner.runSequentially(SuiteRunner.java:329)
	at org.testng.SuiteRunner.privateRun(SuiteRunner.java:291)
	at org.testng.SuiteRunner.run(SuiteRunner.java:240)
	at org.testng.SuiteRunnerWorker.runSuite(SuiteRunnerWorker.java:52)
	at org.testng.SuiteRunnerWorker.run(SuiteRunnerWorker.java:86)
	at org.testng.TestNG.runSuitesSequentially(TestNG.java:1198)
	at org.testng.TestNG.runSuitesLocally(TestNG.java:1123)
	at org.testng.TestNG.run(TestNG.java:1031)
	at org.testng.remote.AbstractRemoteTestNG.run(AbstractRemoteTestNG.java:115)
	at org.testng.remote.RemoteTestNG.initAndRun(RemoteTestNG.java:251)
	at org.testng.remote.RemoteTestNG.main(RemoteTestNG.java:77)
Caused by: org.openqa.selenium.SessionNotCreatedException: session not created: This version of ChromeDriver only supports Chrome version 78
Build info: version: '3.12.0', revision: '7c6e0b3', time: '2018-05-08T14:04:26.12Z'
System info: host: 'DESKTOP-RIUS5ET', ip: '192.168.1.228', os.name: 'Windows 10', os.arch: 'amd64', os.version: '10.0', java.version: '1.8.0_201'
Driver info: driver.version: SetupDriver
remote stacktrace: Backtrace:
	Ordinal0 [0x0099A903+1550595]
	Ordinal0 [0x0091A701+1025793]
	Ordinal0 [0x0089C6E5+509669]
	Ordinal0 [0x0082FC68+64616]
	Ordinal0 [0x0082C594+50580]
	Ordinal0 [0x0084ACE7+175335]
	Ordinal0 [0x0084A8ED+174317]
	Ordinal0 [0x00848CDB+167131]
	Ordinal0 [0x0083144A+70730]
	Ordinal0 [0x008324D0+74960]
	Ordinal0 [0x00832469+74857]
	Ordinal0 [0x009342C7+1131207]
	GetHandleVerifier [0x00A370FD+523789]
	GetHandleVerifier [0x00A36E90+523168]
	GetHandleVerifier [0x00A3E1E7+552695]
	GetHandleVerifier [0x00A378FA+525834]
	Ordinal0 [0x0092B7FC+1095676]
	Ordinal0 [0x0093633B+1139515]
	Ordinal0 [0x009364A3+1139875]
	Ordinal0 [0x00935425+1135653]
	BaseThreadInitThunk [0x75EE6359+25]
	RtlGetAppContainerNamedObjectPath [0x77BB7B74+228]
	RtlGetAppContainerNamedObjectPath [0x77BB7B44+180]

	at sun.reflect.NativeConstructorAccessorImpl.newInstance0(Native Method)
	at sun.reflect.NativeConstructorAccessorImpl.newInstance(NativeConstructorAccessorImpl.java:62)
	at sun.reflect.DelegatingConstructorAccessorImpl.newInstance(DelegatingConstructorAccessorImpl.java:45)
	at java.lang.reflect.Constructor.newInstance(Constructor.java:423)
	at org.openqa.selenium.remote.W3CHandshakeResponse.lambda$new$0(W3CHandshakeResponse.java:57)
	at org.openqa.selenium.remote.W3CHandshakeResponse.lambda$getResponseFunction$2(W3CHandshakeResponse.java:104)
	at org.openqa.selenium.remote.ProtocolHandshake.lambda$createSession$0(ProtocolHandshake.java:123)
	at java.util.stream.ReferencePipeline$3$1.accept(ReferencePipeline.java:193)
	at java.util.Spliterators$ArraySpliterator.tryAdvance(Spliterators.java:958)
	at java.util.stream.ReferencePipeline.forEachWithCancel(ReferencePipeline.java:126)
	at java.util.stream.AbstractPipeline.copyIntoWithCancel(AbstractPipeline.java:498)
	at java.util.stream.AbstractPipeline.copyInto(AbstractPipeline.java:485)
	at java.util.stream.AbstractPipeline.wrapAndCopyInto(AbstractPipeline.java:471)
	at java.util.stream.FindOps$FindOp.evaluateSequential(FindOps.java:152)
	at java.util.stream.AbstractPipeline.evaluate(AbstractPipeline.java:234)
	at java.util.stream.ReferencePipeline.findFirst(ReferencePipeline.java:464)
	at org.openqa.selenium.remote.ProtocolHandshake.createSession(ProtocolHandshake.java:126)
	at org.openqa.selenium.remote.ProtocolHandshake.createSession(ProtocolHandshake.java:73)
	at org.openqa.selenium.remote.HttpCommandExecutor.execute(HttpCommandExecutor.java:136)
	at org.openqa.selenium.remote.service.DriverCommandExecutor.execute(DriverCommandExecutor.java:83)
	at org.openqa.selenium.remote.RemoteWebDriver.execute(RemoteWebDriver.java:543)
	at org.openqa.selenium.remote.RemoteWebDriver.startSession(RemoteWebDriver.java:207)
	at org.openqa.selenium.remote.RemoteWebDriver.<init>(RemoteWebDriver.java:130)
	at org.openqa.selenium.chrome.ChromeDriver.<init>(ChromeDriver.java:181)
	at org.openqa.selenium.chrome.ChromeDriver.<init>(ChromeDriver.java:168)
	at org.openqa.selenium.chrome.ChromeDriver.<init>(ChromeDriver.java:123)
	at emr.utilities.SetupDriver.getChromeDriver(SetupDriver.java:18)
	at emr.utilities.BeforeActions.setUp(BeforeActions.java:14)
	at sun.reflect.NativeMethodAccessorImpl.invoke0(Native Method)
	at sun.reflect.NativeMethodAccessorImpl.invoke(NativeMethodAccessorImpl.java:62)
	at sun.reflect.DelegatingMethodAccessorImpl.invoke(DelegatingMethodAccessorImpl.java:43)
	at java.lang.reflect.Method.invoke(Method.java:498)
	at cucumber.runtime.Utils$1.call(Utils.java:37)
	at cucumber.runtime.Timeout.timeout(Timeout.java:13)
	at cucumber.runtime.Utils.invoke(Utils.java:31)
	at cucumber.runtime.java.JavaHookDefinition.execute(JavaHookDefinition.java:60)
	at cucumber.runtime.Runtime.runHookIfTagsMatch(Runtime.java:223)
	at cucumber.runtime.Runtime.runHooks(Runtime.java:211)
	at cucumber.runtime.Runtime.runBeforeHooks(Runtime.java:201)
	at cucumber.runtime.model.CucumberScenario.run(CucumberScenario.java:40)
	at cucumber.runtime.model.CucumberFeature.run(CucumberFeature.java:165)
	at cucumber.api.testng.TestNGCucumberRunner.runCucumber(TestNGCucumberRunner.java:63)
	... 25 more
]]>
            </full-stacktrace>
          </exception> <!-- cucumber.runtime.CucumberException -->
          <reporter-output>
          </reporter-output>
        </test-method> <!-- feature -->
        <test-method status="FAIL" signature="feature(cucumber.api.testng.CucumberFeatureWrapper)[pri:0, instance:emr.runner.EmrLoginTest@7b122839]" name="feature" duration-ms="1180" started-at="2020-04-09T02:39:13Z" description="Runs Cucumber Feature" data-provider="features" finished-at="2020-04-09T02:39:14Z">
          <params>
            <param index="0">
              <value>
                <![CDATA[Emrs Logout Feature]]>
              </value>
            </param>
          </params>
          <exception class="cucumber.runtime.CucumberException">
            <message>
              <![CDATA[org.openqa.selenium.SessionNotCreatedException: session not created: This version of ChromeDriver only supports Chrome version 78
Build info: version: '3.12.0', revision: '7c6e0b3', time: '2018-05-08T14:04:26.12Z'
System info: host: 'DESKTOP-RIUS5ET', ip: '192.168.1.228', os.name: 'Windows 10', os.arch: 'amd64', os.version: '10.0', java.version: '1.8.0_201'
Driver info: driver.version: SetupDriver
remote stacktrace: Backtrace:
	Ordinal0 [0x0099A903+1550595]
	Ordinal0 [0x0091A701+1025793]
	Ordinal0 [0x0089C6E5+509669]
	Ordinal0 [0x0082FC68+64616]
	Ordinal0 [0x0082C594+50580]
	Ordinal0 [0x0084ACE7+175335]
	Ordinal0 [0x0084A8ED+174317]
	Ordinal0 [0x00848CDB+167131]
	Ordinal0 [0x0083144A+70730]
	Ordinal0 [0x008324D0+74960]
	Ordinal0 [0x00832469+74857]
	Ordinal0 [0x009342C7+1131207]
	GetHandleVerifier [0x00A370FD+523789]
	GetHandleVerifier [0x00A36E90+523168]
	GetHandleVerifier [0x00A3E1E7+552695]
	GetHandleVerifier [0x00A378FA+525834]
	Ordinal0 [0x0092B7FC+1095676]
	Ordinal0 [0x0093633B+1139515]
	Ordinal0 [0x009364A3+1139875]
	Ordinal0 [0x00935425+1135653]
	BaseThreadInitThunk [0x75EE6359+25]
	RtlGetAppContainerNamedObjectPath [0x77BB7B74+228]
	RtlGetAppContainerNamedObjectPath [0x77BB7B44+180]
]]>
            </message>
            <full-stacktrace>
              <![CDATA[cucumber.runtime.CucumberException: org.openqa.selenium.SessionNotCreatedException: session not created: This version of ChromeDriver only supports Chrome version 78
Build info: version: '3.12.0', revision: '7c6e0b3', time: '2018-05-08T14:04:26.12Z'
System info: host: 'DESKTOP-RIUS5ET', ip: '192.168.1.228', os.name: 'Windows 10', os.arch: 'amd64', os.version: '10.0', java.version: '1.8.0_201'
Driver info: driver.version: SetupDriver
remote stacktrace: Backtrace:
	Ordinal0 [0x0099A903+1550595]
	Ordinal0 [0x0091A701+1025793]
	Ordinal0 [0x0089C6E5+509669]
	Ordinal0 [0x0082FC68+64616]
	Ordinal0 [0x0082C594+50580]
	Ordinal0 [0x0084ACE7+175335]
	Ordinal0 [0x0084A8ED+174317]
	Ordinal0 [0x00848CDB+167131]
	Ordinal0 [0x0083144A+70730]
	Ordinal0 [0x008324D0+74960]
	Ordinal0 [0x00832469+74857]
	Ordinal0 [0x009342C7+1131207]
	GetHandleVerifier [0x00A370FD+523789]
	GetHandleVerifier [0x00A36E90+523168]
	GetHandleVerifier [0x00A3E1E7+552695]
	GetHandleVerifier [0x00A378FA+525834]
	Ordinal0 [0x0092B7FC+1095676]
	Ordinal0 [0x0093633B+1139515]
	Ordinal0 [0x009364A3+1139875]
	Ordinal0 [0x00935425+1135653]
	BaseThreadInitThunk [0x75EE6359+25]
	RtlGetAppContainerNamedObjectPath [0x77BB7B74+228]
	RtlGetAppContainerNamedObjectPath [0x77BB7B44+180]

	at cucumber.api.testng.TestNGCucumberRunner.runCucumber(TestNGCucumberRunner.java:69)
	at cucumber.api.testng.AbstractTestNGCucumberTests.feature(AbstractTestNGCucumberTests.java:21)
	at sun.reflect.NativeMethodAccessorImpl.invoke0(Native Method)
	at sun.reflect.NativeMethodAccessorImpl.invoke(NativeMethodAccessorImpl.java:62)
	at sun.reflect.DelegatingMethodAccessorImpl.invoke(DelegatingMethodAccessorImpl.java:43)
	at java.lang.reflect.Method.invoke(Method.java:498)
	at org.testng.internal.MethodInvocationHelper.invokeMethod(MethodInvocationHelper.java:80)
	at org.testng.internal.Invoker.invokeMethod(Invoker.java:714)
	at org.testng.internal.Invoker.invokeTestMethod(Invoker.java:901)
	at org.testng.internal.Invoker.invokeTestMethods(Invoker.java:1231)
	at org.testng.internal.TestMethodWorker.invokeTestMethods(TestMethodWorker.java:127)
	at org.testng.internal.TestMethodWorker.run(TestMethodWorker.java:111)
	at org.testng.TestRunner.privateRun(TestRunner.java:767)
	at org.testng.TestRunner.run(TestRunner.java:617)
	at org.testng.SuiteRunner.runTest(SuiteRunner.java:334)
	at org.testng.SuiteRunner.runSequentially(SuiteRunner.java:329)
	at org.testng.SuiteRunner.privateRun(SuiteRunner.java:291)
	at org.testng.SuiteRunner.run(SuiteRunner.java:240)
	at org.testng.SuiteRunnerWorker.runSuite(SuiteRunnerWorker.java:52)
	at org.testng.SuiteRunnerWorker.run(SuiteRunnerWorker.java:86)
	at org.testng.TestNG.runSuitesSequentially(TestNG.java:1198)
	at org.testng.TestNG.runSuitesLocally(TestNG.java:1123)
	at org.testng.TestNG.run(TestNG.java:1031)
	at org.testng.remote.AbstractRemoteTestNG.run(AbstractRemoteTestNG.java:115)
	at org.testng.remote.RemoteTestNG.initAndRun(RemoteTestNG.java:251)
	at org.testng.remote.RemoteTestNG.main(RemoteTestNG.java:77)
Caused by: org.openqa.selenium.SessionNotCreatedException: session not created: This version of ChromeDriver only supports Chrome version 78
Build info: version: '3.12.0', revision: '7c6e0b3', time: '2018-05-08T14:04:26.12Z'
System info: host: 'DESKTOP-RIUS5ET', ip: '192.168.1.228', os.name: 'Windows 10', os.arch: 'amd64', os.version: '10.0', java.version: '1.8.0_201'
Driver info: driver.version: SetupDriver
remote stacktrace: Backtrace:
	Ordinal0 [0x0099A903+1550595]
	Ordinal0 [0x0091A701+1025793]
	Ordinal0 [0x0089C6E5+509669]
	Ordinal0 [0x0082FC68+64616]
	Ordinal0 [0x0082C594+50580]
	Ordinal0 [0x0084ACE7+175335]
	Ordinal0 [0x0084A8ED+174317]
	Ordinal0 [0x00848CDB+167131]
	Ordinal0 [0x0083144A+70730]
	Ordinal0 [0x008324D0+74960]
	Ordinal0 [0x00832469+74857]
	Ordinal0 [0x009342C7+1131207]
	GetHandleVerifier [0x00A370FD+523789]
	GetHandleVerifier [0x00A36E90+523168]
	GetHandleVerifier [0x00A3E1E7+552695]
	GetHandleVerifier [0x00A378FA+525834]
	Ordinal0 [0x0092B7FC+1095676]
	Ordinal0 [0x0093633B+1139515]
	Ordinal0 [0x009364A3+1139875]
	Ordinal0 [0x00935425+1135653]
	BaseThreadInitThunk [0x75EE6359+25]
	RtlGetAppContainerNamedObjectPath [0x77BB7B74+228]
	RtlGetAppContainerNamedObjectPath [0x77BB7B44+180]

	at sun.reflect.NativeConstructorAccessorImpl.newInstance0(Native Method)
	at sun.reflect.NativeConstructorAccessorImpl.newInstance(NativeConstructorAccessorImpl.java:62)
	at sun.reflect.DelegatingConstructorAccessorImpl.newInstance(DelegatingConstructorAccessorImpl.java:45)
	at java.lang.reflect.Constructor.newInstance(Constructor.java:423)
	at org.openqa.selenium.remote.W3CHandshakeResponse.lambda$new$0(W3CHandshakeResponse.java:57)
	at org.openqa.selenium.remote.W3CHandshakeResponse.lambda$getResponseFunction$2(W3CHandshakeResponse.java:104)
	at org.openqa.selenium.remote.ProtocolHandshake.lambda$createSession$0(ProtocolHandshake.java:123)
	at java.util.stream.ReferencePipeline$3$1.accept(ReferencePipeline.java:193)
	at java.util.Spliterators$ArraySpliterator.tryAdvance(Spliterators.java:958)
	at java.util.stream.ReferencePipeline.forEachWithCancel(ReferencePipeline.java:126)
	at java.util.stream.AbstractPipeline.copyIntoWithCancel(AbstractPipeline.java:498)
	at java.util.stream.AbstractPipeline.copyInto(AbstractPipeline.java:485)
	at java.util.stream.AbstractPipeline.wrapAndCopyInto(AbstractPipeline.java:471)
	at java.util.stream.FindOps$FindOp.evaluateSequential(FindOps.java:152)
	at java.util.stream.AbstractPipeline.evaluate(AbstractPipeline.java:234)
	at java.util.stream.ReferencePipeline.findFirst(ReferencePipeline.java:464)
	at org.openqa.selenium.remote.ProtocolHandshake.createSession(ProtocolHandshake.java:126)
	at org.openqa.selenium.remote.ProtocolHandshake.createSession(ProtocolHandshake.java:73)
	at org.openqa.selenium.remote.HttpCommandExecutor.execute(HttpCommandExecutor.java:136)
	at org.openqa.selenium.remote.service.DriverCommandExecutor.execute(DriverCommandExecutor.java:83)
	at org.openqa.selenium.remote.RemoteWebDriver.execute(RemoteWebDriver.java:543)
	at org.openqa.selenium.remote.RemoteWebDriver.startSession(RemoteWebDriver.java:207)
	at org.openqa.selenium.remote.RemoteWebDriver.<init>(RemoteWebDriver.java:130)
	at org.openqa.selenium.chrome.ChromeDriver.<init>(ChromeDriver.java:181)
	at org.openqa.selenium.chrome.ChromeDriver.<init>(ChromeDriver.java:168)
	at org.openqa.selenium.chrome.ChromeDriver.<init>(ChromeDriver.java:123)
	at emr.utilities.SetupDriver.getChromeDriver(SetupDriver.java:18)
	at emr.utilities.BeforeActions.setUp(BeforeActions.java:14)
	at sun.reflect.NativeMethodAccessorImpl.invoke0(Native Method)
	at sun.reflect.NativeMethodAccessorImpl.invoke(NativeMethodAccessorImpl.java:62)
	at sun.reflect.DelegatingMethodAccessorImpl.invoke(DelegatingMethodAccessorImpl.java:43)
	at java.lang.reflect.Method.invoke(Method.java:498)
	at cucumber.runtime.Utils$1.call(Utils.java:37)
	at cucumber.runtime.Timeout.timeout(Timeout.java:13)
	at cucumber.runtime.Utils.invoke(Utils.java:31)
	at cucumber.runtime.java.JavaHookDefinition.execute(JavaHookDefinition.java:60)
	at cucumber.runtime.Runtime.runHookIfTagsMatch(Runtime.java:223)
	at cucumber.runtime.Runtime.runHooks(Runtime.java:211)
	at cucumber.runtime.Runtime.runBeforeHooks(Runtime.java:201)
	at cucumber.runtime.model.CucumberScenario.run(CucumberScenario.java:40)
	at cucumber.runtime.model.CucumberFeature.run(CucumberFeature.java:165)
	at cucumber.api.testng.TestNGCucumberRunner.runCucumber(TestNGCucumberRunner.java:63)
	... 25 more
]]>
            </full-stacktrace>
          </exception> <!-- cucumber.runtime.CucumberException -->
          <reporter-output>
          </reporter-output>
        </test-method> <!-- feature -->
        <test-method status="FAIL" signature="feature(cucumber.api.testng.CucumberFeatureWrapper)[pri:0, instance:emr.runner.EmrLoginTest@7b122839]" name="feature" duration-ms="1188" started-at="2020-04-09T02:39:14Z" description="Runs Cucumber Feature" data-provider="features" finished-at="2020-04-09T02:39:15Z">
          <params>
            <param index="0">
              <value>
                <![CDATA[Emrs Patient Report Generate Feature]]>
              </value>
            </param>
          </params>
          <exception class="cucumber.runtime.CucumberException">
            <message>
              <![CDATA[org.openqa.selenium.SessionNotCreatedException: session not created: This version of ChromeDriver only supports Chrome version 78
Build info: version: '3.12.0', revision: '7c6e0b3', time: '2018-05-08T14:04:26.12Z'
System info: host: 'DESKTOP-RIUS5ET', ip: '192.168.1.228', os.name: 'Windows 10', os.arch: 'amd64', os.version: '10.0', java.version: '1.8.0_201'
Driver info: driver.version: SetupDriver
remote stacktrace: Backtrace:
	Ordinal0 [0x0099A903+1550595]
	Ordinal0 [0x0091A701+1025793]
	Ordinal0 [0x0089C6E5+509669]
	Ordinal0 [0x0082FC68+64616]
	Ordinal0 [0x0082C594+50580]
	Ordinal0 [0x0084ACE7+175335]
	Ordinal0 [0x0084A8ED+174317]
	Ordinal0 [0x00848CDB+167131]
	Ordinal0 [0x0083144A+70730]
	Ordinal0 [0x008324D0+74960]
	Ordinal0 [0x00832469+74857]
	Ordinal0 [0x009342C7+1131207]
	GetHandleVerifier [0x00A370FD+523789]
	GetHandleVerifier [0x00A36E90+523168]
	GetHandleVerifier [0x00A3E1E7+552695]
	GetHandleVerifier [0x00A378FA+525834]
	Ordinal0 [0x0092B7FC+1095676]
	Ordinal0 [0x0093633B+1139515]
	Ordinal0 [0x009364A3+1139875]
	Ordinal0 [0x00935425+1135653]
	BaseThreadInitThunk [0x75EE6359+25]
	RtlGetAppContainerNamedObjectPath [0x77BB7B74+228]
	RtlGetAppContainerNamedObjectPath [0x77BB7B44+180]
]]>
            </message>
            <full-stacktrace>
              <![CDATA[cucumber.runtime.CucumberException: org.openqa.selenium.SessionNotCreatedException: session not created: This version of ChromeDriver only supports Chrome version 78
Build info: version: '3.12.0', revision: '7c6e0b3', time: '2018-05-08T14:04:26.12Z'
System info: host: 'DESKTOP-RIUS5ET', ip: '192.168.1.228', os.name: 'Windows 10', os.arch: 'amd64', os.version: '10.0', java.version: '1.8.0_201'
Driver info: driver.version: SetupDriver
remote stacktrace: Backtrace:
	Ordinal0 [0x0099A903+1550595]
	Ordinal0 [0x0091A701+1025793]
	Ordinal0 [0x0089C6E5+509669]
	Ordinal0 [0x0082FC68+64616]
	Ordinal0 [0x0082C594+50580]
	Ordinal0 [0x0084ACE7+175335]
	Ordinal0 [0x0084A8ED+174317]
	Ordinal0 [0x00848CDB+167131]
	Ordinal0 [0x0083144A+70730]
	Ordinal0 [0x008324D0+74960]
	Ordinal0 [0x00832469+74857]
	Ordinal0 [0x009342C7+1131207]
	GetHandleVerifier [0x00A370FD+523789]
	GetHandleVerifier [0x00A36E90+523168]
	GetHandleVerifier [0x00A3E1E7+552695]
	GetHandleVerifier [0x00A378FA+525834]
	Ordinal0 [0x0092B7FC+1095676]
	Ordinal0 [0x0093633B+1139515]
	Ordinal0 [0x009364A3+1139875]
	Ordinal0 [0x00935425+1135653]
	BaseThreadInitThunk [0x75EE6359+25]
	RtlGetAppContainerNamedObjectPath [0x77BB7B74+228]
	RtlGetAppContainerNamedObjectPath [0x77BB7B44+180]

	at cucumber.api.testng.TestNGCucumberRunner.runCucumber(TestNGCucumberRunner.java:69)
	at cucumber.api.testng.AbstractTestNGCucumberTests.feature(AbstractTestNGCucumberTests.java:21)
	at sun.reflect.NativeMethodAccessorImpl.invoke0(Native Method)
	at sun.reflect.NativeMethodAccessorImpl.invoke(NativeMethodAccessorImpl.java:62)
	at sun.reflect.DelegatingMethodAccessorImpl.invoke(DelegatingMethodAccessorImpl.java:43)
	at java.lang.reflect.Method.invoke(Method.java:498)
	at org.testng.internal.MethodInvocationHelper.invokeMethod(MethodInvocationHelper.java:80)
	at org.testng.internal.Invoker.invokeMethod(Invoker.java:714)
	at org.testng.internal.Invoker.invokeTestMethod(Invoker.java:901)
	at org.testng.internal.Invoker.invokeTestMethods(Invoker.java:1231)
	at org.testng.internal.TestMethodWorker.invokeTestMethods(TestMethodWorker.java:127)
	at org.testng.internal.TestMethodWorker.run(TestMethodWorker.java:111)
	at org.testng.TestRunner.privateRun(TestRunner.java:767)
	at org.testng.TestRunner.run(TestRunner.java:617)
	at org.testng.SuiteRunner.runTest(SuiteRunner.java:334)
	at org.testng.SuiteRunner.runSequentially(SuiteRunner.java:329)
	at org.testng.SuiteRunner.privateRun(SuiteRunner.java:291)
	at org.testng.SuiteRunner.run(SuiteRunner.java:240)
	at org.testng.SuiteRunnerWorker.runSuite(SuiteRunnerWorker.java:52)
	at org.testng.SuiteRunnerWorker.run(SuiteRunnerWorker.java:86)
	at org.testng.TestNG.runSuitesSequentially(TestNG.java:1198)
	at org.testng.TestNG.runSuitesLocally(TestNG.java:1123)
	at org.testng.TestNG.run(TestNG.java:1031)
	at org.testng.remote.AbstractRemoteTestNG.run(AbstractRemoteTestNG.java:115)
	at org.testng.remote.RemoteTestNG.initAndRun(RemoteTestNG.java:251)
	at org.testng.remote.RemoteTestNG.main(RemoteTestNG.java:77)
Caused by: org.openqa.selenium.SessionNotCreatedException: session not created: This version of ChromeDriver only supports Chrome version 78
Build info: version: '3.12.0', revision: '7c6e0b3', time: '2018-05-08T14:04:26.12Z'
System info: host: 'DESKTOP-RIUS5ET', ip: '192.168.1.228', os.name: 'Windows 10', os.arch: 'amd64', os.version: '10.0', java.version: '1.8.0_201'
Driver info: driver.version: SetupDriver
remote stacktrace: Backtrace:
	Ordinal0 [0x0099A903+1550595]
	Ordinal0 [0x0091A701+1025793]
	Ordinal0 [0x0089C6E5+509669]
	Ordinal0 [0x0082FC68+64616]
	Ordinal0 [0x0082C594+50580]
	Ordinal0 [0x0084ACE7+175335]
	Ordinal0 [0x0084A8ED+174317]
	Ordinal0 [0x00848CDB+167131]
	Ordinal0 [0x0083144A+70730]
	Ordinal0 [0x008324D0+74960]
	Ordinal0 [0x00832469+74857]
	Ordinal0 [0x009342C7+1131207]
	GetHandleVerifier [0x00A370FD+523789]
	GetHandleVerifier [0x00A36E90+523168]
	GetHandleVerifier [0x00A3E1E7+552695]
	GetHandleVerifier [0x00A378FA+525834]
	Ordinal0 [0x0092B7FC+1095676]
	Ordinal0 [0x0093633B+1139515]
	Ordinal0 [0x009364A3+1139875]
	Ordinal0 [0x00935425+1135653]
	BaseThreadInitThunk [0x75EE6359+25]
	RtlGetAppContainerNamedObjectPath [0x77BB7B74+228]
	RtlGetAppContainerNamedObjectPath [0x77BB7B44+180]

	at sun.reflect.NativeConstructorAccessorImpl.newInstance0(Native Method)
	at sun.reflect.NativeConstructorAccessorImpl.newInstance(NativeConstructorAccessorImpl.java:62)
	at sun.reflect.DelegatingConstructorAccessorImpl.newInstance(DelegatingConstructorAccessorImpl.java:45)
	at java.lang.reflect.Constructor.newInstance(Constructor.java:423)
	at org.openqa.selenium.remote.W3CHandshakeResponse.lambda$new$0(W3CHandshakeResponse.java:57)
	at org.openqa.selenium.remote.W3CHandshakeResponse.lambda$getResponseFunction$2(W3CHandshakeResponse.java:104)
	at org.openqa.selenium.remote.ProtocolHandshake.lambda$createSession$0(ProtocolHandshake.java:123)
	at java.util.stream.ReferencePipeline$3$1.accept(ReferencePipeline.java:193)
	at java.util.Spliterators$ArraySpliterator.tryAdvance(Spliterators.java:958)
	at java.util.stream.ReferencePipeline.forEachWithCancel(ReferencePipeline.java:126)
	at java.util.stream.AbstractPipeline.copyIntoWithCancel(AbstractPipeline.java:498)
	at java.util.stream.AbstractPipeline.copyInto(AbstractPipeline.java:485)
	at java.util.stream.AbstractPipeline.wrapAndCopyInto(AbstractPipeline.java:471)
	at java.util.stream.FindOps$FindOp.evaluateSequential(FindOps.java:152)
	at java.util.stream.AbstractPipeline.evaluate(AbstractPipeline.java:234)
	at java.util.stream.ReferencePipeline.findFirst(ReferencePipeline.java:464)
	at org.openqa.selenium.remote.ProtocolHandshake.createSession(ProtocolHandshake.java:126)
	at org.openqa.selenium.remote.ProtocolHandshake.createSession(ProtocolHandshake.java:73)
	at org.openqa.selenium.remote.HttpCommandExecutor.execute(HttpCommandExecutor.java:136)
	at org.openqa.selenium.remote.service.DriverCommandExecutor.execute(DriverCommandExecutor.java:83)
	at org.openqa.selenium.remote.RemoteWebDriver.execute(RemoteWebDriver.java:543)
	at org.openqa.selenium.remote.RemoteWebDriver.startSession(RemoteWebDriver.java:207)
	at org.openqa.selenium.remote.RemoteWebDriver.<init>(RemoteWebDriver.java:130)
	at org.openqa.selenium.chrome.ChromeDriver.<init>(ChromeDriver.java:181)
	at org.openqa.selenium.chrome.ChromeDriver.<init>(ChromeDriver.java:168)
	at org.openqa.selenium.chrome.ChromeDriver.<init>(ChromeDriver.java:123)
	at emr.utilities.SetupDriver.getChromeDriver(SetupDriver.java:18)
	at emr.utilities.BeforeActions.setUp(BeforeActions.java:14)
	at sun.reflect.NativeMethodAccessorImpl.invoke0(Native Method)
	at sun.reflect.NativeMethodAccessorImpl.invoke(NativeMethodAccessorImpl.java:62)
	at sun.reflect.DelegatingMethodAccessorImpl.invoke(DelegatingMethodAccessorImpl.java:43)
	at java.lang.reflect.Method.invoke(Method.java:498)
	at cucumber.runtime.Utils$1.call(Utils.java:37)
	at cucumber.runtime.Timeout.timeout(Timeout.java:13)
	at cucumber.runtime.Utils.invoke(Utils.java:31)
	at cucumber.runtime.java.JavaHookDefinition.execute(JavaHookDefinition.java:60)
	at cucumber.runtime.Runtime.runHookIfTagsMatch(Runtime.java:223)
	at cucumber.runtime.Runtime.runHooks(Runtime.java:211)
	at cucumber.runtime.Runtime.runBeforeHooks(Runtime.java:201)
	at cucumber.runtime.model.CucumberScenario.run(CucumberScenario.java:40)
	at cucumber.runtime.model.CucumberFeature.run(CucumberFeature.java:165)
	at cucumber.api.testng.TestNGCucumberRunner.runCucumber(TestNGCucumberRunner.java:63)
	... 25 more
]]>
            </full-stacktrace>
          </exception> <!-- cucumber.runtime.CucumberException -->
          <reporter-output>
          </reporter-output>
        </test-method> <!-- feature -->
        <test-method status="FAIL" signature="feature(cucumber.api.testng.CucumberFeatureWrapper)[pri:0, instance:emr.runner.EmrLoginTest@7b122839]" name="feature" duration-ms="1133" started-at="2020-04-09T02:39:15Z" description="Runs Cucumber Feature" data-provider="features" finished-at="2020-04-09T02:39:16Z">
          <params>
            <param index="0">
              <value>
                <![CDATA[Emrs Invoice Generate Feature]]>
              </value>
            </param>
          </params>
          <exception class="cucumber.runtime.CucumberException">
            <message>
              <![CDATA[org.openqa.selenium.SessionNotCreatedException: session not created: This version of ChromeDriver only supports Chrome version 78
Build info: version: '3.12.0', revision: '7c6e0b3', time: '2018-05-08T14:04:26.12Z'
System info: host: 'DESKTOP-RIUS5ET', ip: '192.168.1.228', os.name: 'Windows 10', os.arch: 'amd64', os.version: '10.0', java.version: '1.8.0_201'
Driver info: driver.version: SetupDriver
remote stacktrace: Backtrace:
	Ordinal0 [0x0099A903+1550595]
	Ordinal0 [0x0091A701+1025793]
	Ordinal0 [0x0089C6E5+509669]
	Ordinal0 [0x0082FC68+64616]
	Ordinal0 [0x0082C594+50580]
	Ordinal0 [0x0084ACE7+175335]
	Ordinal0 [0x0084A8ED+174317]
	Ordinal0 [0x00848CDB+167131]
	Ordinal0 [0x0083144A+70730]
	Ordinal0 [0x008324D0+74960]
	Ordinal0 [0x00832469+74857]
	Ordinal0 [0x009342C7+1131207]
	GetHandleVerifier [0x00A370FD+523789]
	GetHandleVerifier [0x00A36E90+523168]
	GetHandleVerifier [0x00A3E1E7+552695]
	GetHandleVerifier [0x00A378FA+525834]
	Ordinal0 [0x0092B7FC+1095676]
	Ordinal0 [0x0093633B+1139515]
	Ordinal0 [0x009364A3+1139875]
	Ordinal0 [0x00935425+1135653]
	BaseThreadInitThunk [0x75EE6359+25]
	RtlGetAppContainerNamedObjectPath [0x77BB7B74+228]
	RtlGetAppContainerNamedObjectPath [0x77BB7B44+180]
]]>
            </message>
            <full-stacktrace>
              <![CDATA[cucumber.runtime.CucumberException: org.openqa.selenium.SessionNotCreatedException: session not created: This version of ChromeDriver only supports Chrome version 78
Build info: version: '3.12.0', revision: '7c6e0b3', time: '2018-05-08T14:04:26.12Z'
System info: host: 'DESKTOP-RIUS5ET', ip: '192.168.1.228', os.name: 'Windows 10', os.arch: 'amd64', os.version: '10.0', java.version: '1.8.0_201'
Driver info: driver.version: SetupDriver
remote stacktrace: Backtrace:
	Ordinal0 [0x0099A903+1550595]
	Ordinal0 [0x0091A701+1025793]
	Ordinal0 [0x0089C6E5+509669]
	Ordinal0 [0x0082FC68+64616]
	Ordinal0 [0x0082C594+50580]
	Ordinal0 [0x0084ACE7+175335]
	Ordinal0 [0x0084A8ED+174317]
	Ordinal0 [0x00848CDB+167131]
	Ordinal0 [0x0083144A+70730]
	Ordinal0 [0x008324D0+74960]
	Ordinal0 [0x00832469+74857]
	Ordinal0 [0x009342C7+1131207]
	GetHandleVerifier [0x00A370FD+523789]
	GetHandleVerifier [0x00A36E90+523168]
	GetHandleVerifier [0x00A3E1E7+552695]
	GetHandleVerifier [0x00A378FA+525834]
	Ordinal0 [0x0092B7FC+1095676]
	Ordinal0 [0x0093633B+1139515]
	Ordinal0 [0x009364A3+1139875]
	Ordinal0 [0x00935425+1135653]
	BaseThreadInitThunk [0x75EE6359+25]
	RtlGetAppContainerNamedObjectPath [0x77BB7B74+228]
	RtlGetAppContainerNamedObjectPath [0x77BB7B44+180]

	at cucumber.api.testng.TestNGCucumberRunner.runCucumber(TestNGCucumberRunner.java:69)
	at cucumber.api.testng.AbstractTestNGCucumberTests.feature(AbstractTestNGCucumberTests.java:21)
	at sun.reflect.NativeMethodAccessorImpl.invoke0(Native Method)
	at sun.reflect.NativeMethodAccessorImpl.invoke(NativeMethodAccessorImpl.java:62)
	at sun.reflect.DelegatingMethodAccessorImpl.invoke(DelegatingMethodAccessorImpl.java:43)
	at java.lang.reflect.Method.invoke(Method.java:498)
	at org.testng.internal.MethodInvocationHelper.invokeMethod(MethodInvocationHelper.java:80)
	at org.testng.internal.Invoker.invokeMethod(Invoker.java:714)
	at org.testng.internal.Invoker.invokeTestMethod(Invoker.java:901)
	at org.testng.internal.Invoker.invokeTestMethods(Invoker.java:1231)
	at org.testng.internal.TestMethodWorker.invokeTestMethods(TestMethodWorker.java:127)
	at org.testng.internal.TestMethodWorker.run(TestMethodWorker.java:111)
	at org.testng.TestRunner.privateRun(TestRunner.java:767)
	at org.testng.TestRunner.run(TestRunner.java:617)
	at org.testng.SuiteRunner.runTest(SuiteRunner.java:334)
	at org.testng.SuiteRunner.runSequentially(SuiteRunner.java:329)
	at org.testng.SuiteRunner.privateRun(SuiteRunner.java:291)
	at org.testng.SuiteRunner.run(SuiteRunner.java:240)
	at org.testng.SuiteRunnerWorker.runSuite(SuiteRunnerWorker.java:52)
	at org.testng.SuiteRunnerWorker.run(SuiteRunnerWorker.java:86)
	at org.testng.TestNG.runSuitesSequentially(TestNG.java:1198)
	at org.testng.TestNG.runSuitesLocally(TestNG.java:1123)
	at org.testng.TestNG.run(TestNG.java:1031)
	at org.testng.remote.AbstractRemoteTestNG.run(AbstractRemoteTestNG.java:115)
	at org.testng.remote.RemoteTestNG.initAndRun(RemoteTestNG.java:251)
	at org.testng.remote.RemoteTestNG.main(RemoteTestNG.java:77)
Caused by: org.openqa.selenium.SessionNotCreatedException: session not created: This version of ChromeDriver only supports Chrome version 78
Build info: version: '3.12.0', revision: '7c6e0b3', time: '2018-05-08T14:04:26.12Z'
System info: host: 'DESKTOP-RIUS5ET', ip: '192.168.1.228', os.name: 'Windows 10', os.arch: 'amd64', os.version: '10.0', java.version: '1.8.0_201'
Driver info: driver.version: SetupDriver
remote stacktrace: Backtrace:
	Ordinal0 [0x0099A903+1550595]
	Ordinal0 [0x0091A701+1025793]
	Ordinal0 [0x0089C6E5+509669]
	Ordinal0 [0x0082FC68+64616]
	Ordinal0 [0x0082C594+50580]
	Ordinal0 [0x0084ACE7+175335]
	Ordinal0 [0x0084A8ED+174317]
	Ordinal0 [0x00848CDB+167131]
	Ordinal0 [0x0083144A+70730]
	Ordinal0 [0x008324D0+74960]
	Ordinal0 [0x00832469+74857]
	Ordinal0 [0x009342C7+1131207]
	GetHandleVerifier [0x00A370FD+523789]
	GetHandleVerifier [0x00A36E90+523168]
	GetHandleVerifier [0x00A3E1E7+552695]
	GetHandleVerifier [0x00A378FA+525834]
	Ordinal0 [0x0092B7FC+1095676]
	Ordinal0 [0x0093633B+1139515]
	Ordinal0 [0x009364A3+1139875]
	Ordinal0 [0x00935425+1135653]
	BaseThreadInitThunk [0x75EE6359+25]
	RtlGetAppContainerNamedObjectPath [0x77BB7B74+228]
	RtlGetAppContainerNamedObjectPath [0x77BB7B44+180]

	at sun.reflect.NativeConstructorAccessorImpl.newInstance0(Native Method)
	at sun.reflect.NativeConstructorAccessorImpl.newInstance(NativeConstructorAccessorImpl.java:62)
	at sun.reflect.DelegatingConstructorAccessorImpl.newInstance(DelegatingConstructorAccessorImpl.java:45)
	at java.lang.reflect.Constructor.newInstance(Constructor.java:423)
	at org.openqa.selenium.remote.W3CHandshakeResponse.lambda$new$0(W3CHandshakeResponse.java:57)
	at org.openqa.selenium.remote.W3CHandshakeResponse.lambda$getResponseFunction$2(W3CHandshakeResponse.java:104)
	at org.openqa.selenium.remote.ProtocolHandshake.lambda$createSession$0(ProtocolHandshake.java:123)
	at java.util.stream.ReferencePipeline$3$1.accept(ReferencePipeline.java:193)
	at java.util.Spliterators$ArraySpliterator.tryAdvance(Spliterators.java:958)
	at java.util.stream.ReferencePipeline.forEachWithCancel(ReferencePipeline.java:126)
	at java.util.stream.AbstractPipeline.copyIntoWithCancel(AbstractPipeline.java:498)
	at java.util.stream.AbstractPipeline.copyInto(AbstractPipeline.java:485)
	at java.util.stream.AbstractPipeline.wrapAndCopyInto(AbstractPipeline.java:471)
	at java.util.stream.FindOps$FindOp.evaluateSequential(FindOps.java:152)
	at java.util.stream.AbstractPipeline.evaluate(AbstractPipeline.java:234)
	at java.util.stream.ReferencePipeline.findFirst(ReferencePipeline.java:464)
	at org.openqa.selenium.remote.ProtocolHandshake.createSession(ProtocolHandshake.java:126)
	at org.openqa.selenium.remote.ProtocolHandshake.createSession(ProtocolHandshake.java:73)
	at org.openqa.selenium.remote.HttpCommandExecutor.execute(HttpCommandExecutor.java:136)
	at org.openqa.selenium.remote.service.DriverCommandExecutor.execute(DriverCommandExecutor.java:83)
	at org.openqa.selenium.remote.RemoteWebDriver.execute(RemoteWebDriver.java:543)
	at org.openqa.selenium.remote.RemoteWebDriver.startSession(RemoteWebDriver.java:207)
	at org.openqa.selenium.remote.RemoteWebDriver.<init>(RemoteWebDriver.java:130)
	at org.openqa.selenium.chrome.ChromeDriver.<init>(ChromeDriver.java:181)
	at org.openqa.selenium.chrome.ChromeDriver.<init>(ChromeDriver.java:168)
	at org.openqa.selenium.chrome.ChromeDriver.<init>(ChromeDriver.java:123)
	at emr.utilities.SetupDriver.getChromeDriver(SetupDriver.java:18)
	at emr.utilities.BeforeActions.setUp(BeforeActions.java:14)
	at sun.reflect.NativeMethodAccessorImpl.invoke0(Native Method)
	at sun.reflect.NativeMethodAccessorImpl.invoke(NativeMethodAccessorImpl.java:62)
	at sun.reflect.DelegatingMethodAccessorImpl.invoke(DelegatingMethodAccessorImpl.java:43)
	at java.lang.reflect.Method.invoke(Method.java:498)
	at cucumber.runtime.Utils$1.call(Utils.java:37)
	at cucumber.runtime.Timeout.timeout(Timeout.java:13)
	at cucumber.runtime.Utils.invoke(Utils.java:31)
	at cucumber.runtime.java.JavaHookDefinition.execute(JavaHookDefinition.java:60)
	at cucumber.runtime.Runtime.runHookIfTagsMatch(Runtime.java:223)
	at cucumber.runtime.Runtime.runHooks(Runtime.java:211)
	at cucumber.runtime.Runtime.runBeforeHooks(Runtime.java:201)
	at cucumber.runtime.model.CucumberScenario.run(CucumberScenario.java:40)
	at cucumber.runtime.model.CucumberFeature.run(CucumberFeature.java:165)
	at cucumber.api.testng.TestNGCucumberRunner.runCucumber(TestNGCucumberRunner.java:63)
	... 25 more
]]>
            </full-stacktrace>
          </exception> <!-- cucumber.runtime.CucumberException -->
          <reporter-output>
          </reporter-output>
        </test-method> <!-- feature -->
        <test-method status="FAIL" signature="feature(cucumber.api.testng.CucumberFeatureWrapper)[pri:0, instance:emr.runner.EmrLoginTest@7b122839]" name="feature" duration-ms="1178" started-at="2020-04-09T02:39:16Z" description="Runs Cucumber Feature" data-provider="features" finished-at="2020-04-09T02:39:17Z">
          <params>
            <param index="0">
              <value>
                <![CDATA[Emrs Patient Demographics Feature]]>
              </value>
            </param>
          </params>
          <exception class="cucumber.runtime.CucumberException">
            <message>
              <![CDATA[org.openqa.selenium.SessionNotCreatedException: session not created: This version of ChromeDriver only supports Chrome version 78
Build info: version: '3.12.0', revision: '7c6e0b3', time: '2018-05-08T14:04:26.12Z'
System info: host: 'DESKTOP-RIUS5ET', ip: '192.168.1.228', os.name: 'Windows 10', os.arch: 'amd64', os.version: '10.0', java.version: '1.8.0_201'
Driver info: driver.version: SetupDriver
remote stacktrace: Backtrace:
	Ordinal0 [0x0099A903+1550595]
	Ordinal0 [0x0091A701+1025793]
	Ordinal0 [0x0089C6E5+509669]
	Ordinal0 [0x0082FC68+64616]
	Ordinal0 [0x0082C594+50580]
	Ordinal0 [0x0084ACE7+175335]
	Ordinal0 [0x0084A8ED+174317]
	Ordinal0 [0x00848CDB+167131]
	Ordinal0 [0x0083144A+70730]
	Ordinal0 [0x008324D0+74960]
	Ordinal0 [0x00832469+74857]
	Ordinal0 [0x009342C7+1131207]
	GetHandleVerifier [0x00A370FD+523789]
	GetHandleVerifier [0x00A36E90+523168]
	GetHandleVerifier [0x00A3E1E7+552695]
	GetHandleVerifier [0x00A378FA+525834]
	Ordinal0 [0x0092B7FC+1095676]
	Ordinal0 [0x0093633B+1139515]
	Ordinal0 [0x009364A3+1139875]
	Ordinal0 [0x00935425+1135653]
	BaseThreadInitThunk [0x75EE6359+25]
	RtlGetAppContainerNamedObjectPath [0x77BB7B74+228]
	RtlGetAppContainerNamedObjectPath [0x77BB7B44+180]
]]>
            </message>
            <full-stacktrace>
              <![CDATA[cucumber.runtime.CucumberException: org.openqa.selenium.SessionNotCreatedException: session not created: This version of ChromeDriver only supports Chrome version 78
Build info: version: '3.12.0', revision: '7c6e0b3', time: '2018-05-08T14:04:26.12Z'
System info: host: 'DESKTOP-RIUS5ET', ip: '192.168.1.228', os.name: 'Windows 10', os.arch: 'amd64', os.version: '10.0', java.version: '1.8.0_201'
Driver info: driver.version: SetupDriver
remote stacktrace: Backtrace:
	Ordinal0 [0x0099A903+1550595]
	Ordinal0 [0x0091A701+1025793]
	Ordinal0 [0x0089C6E5+509669]
	Ordinal0 [0x0082FC68+64616]
	Ordinal0 [0x0082C594+50580]
	Ordinal0 [0x0084ACE7+175335]
	Ordinal0 [0x0084A8ED+174317]
	Ordinal0 [0x00848CDB+167131]
	Ordinal0 [0x0083144A+70730]
	Ordinal0 [0x008324D0+74960]
	Ordinal0 [0x00832469+74857]
	Ordinal0 [0x009342C7+1131207]
	GetHandleVerifier [0x00A370FD+523789]
	GetHandleVerifier [0x00A36E90+523168]
	GetHandleVerifier [0x00A3E1E7+552695]
	GetHandleVerifier [0x00A378FA+525834]
	Ordinal0 [0x0092B7FC+1095676]
	Ordinal0 [0x0093633B+1139515]
	Ordinal0 [0x009364A3+1139875]
	Ordinal0 [0x00935425+1135653]
	BaseThreadInitThunk [0x75EE6359+25]
	RtlGetAppContainerNamedObjectPath [0x77BB7B74+228]
	RtlGetAppContainerNamedObjectPath [0x77BB7B44+180]

	at cucumber.api.testng.TestNGCucumberRunner.runCucumber(TestNGCucumberRunner.java:69)
	at cucumber.api.testng.AbstractTestNGCucumberTests.feature(AbstractTestNGCucumberTests.java:21)
	at sun.reflect.NativeMethodAccessorImpl.invoke0(Native Method)
	at sun.reflect.NativeMethodAccessorImpl.invoke(NativeMethodAccessorImpl.java:62)
	at sun.reflect.DelegatingMethodAccessorImpl.invoke(DelegatingMethodAccessorImpl.java:43)
	at java.lang.reflect.Method.invoke(Method.java:498)
	at org.testng.internal.MethodInvocationHelper.invokeMethod(MethodInvocationHelper.java:80)
	at org.testng.internal.Invoker.invokeMethod(Invoker.java:714)
	at org.testng.internal.Invoker.invokeTestMethod(Invoker.java:901)
	at org.testng.internal.Invoker.invokeTestMethods(Invoker.java:1231)
	at org.testng.internal.TestMethodWorker.invokeTestMethods(TestMethodWorker.java:127)
	at org.testng.internal.TestMethodWorker.run(TestMethodWorker.java:111)
	at org.testng.TestRunner.privateRun(TestRunner.java:767)
	at org.testng.TestRunner.run(TestRunner.java:617)
	at org.testng.SuiteRunner.runTest(SuiteRunner.java:334)
	at org.testng.SuiteRunner.runSequentially(SuiteRunner.java:329)
	at org.testng.SuiteRunner.privateRun(SuiteRunner.java:291)
	at org.testng.SuiteRunner.run(SuiteRunner.java:240)
	at org.testng.SuiteRunnerWorker.runSuite(SuiteRunnerWorker.java:52)
	at org.testng.SuiteRunnerWorker.run(SuiteRunnerWorker.java:86)
	at org.testng.TestNG.runSuitesSequentially(TestNG.java:1198)
	at org.testng.TestNG.runSuitesLocally(TestNG.java:1123)
	at org.testng.TestNG.run(TestNG.java:1031)
	at org.testng.remote.AbstractRemoteTestNG.run(AbstractRemoteTestNG.java:115)
	at org.testng.remote.RemoteTestNG.initAndRun(RemoteTestNG.java:251)
	at org.testng.remote.RemoteTestNG.main(RemoteTestNG.java:77)
Caused by: org.openqa.selenium.SessionNotCreatedException: session not created: This version of ChromeDriver only supports Chrome version 78
Build info: version: '3.12.0', revision: '7c6e0b3', time: '2018-05-08T14:04:26.12Z'
System info: host: 'DESKTOP-RIUS5ET', ip: '192.168.1.228', os.name: 'Windows 10', os.arch: 'amd64', os.version: '10.0', java.version: '1.8.0_201'
Driver info: driver.version: SetupDriver
remote stacktrace: Backtrace:
	Ordinal0 [0x0099A903+1550595]
	Ordinal0 [0x0091A701+1025793]
	Ordinal0 [0x0089C6E5+509669]
	Ordinal0 [0x0082FC68+64616]
	Ordinal0 [0x0082C594+50580]
	Ordinal0 [0x0084ACE7+175335]
	Ordinal0 [0x0084A8ED+174317]
	Ordinal0 [0x00848CDB+167131]
	Ordinal0 [0x0083144A+70730]
	Ordinal0 [0x008324D0+74960]
	Ordinal0 [0x00832469+74857]
	Ordinal0 [0x009342C7+1131207]
	GetHandleVerifier [0x00A370FD+523789]
	GetHandleVerifier [0x00A36E90+523168]
	GetHandleVerifier [0x00A3E1E7+552695]
	GetHandleVerifier [0x00A378FA+525834]
	Ordinal0 [0x0092B7FC+1095676]
	Ordinal0 [0x0093633B+1139515]
	Ordinal0 [0x009364A3+1139875]
	Ordinal0 [0x00935425+1135653]
	BaseThreadInitThunk [0x75EE6359+25]
	RtlGetAppContainerNamedObjectPath [0x77BB7B74+228]
	RtlGetAppContainerNamedObjectPath [0x77BB7B44+180]

	at sun.reflect.NativeConstructorAccessorImpl.newInstance0(Native Method)
	at sun.reflect.NativeConstructorAccessorImpl.newInstance(NativeConstructorAccessorImpl.java:62)
	at sun.reflect.DelegatingConstructorAccessorImpl.newInstance(DelegatingConstructorAccessorImpl.java:45)
	at java.lang.reflect.Constructor.newInstance(Constructor.java:423)
	at org.openqa.selenium.remote.W3CHandshakeResponse.lambda$new$0(W3CHandshakeResponse.java:57)
	at org.openqa.selenium.remote.W3CHandshakeResponse.lambda$getResponseFunction$2(W3CHandshakeResponse.java:104)
	at org.openqa.selenium.remote.ProtocolHandshake.lambda$createSession$0(ProtocolHandshake.java:123)
	at java.util.stream.ReferencePipeline$3$1.accept(ReferencePipeline.java:193)
	at java.util.Spliterators$ArraySpliterator.tryAdvance(Spliterators.java:958)
	at java.util.stream.ReferencePipeline.forEachWithCancel(ReferencePipeline.java:126)
	at java.util.stream.AbstractPipeline.copyIntoWithCancel(AbstractPipeline.java:498)
	at java.util.stream.AbstractPipeline.copyInto(AbstractPipeline.java:485)
	at java.util.stream.AbstractPipeline.wrapAndCopyInto(AbstractPipeline.java:471)
	at java.util.stream.FindOps$FindOp.evaluateSequential(FindOps.java:152)
	at java.util.stream.AbstractPipeline.evaluate(AbstractPipeline.java:234)
	at java.util.stream.ReferencePipeline.findFirst(ReferencePipeline.java:464)
	at org.openqa.selenium.remote.ProtocolHandshake.createSession(ProtocolHandshake.java:126)
	at org.openqa.selenium.remote.ProtocolHandshake.createSession(ProtocolHandshake.java:73)
	at org.openqa.selenium.remote.HttpCommandExecutor.execute(HttpCommandExecutor.java:136)
	at org.openqa.selenium.remote.service.DriverCommandExecutor.execute(DriverCommandExecutor.java:83)
	at org.openqa.selenium.remote.RemoteWebDriver.execute(RemoteWebDriver.java:543)
	at org.openqa.selenium.remote.RemoteWebDriver.startSession(RemoteWebDriver.java:207)
	at org.openqa.selenium.remote.RemoteWebDriver.<init>(RemoteWebDriver.java:130)
	at org.openqa.selenium.chrome.ChromeDriver.<init>(ChromeDriver.java:181)
	at org.openqa.selenium.chrome.ChromeDriver.<init>(ChromeDriver.java:168)
	at org.openqa.selenium.chrome.ChromeDriver.<init>(ChromeDriver.java:123)
	at emr.utilities.SetupDriver.getChromeDriver(SetupDriver.java:18)
	at emr.utilities.BeforeActions.setUp(BeforeActions.java:14)
	at sun.reflect.NativeMethodAccessorImpl.invoke0(Native Method)
	at sun.reflect.NativeMethodAccessorImpl.invoke(NativeMethodAccessorImpl.java:62)
	at sun.reflect.DelegatingMethodAccessorImpl.invoke(DelegatingMethodAccessorImpl.java:43)
	at java.lang.reflect.Method.invoke(Method.java:498)
	at cucumber.runtime.Utils$1.call(Utils.java:37)
	at cucumber.runtime.Timeout.timeout(Timeout.java:13)
	at cucumber.runtime.Utils.invoke(Utils.java:31)
	at cucumber.runtime.java.JavaHookDefinition.execute(JavaHookDefinition.java:60)
	at cucumber.runtime.Runtime.runHookIfTagsMatch(Runtime.java:223)
	at cucumber.runtime.Runtime.runHooks(Runtime.java:211)
	at cucumber.runtime.Runtime.runBeforeHooks(Runtime.java:201)
	at cucumber.runtime.model.CucumberScenario.run(CucumberScenario.java:40)
	at cucumber.runtime.model.CucumberFeature.run(CucumberFeature.java:165)
	at cucumber.api.testng.TestNGCucumberRunner.runCucumber(TestNGCucumberRunner.java:63)
	... 25 more
]]>
            </full-stacktrace>
          </exception> <!-- cucumber.runtime.CucumberException -->
          <reporter-output>
          </reporter-output>
        </test-method> <!-- feature -->
        <test-method status="FAIL" signature="feature(cucumber.api.testng.CucumberFeatureWrapper)[pri:0, instance:emr.runner.EmrLoginTest@7b122839]" name="feature" duration-ms="1212" started-at="2020-04-09T02:39:17Z" description="Runs Cucumber Feature" data-provider="features" finished-at="2020-04-09T02:39:19Z">
          <params>
            <param index="0">
              <value>
                <![CDATA[Emrs Save Patient Record Feature]]>
              </value>
            </param>
          </params>
          <exception class="cucumber.runtime.CucumberException">
            <message>
              <![CDATA[org.openqa.selenium.SessionNotCreatedException: session not created: This version of ChromeDriver only supports Chrome version 78
Build info: version: '3.12.0', revision: '7c6e0b3', time: '2018-05-08T14:04:26.12Z'
System info: host: 'DESKTOP-RIUS5ET', ip: '192.168.1.228', os.name: 'Windows 10', os.arch: 'amd64', os.version: '10.0', java.version: '1.8.0_201'
Driver info: driver.version: SetupDriver
remote stacktrace: Backtrace:
	Ordinal0 [0x0099A903+1550595]
	Ordinal0 [0x0091A701+1025793]
	Ordinal0 [0x0089C6E5+509669]
	Ordinal0 [0x0082FC68+64616]
	Ordinal0 [0x0082C594+50580]
	Ordinal0 [0x0084ACE7+175335]
	Ordinal0 [0x0084A8ED+174317]
	Ordinal0 [0x00848CDB+167131]
	Ordinal0 [0x0083144A+70730]
	Ordinal0 [0x008324D0+74960]
	Ordinal0 [0x00832469+74857]
	Ordinal0 [0x009342C7+1131207]
	GetHandleVerifier [0x00A370FD+523789]
	GetHandleVerifier [0x00A36E90+523168]
	GetHandleVerifier [0x00A3E1E7+552695]
	GetHandleVerifier [0x00A378FA+525834]
	Ordinal0 [0x0092B7FC+1095676]
	Ordinal0 [0x0093633B+1139515]
	Ordinal0 [0x009364A3+1139875]
	Ordinal0 [0x00935425+1135653]
	BaseThreadInitThunk [0x75EE6359+25]
	RtlGetAppContainerNamedObjectPath [0x77BB7B74+228]
	RtlGetAppContainerNamedObjectPath [0x77BB7B44+180]
]]>
            </message>
            <full-stacktrace>
              <![CDATA[cucumber.runtime.CucumberException: org.openqa.selenium.SessionNotCreatedException: session not created: This version of ChromeDriver only supports Chrome version 78
Build info: version: '3.12.0', revision: '7c6e0b3', time: '2018-05-08T14:04:26.12Z'
System info: host: 'DESKTOP-RIUS5ET', ip: '192.168.1.228', os.name: 'Windows 10', os.arch: 'amd64', os.version: '10.0', java.version: '1.8.0_201'
Driver info: driver.version: SetupDriver
remote stacktrace: Backtrace:
	Ordinal0 [0x0099A903+1550595]
	Ordinal0 [0x0091A701+1025793]
	Ordinal0 [0x0089C6E5+509669]
	Ordinal0 [0x0082FC68+64616]
	Ordinal0 [0x0082C594+50580]
	Ordinal0 [0x0084ACE7+175335]
	Ordinal0 [0x0084A8ED+174317]
	Ordinal0 [0x00848CDB+167131]
	Ordinal0 [0x0083144A+70730]
	Ordinal0 [0x008324D0+74960]
	Ordinal0 [0x00832469+74857]
	Ordinal0 [0x009342C7+1131207]
	GetHandleVerifier [0x00A370FD+523789]
	GetHandleVerifier [0x00A36E90+523168]
	GetHandleVerifier [0x00A3E1E7+552695]
	GetHandleVerifier [0x00A378FA+525834]
	Ordinal0 [0x0092B7FC+1095676]
	Ordinal0 [0x0093633B+1139515]
	Ordinal0 [0x009364A3+1139875]
	Ordinal0 [0x00935425+1135653]
	BaseThreadInitThunk [0x75EE6359+25]
	RtlGetAppContainerNamedObjectPath [0x77BB7B74+228]
	RtlGetAppContainerNamedObjectPath [0x77BB7B44+180]

	at cucumber.api.testng.TestNGCucumberRunner.runCucumber(TestNGCucumberRunner.java:69)
	at cucumber.api.testng.AbstractTestNGCucumberTests.feature(AbstractTestNGCucumberTests.java:21)
	at sun.reflect.NativeMethodAccessorImpl.invoke0(Native Method)
	at sun.reflect.NativeMethodAccessorImpl.invoke(NativeMethodAccessorImpl.java:62)
	at sun.reflect.DelegatingMethodAccessorImpl.invoke(DelegatingMethodAccessorImpl.java:43)
	at java.lang.reflect.Method.invoke(Method.java:498)
	at org.testng.internal.MethodInvocationHelper.invokeMethod(MethodInvocationHelper.java:80)
	at org.testng.internal.Invoker.invokeMethod(Invoker.java:714)
	at org.testng.internal.Invoker.invokeTestMethod(Invoker.java:901)
	at org.testng.internal.Invoker.invokeTestMethods(Invoker.java:1231)
	at org.testng.internal.TestMethodWorker.invokeTestMethods(TestMethodWorker.java:127)
	at org.testng.internal.TestMethodWorker.run(TestMethodWorker.java:111)
	at org.testng.TestRunner.privateRun(TestRunner.java:767)
	at org.testng.TestRunner.run(TestRunner.java:617)
	at org.testng.SuiteRunner.runTest(SuiteRunner.java:334)
	at org.testng.SuiteRunner.runSequentially(SuiteRunner.java:329)
	at org.testng.SuiteRunner.privateRun(SuiteRunner.java:291)
	at org.testng.SuiteRunner.run(SuiteRunner.java:240)
	at org.testng.SuiteRunnerWorker.runSuite(SuiteRunnerWorker.java:52)
	at org.testng.SuiteRunnerWorker.run(SuiteRunnerWorker.java:86)
	at org.testng.TestNG.runSuitesSequentially(TestNG.java:1198)
	at org.testng.TestNG.runSuitesLocally(TestNG.java:1123)
	at org.testng.TestNG.run(TestNG.java:1031)
	at org.testng.remote.AbstractRemoteTestNG.run(AbstractRemoteTestNG.java:115)
	at org.testng.remote.RemoteTestNG.initAndRun(RemoteTestNG.java:251)
	at org.testng.remote.RemoteTestNG.main(RemoteTestNG.java:77)
Caused by: org.openqa.selenium.SessionNotCreatedException: session not created: This version of ChromeDriver only supports Chrome version 78
Build info: version: '3.12.0', revision: '7c6e0b3', time: '2018-05-08T14:04:26.12Z'
System info: host: 'DESKTOP-RIUS5ET', ip: '192.168.1.228', os.name: 'Windows 10', os.arch: 'amd64', os.version: '10.0', java.version: '1.8.0_201'
Driver info: driver.version: SetupDriver
remote stacktrace: Backtrace:
	Ordinal0 [0x0099A903+1550595]
	Ordinal0 [0x0091A701+1025793]
	Ordinal0 [0x0089C6E5+509669]
	Ordinal0 [0x0082FC68+64616]
	Ordinal0 [0x0082C594+50580]
	Ordinal0 [0x0084ACE7+175335]
	Ordinal0 [0x0084A8ED+174317]
	Ordinal0 [0x00848CDB+167131]
	Ordinal0 [0x0083144A+70730]
	Ordinal0 [0x008324D0+74960]
	Ordinal0 [0x00832469+74857]
	Ordinal0 [0x009342C7+1131207]
	GetHandleVerifier [0x00A370FD+523789]
	GetHandleVerifier [0x00A36E90+523168]
	GetHandleVerifier [0x00A3E1E7+552695]
	GetHandleVerifier [0x00A378FA+525834]
	Ordinal0 [0x0092B7FC+1095676]
	Ordinal0 [0x0093633B+1139515]
	Ordinal0 [0x009364A3+1139875]
	Ordinal0 [0x00935425+1135653]
	BaseThreadInitThunk [0x75EE6359+25]
	RtlGetAppContainerNamedObjectPath [0x77BB7B74+228]
	RtlGetAppContainerNamedObjectPath [0x77BB7B44+180]

	at sun.reflect.NativeConstructorAccessorImpl.newInstance0(Native Method)
	at sun.reflect.NativeConstructorAccessorImpl.newInstance(NativeConstructorAccessorImpl.java:62)
	at sun.reflect.DelegatingConstructorAccessorImpl.newInstance(DelegatingConstructorAccessorImpl.java:45)
	at java.lang.reflect.Constructor.newInstance(Constructor.java:423)
	at org.openqa.selenium.remote.W3CHandshakeResponse.lambda$new$0(W3CHandshakeResponse.java:57)
	at org.openqa.selenium.remote.W3CHandshakeResponse.lambda$getResponseFunction$2(W3CHandshakeResponse.java:104)
	at org.openqa.selenium.remote.ProtocolHandshake.lambda$createSession$0(ProtocolHandshake.java:123)
	at java.util.stream.ReferencePipeline$3$1.accept(ReferencePipeline.java:193)
	at java.util.Spliterators$ArraySpliterator.tryAdvance(Spliterators.java:958)
	at java.util.stream.ReferencePipeline.forEachWithCancel(ReferencePipeline.java:126)
	at java.util.stream.AbstractPipeline.copyIntoWithCancel(AbstractPipeline.java:498)
	at java.util.stream.AbstractPipeline.copyInto(AbstractPipeline.java:485)
	at java.util.stream.AbstractPipeline.wrapAndCopyInto(AbstractPipeline.java:471)
	at java.util.stream.FindOps$FindOp.evaluateSequential(FindOps.java:152)
	at java.util.stream.AbstractPipeline.evaluate(AbstractPipeline.java:234)
	at java.util.stream.ReferencePipeline.findFirst(ReferencePipeline.java:464)
	at org.openqa.selenium.remote.ProtocolHandshake.createSession(ProtocolHandshake.java:126)
	at org.openqa.selenium.remote.ProtocolHandshake.createSession(ProtocolHandshake.java:73)
	at org.openqa.selenium.remote.HttpCommandExecutor.execute(HttpCommandExecutor.java:136)
	at org.openqa.selenium.remote.service.DriverCommandExecutor.execute(DriverCommandExecutor.java:83)
	at org.openqa.selenium.remote.RemoteWebDriver.execute(RemoteWebDriver.java:543)
	at org.openqa.selenium.remote.RemoteWebDriver.startSession(RemoteWebDriver.java:207)
	at org.openqa.selenium.remote.RemoteWebDriver.<init>(RemoteWebDriver.java:130)
	at org.openqa.selenium.chrome.ChromeDriver.<init>(ChromeDriver.java:181)
	at org.openqa.selenium.chrome.ChromeDriver.<init>(ChromeDriver.java:168)
	at org.openqa.selenium.chrome.ChromeDriver.<init>(ChromeDriver.java:123)
	at emr.utilities.SetupDriver.getChromeDriver(SetupDriver.java:18)
	at emr.utilities.BeforeActions.setUp(BeforeActions.java:14)
	at sun.reflect.NativeMethodAccessorImpl.invoke0(Native Method)
	at sun.reflect.NativeMethodAccessorImpl.invoke(NativeMethodAccessorImpl.java:62)
	at sun.reflect.DelegatingMethodAccessorImpl.invoke(DelegatingMethodAccessorImpl.java:43)
	at java.lang.reflect.Method.invoke(Method.java:498)
	at cucumber.runtime.Utils$1.call(Utils.java:37)
	at cucumber.runtime.Timeout.timeout(Timeout.java:13)
	at cucumber.runtime.Utils.invoke(Utils.java:31)
	at cucumber.runtime.java.JavaHookDefinition.execute(JavaHookDefinition.java:60)
	at cucumber.runtime.Runtime.runHookIfTagsMatch(Runtime.java:223)
	at cucumber.runtime.Runtime.runHooks(Runtime.java:211)
	at cucumber.runtime.Runtime.runBeforeHooks(Runtime.java:201)
	at cucumber.runtime.model.CucumberScenario.run(CucumberScenario.java:40)
	at cucumber.runtime.model.CucumberFeature.run(CucumberFeature.java:165)
	at cucumber.api.testng.TestNGCucumberRunner.runCucumber(TestNGCucumberRunner.java:63)
	... 25 more
]]>
            </full-stacktrace>
          </exception> <!-- cucumber.runtime.CucumberException -->
          <reporter-output>
          </reporter-output>
        </test-method> <!-- feature -->
        <test-method status="FAIL" signature="feature(cucumber.api.testng.CucumberFeatureWrapper)[pri:0, instance:emr.runner.EmrLoginTest@7b122839]" name="feature" duration-ms="1163" started-at="2020-04-09T02:39:19Z" description="Runs Cucumber Feature" data-provider="features" finished-at="2020-04-09T02:39:20Z">
          <params>
            <param index="0">
              <value>
                <![CDATA[Emrs Patient Search  Feature]]>
              </value>
            </param>
          </params>
          <exception class="cucumber.runtime.CucumberException">
            <message>
              <![CDATA[org.openqa.selenium.SessionNotCreatedException: session not created: This version of ChromeDriver only supports Chrome version 78
Build info: version: '3.12.0', revision: '7c6e0b3', time: '2018-05-08T14:04:26.12Z'
System info: host: 'DESKTOP-RIUS5ET', ip: '192.168.1.228', os.name: 'Windows 10', os.arch: 'amd64', os.version: '10.0', java.version: '1.8.0_201'
Driver info: driver.version: SetupDriver
remote stacktrace: Backtrace:
	Ordinal0 [0x0099A903+1550595]
	Ordinal0 [0x0091A701+1025793]
	Ordinal0 [0x0089C6E5+509669]
	Ordinal0 [0x0082FC68+64616]
	Ordinal0 [0x0082C594+50580]
	Ordinal0 [0x0084ACE7+175335]
	Ordinal0 [0x0084A8ED+174317]
	Ordinal0 [0x00848CDB+167131]
	Ordinal0 [0x0083144A+70730]
	Ordinal0 [0x008324D0+74960]
	Ordinal0 [0x00832469+74857]
	Ordinal0 [0x009342C7+1131207]
	GetHandleVerifier [0x00A370FD+523789]
	GetHandleVerifier [0x00A36E90+523168]
	GetHandleVerifier [0x00A3E1E7+552695]
	GetHandleVerifier [0x00A378FA+525834]
	Ordinal0 [0x0092B7FC+1095676]
	Ordinal0 [0x0093633B+1139515]
	Ordinal0 [0x009364A3+1139875]
	Ordinal0 [0x00935425+1135653]
	BaseThreadInitThunk [0x75EE6359+25]
	RtlGetAppContainerNamedObjectPath [0x77BB7B74+228]
	RtlGetAppContainerNamedObjectPath [0x77BB7B44+180]
]]>
            </message>
            <full-stacktrace>
              <![CDATA[cucumber.runtime.CucumberException: org.openqa.selenium.SessionNotCreatedException: session not created: This version of ChromeDriver only supports Chrome version 78
Build info: version: '3.12.0', revision: '7c6e0b3', time: '2018-05-08T14:04:26.12Z'
System info: host: 'DESKTOP-RIUS5ET', ip: '192.168.1.228', os.name: 'Windows 10', os.arch: 'amd64', os.version: '10.0', java.version: '1.8.0_201'
Driver info: driver.version: SetupDriver
remote stacktrace: Backtrace:
	Ordinal0 [0x0099A903+1550595]
	Ordinal0 [0x0091A701+1025793]
	Ordinal0 [0x0089C6E5+509669]
	Ordinal0 [0x0082FC68+64616]
	Ordinal0 [0x0082C594+50580]
	Ordinal0 [0x0084ACE7+175335]
	Ordinal0 [0x0084A8ED+174317]
	Ordinal0 [0x00848CDB+167131]
	Ordinal0 [0x0083144A+70730]
	Ordinal0 [0x008324D0+74960]
	Ordinal0 [0x00832469+74857]
	Ordinal0 [0x009342C7+1131207]
	GetHandleVerifier [0x00A370FD+523789]
	GetHandleVerifier [0x00A36E90+523168]
	GetHandleVerifier [0x00A3E1E7+552695]
	GetHandleVerifier [0x00A378FA+525834]
	Ordinal0 [0x0092B7FC+1095676]
	Ordinal0 [0x0093633B+1139515]
	Ordinal0 [0x009364A3+1139875]
	Ordinal0 [0x00935425+1135653]
	BaseThreadInitThunk [0x75EE6359+25]
	RtlGetAppContainerNamedObjectPath [0x77BB7B74+228]
	RtlGetAppContainerNamedObjectPath [0x77BB7B44+180]

	at cucumber.api.testng.TestNGCucumberRunner.runCucumber(TestNGCucumberRunner.java:69)
	at cucumber.api.testng.AbstractTestNGCucumberTests.feature(AbstractTestNGCucumberTests.java:21)
	at sun.reflect.NativeMethodAccessorImpl.invoke0(Native Method)
	at sun.reflect.NativeMethodAccessorImpl.invoke(NativeMethodAccessorImpl.java:62)
	at sun.reflect.DelegatingMethodAccessorImpl.invoke(DelegatingMethodAccessorImpl.java:43)
	at java.lang.reflect.Method.invoke(Method.java:498)
	at org.testng.internal.MethodInvocationHelper.invokeMethod(MethodInvocationHelper.java:80)
	at org.testng.internal.Invoker.invokeMethod(Invoker.java:714)
	at org.testng.internal.Invoker.invokeTestMethod(Invoker.java:901)
	at org.testng.internal.Invoker.invokeTestMethods(Invoker.java:1231)
	at org.testng.internal.TestMethodWorker.invokeTestMethods(TestMethodWorker.java:127)
	at org.testng.internal.TestMethodWorker.run(TestMethodWorker.java:111)
	at org.testng.TestRunner.privateRun(TestRunner.java:767)
	at org.testng.TestRunner.run(TestRunner.java:617)
	at org.testng.SuiteRunner.runTest(SuiteRunner.java:334)
	at org.testng.SuiteRunner.runSequentially(SuiteRunner.java:329)
	at org.testng.SuiteRunner.privateRun(SuiteRunner.java:291)
	at org.testng.SuiteRunner.run(SuiteRunner.java:240)
	at org.testng.SuiteRunnerWorker.runSuite(SuiteRunnerWorker.java:52)
	at org.testng.SuiteRunnerWorker.run(SuiteRunnerWorker.java:86)
	at org.testng.TestNG.runSuitesSequentially(TestNG.java:1198)
	at org.testng.TestNG.runSuitesLocally(TestNG.java:1123)
	at org.testng.TestNG.run(TestNG.java:1031)
	at org.testng.remote.AbstractRemoteTestNG.run(AbstractRemoteTestNG.java:115)
	at org.testng.remote.RemoteTestNG.initAndRun(RemoteTestNG.java:251)
	at org.testng.remote.RemoteTestNG.main(RemoteTestNG.java:77)
Caused by: org.openqa.selenium.SessionNotCreatedException: session not created: This version of ChromeDriver only supports Chrome version 78
Build info: version: '3.12.0', revision: '7c6e0b3', time: '2018-05-08T14:04:26.12Z'
System info: host: 'DESKTOP-RIUS5ET', ip: '192.168.1.228', os.name: 'Windows 10', os.arch: 'amd64', os.version: '10.0', java.version: '1.8.0_201'
Driver info: driver.version: SetupDriver
remote stacktrace: Backtrace:
	Ordinal0 [0x0099A903+1550595]
	Ordinal0 [0x0091A701+1025793]
	Ordinal0 [0x0089C6E5+509669]
	Ordinal0 [0x0082FC68+64616]
	Ordinal0 [0x0082C594+50580]
	Ordinal0 [0x0084ACE7+175335]
	Ordinal0 [0x0084A8ED+174317]
	Ordinal0 [0x00848CDB+167131]
	Ordinal0 [0x0083144A+70730]
	Ordinal0 [0x008324D0+74960]
	Ordinal0 [0x00832469+74857]
	Ordinal0 [0x009342C7+1131207]
	GetHandleVerifier [0x00A370FD+523789]
	GetHandleVerifier [0x00A36E90+523168]
	GetHandleVerifier [0x00A3E1E7+552695]
	GetHandleVerifier [0x00A378FA+525834]
	Ordinal0 [0x0092B7FC+1095676]
	Ordinal0 [0x0093633B+1139515]
	Ordinal0 [0x009364A3+1139875]
	Ordinal0 [0x00935425+1135653]
	BaseThreadInitThunk [0x75EE6359+25]
	RtlGetAppContainerNamedObjectPath [0x77BB7B74+228]
	RtlGetAppContainerNamedObjectPath [0x77BB7B44+180]

	at sun.reflect.NativeConstructorAccessorImpl.newInstance0(Native Method)
	at sun.reflect.NativeConstructorAccessorImpl.newInstance(NativeConstructorAccessorImpl.java:62)
	at sun.reflect.DelegatingConstructorAccessorImpl.newInstance(DelegatingConstructorAccessorImpl.java:45)
	at java.lang.reflect.Constructor.newInstance(Constructor.java:423)
	at org.openqa.selenium.remote.W3CHandshakeResponse.lambda$new$0(W3CHandshakeResponse.java:57)
	at org.openqa.selenium.remote.W3CHandshakeResponse.lambda$getResponseFunction$2(W3CHandshakeResponse.java:104)
	at org.openqa.selenium.remote.ProtocolHandshake.lambda$createSession$0(ProtocolHandshake.java:123)
	at java.util.stream.ReferencePipeline$3$1.accept(ReferencePipeline.java:193)
	at java.util.Spliterators$ArraySpliterator.tryAdvance(Spliterators.java:958)
	at java.util.stream.ReferencePipeline.forEachWithCancel(ReferencePipeline.java:126)
	at java.util.stream.AbstractPipeline.copyIntoWithCancel(AbstractPipeline.java:498)
	at java.util.stream.AbstractPipeline.copyInto(AbstractPipeline.java:485)
	at java.util.stream.AbstractPipeline.wrapAndCopyInto(AbstractPipeline.java:471)
	at java.util.stream.FindOps$FindOp.evaluateSequential(FindOps.java:152)
	at java.util.stream.AbstractPipeline.evaluate(AbstractPipeline.java:234)
	at java.util.stream.ReferencePipeline.findFirst(ReferencePipeline.java:464)
	at org.openqa.selenium.remote.ProtocolHandshake.createSession(ProtocolHandshake.java:126)
	at org.openqa.selenium.remote.ProtocolHandshake.createSession(ProtocolHandshake.java:73)
	at org.openqa.selenium.remote.HttpCommandExecutor.execute(HttpCommandExecutor.java:136)
	at org.openqa.selenium.remote.service.DriverCommandExecutor.execute(DriverCommandExecutor.java:83)
	at org.openqa.selenium.remote.RemoteWebDriver.execute(RemoteWebDriver.java:543)
	at org.openqa.selenium.remote.RemoteWebDriver.startSession(RemoteWebDriver.java:207)
	at org.openqa.selenium.remote.RemoteWebDriver.<init>(RemoteWebDriver.java:130)
	at org.openqa.selenium.chrome.ChromeDriver.<init>(ChromeDriver.java:181)
	at org.openqa.selenium.chrome.ChromeDriver.<init>(ChromeDriver.java:168)
	at org.openqa.selenium.chrome.ChromeDriver.<init>(ChromeDriver.java:123)
	at emr.utilities.SetupDriver.getChromeDriver(SetupDriver.java:18)
	at emr.utilities.BeforeActions.setUp(BeforeActions.java:14)
	at sun.reflect.NativeMethodAccessorImpl.invoke0(Native Method)
	at sun.reflect.NativeMethodAccessorImpl.invoke(NativeMethodAccessorImpl.java:62)
	at sun.reflect.DelegatingMethodAccessorImpl.invoke(DelegatingMethodAccessorImpl.java:43)
	at java.lang.reflect.Method.invoke(Method.java:498)
	at cucumber.runtime.Utils$1.call(Utils.java:37)
	at cucumber.runtime.Timeout.timeout(Timeout.java:13)
	at cucumber.runtime.Utils.invoke(Utils.java:31)
	at cucumber.runtime.java.JavaHookDefinition.execute(JavaHookDefinition.java:60)
	at cucumber.runtime.Runtime.runHookIfTagsMatch(Runtime.java:223)
	at cucumber.runtime.Runtime.runHooks(Runtime.java:211)
	at cucumber.runtime.Runtime.runBeforeHooks(Runtime.java:201)
	at cucumber.runtime.model.CucumberScenario.run(CucumberScenario.java:40)
	at cucumber.runtime.model.CucumberFeature.run(CucumberFeature.java:165)
	at cucumber.api.testng.TestNGCucumberRunner.runCucumber(TestNGCucumberRunner.java:63)
	... 25 more
]]>
            </full-stacktrace>
          </exception> <!-- cucumber.runtime.CucumberException -->
          <reporter-output>
          </reporter-output>
        </test-method> <!-- feature -->
        <test-method status="PASS" signature="writeExtentReport()[pri:0, instance:emr.runner.EmrLoginTest@7b122839]" name="writeExtentReport" is-config="true" duration-ms="18" started-at="2020-04-09T02:39:20Z" finished-at="2020-04-09T02:39:20Z">
          <reporter-output>
          </reporter-output>
        </test-method> <!-- writeExtentReport -->
        <test-method status="PASS" signature="tearDownClass()[pri:0, instance:emr.runner.EmrLoginTest@7b122839]" name="tearDownClass" is-config="true" duration-ms="332" started-at="2020-04-09T02:39:20Z" finished-at="2020-04-09T02:39:20Z">
          <reporter-output>
          </reporter-output>
        </test-method> <!-- tearDownClass -->
      </class> <!-- emr.runner.EmrLoginTest -->
    </test> <!-- Default test -->
  </suite> <!-- Default suite -->
</testng-results>
